<?xml version="1.0" encoding="UTF-8"?>
<coverage generated="1763661661924" clover="3.2.0">
  <project timestamp="1763661661924" name="All files">
    <metrics statements="1681" coveredstatements="1197" conditionals="1326" coveredconditionals="837" methods="269" coveredmethods="191" elements="3276" coveredelements="2225" complexity="0" loc="1681" ncloc="1681" packages="8" files="17" classes="17"/>
    <package name="src">
      <metrics statements="723" coveredstatements="506" conditionals="686" coveredconditionals="398" methods="137" coveredmethods="103"/>
      <file name="astScanner.js" path="/Users/aniajaca/Library/Mobile Documents/com~apple~CloudDocs/Neperia/semgrep-backend/src/astScanner.js">
        <metrics statements="77" coveredstatements="59" conditionals="64" coveredconditionals="26" methods="13" coveredmethods="13"/>
        <line num="3" count="1" type="stmt"/>
        <line num="4" count="1" type="stmt"/>
        <line num="9" count="5" type="stmt"/>
        <line num="121" count="5" type="stmt"/>
        <line num="128" count="5" type="stmt"/>
        <line num="129" count="5" type="stmt"/>
        <line num="131" count="5" type="cond" truecount="3" falsecount="1"/>
        <line num="132" count="0" type="stmt"/>
        <line num="136" count="5" type="cond" truecount="1" falsecount="1"/>
        <line num="139" count="5" type="stmt"/>
        <line num="142" count="5" type="stmt"/>
        <line num="145" count="5" type="stmt"/>
        <line num="146" count="70" type="stmt"/>
        <line num="148" count="320" type="stmt"/>
        <line num="151" count="320" type="stmt"/>
        <line num="153" count="3" type="stmt"/>
        <line num="154" count="3" type="stmt"/>
        <line num="155" count="3" type="stmt"/>
        <line num="157" count="3" type="stmt"/>
        <line num="158" count="3" type="stmt"/>
        <line num="159" count="3" type="cond" truecount="1" falsecount="1"/>
        <line num="160" count="3" type="stmt"/>
        <line num="161" count="3" type="stmt"/>
        <line num="166" count="3" type="stmt"/>
        <line num="169" count="3" type="stmt"/>
        <line num="178" count="3" type="stmt"/>
        <line num="184" count="5" type="stmt"/>
        <line num="187" count="5" type="stmt"/>
        <line num="194" count="5" type="stmt"/>
        <line num="195" count="5" type="stmt"/>
        <line num="202" count="5" type="stmt"/>
        <line num="203" count="5" type="stmt"/>
        <line num="204" count="20" type="stmt"/>
        <line num="205" count="20" type="stmt"/>
        <line num="206" count="20" type="cond" truecount="1" falsecount="1"/>
        <line num="207" count="0" type="cond" truecount="0" falsecount="3"/>
        <line num="208" count="0" type="stmt"/>
        <line num="213" count="5" type="stmt"/>
        <line num="220" count="3" type="stmt"/>
        <line num="221" count="3" type="stmt"/>
        <line num="223" count="3" type="stmt"/>
        <line num="224" count="0" type="cond" truecount="0" falsecount="4"/>
        <line num="225" count="0" type="stmt"/>
        <line num="226" count="0" type="stmt"/>
        <line num="230" count="3" type="stmt"/>
        <line num="238" count="3" type="stmt"/>
        <line num="241" count="3" type="cond" truecount="1" falsecount="1"/>
        <line num="242" count="3" type="cond" truecount="1" falsecount="1"/>
        <line num="243" count="3" type="cond" truecount="1" falsecount="1"/>
        <line num="246" count="3" type="stmt"/>
        <line num="248" count="3" type="stmt"/>
        <line num="276" count="5" type="cond" truecount="1" falsecount="1"/>
        <line num="278" count="5" type="cond" truecount="3" falsecount="1"/>
        <line num="279" count="0" type="cond" truecount="0" falsecount="5"/>
        <line num="280" count="0" type="stmt"/>
        <line num="298" count="5" type="cond" truecount="2" falsecount="2"/>
        <line num="299" count="0" type="stmt"/>
        <line num="316" count="5" type="cond" truecount="2" falsecount="3"/>
        <line num="317" count="0" type="stmt"/>
        <line num="334" count="5" type="cond" truecount="1" falsecount="1"/>
        <line num="335" count="0" type="stmt"/>
        <line num="357" count="5" type="stmt"/>
        <line num="359" count="5" type="stmt"/>
        <line num="360" count="3" type="stmt"/>
        <line num="362" count="3" type="cond" truecount="1" falsecount="1"/>
        <line num="363" count="3" type="stmt"/>
        <line num="369" count="0" type="stmt"/>
        <line num="370" count="0" type="stmt"/>
        <line num="371" count="0" type="stmt"/>
        <line num="374" count="0" type="cond" truecount="0" falsecount="2"/>
        <line num="375" count="0" type="stmt"/>
        <line num="376" count="0" type="stmt"/>
        <line num="378" count="0" type="stmt"/>
        <line num="383" count="5" type="stmt"/>
        <line num="390" count="3" type="stmt"/>
        <line num="398" count="3" type="cond" truecount="1" falsecount="1"/>
        <line num="402" count="1" type="stmt"/>
      </file>
      <file name="customEnvironmentalFactors.js" path="/Users/aniajaca/Library/Mobile Documents/com~apple~CloudDocs/Neperia/semgrep-backend/src/customEnvironmentalFactors.js">
        <metrics statements="84" coveredstatements="52" conditionals="84" coveredconditionals="42" methods="18" coveredmethods="12"/>
        <line num="16" count="53" type="stmt"/>
        <line num="158" count="53" type="stmt"/>
        <line num="191" count="19" type="cond" truecount="1" falsecount="1"/>
        <line num="198" count="21" type="stmt"/>
        <line num="205" count="19" type="stmt"/>
        <line num="213" count="19" type="stmt"/>
        <line num="214" count="29" type="cond" truecount="2" falsecount="0"/>
        <line num="216" count="11" type="stmt"/>
        <line num="217" count="11" type="cond" truecount="1" falsecount="1"/>
        <line num="220" count="11" type="cond" truecount="5" falsecount="0"/>
        <line num="221" count="6" type="stmt"/>
        <line num="222" count="6" type="cond" truecount="2" falsecount="0"/>
        <line num="223" count="1" type="stmt"/>
        <line num="228" count="10" type="cond" truecount="1" falsecount="1"/>
        <line num="229" count="0" type="cond" truecount="0" falsecount="2"/>
        <line num="230" count="0" type="stmt"/>
        <line num="231" count="0" type="stmt"/>
        <line num="236" count="10" type="cond" truecount="1" falsecount="1"/>
        <line num="237" count="10" type="cond" truecount="2" falsecount="0"/>
        <line num="238" count="10" type="stmt"/>
        <line num="239" count="10" type="stmt"/>
        <line num="246" count="10" type="stmt"/>
        <line num="255" count="19" type="stmt"/>
        <line num="262" count="6" type="cond" truecount="1" falsecount="1"/>
        <line num="264" count="6" type="stmt"/>
        <line num="267" count="6" type="cond" truecount="2" falsecount="0"/>
        <line num="268" count="2" type="cond" truecount="1" falsecount="1"/>
        <line num="269" count="0" type="cond" truecount="0" falsecount="2"/>
        <line num="270" count="0" type="cond" truecount="0" falsecount="2"/>
        <line num="271" count="0" type="cond" truecount="0" falsecount="2"/>
        <line num="272" count="0" type="cond" truecount="0" falsecount="2"/>
        <line num="273" count="0" type="cond" truecount="0" falsecount="2"/>
        <line num="275" count="0" type="stmt"/>
        <line num="282" count="0" type="stmt"/>
        <line num="289" count="0" type="stmt"/>
        <line num="290" count="0" type="cond" truecount="0" falsecount="2"/>
        <line num="292" count="0" type="stmt"/>
        <line num="293" count="0" type="stmt"/>
        <line num="294" count="0" type="stmt"/>
        <line num="297" count="0" type="stmt"/>
        <line num="304" count="0" type="cond" truecount="0" falsecount="4"/>
        <line num="305" count="0" type="stmt"/>
        <line num="308" count="0" type="stmt"/>
        <line num="309" count="0" type="stmt"/>
        <line num="310" count="0" type="cond" truecount="0" falsecount="2"/>
        <line num="311" count="0" type="stmt"/>
        <line num="313" count="0" type="stmt"/>
        <line num="316" count="0" type="stmt"/>
        <line num="317" count="0" type="stmt"/>
        <line num="318" count="0" type="stmt"/>
        <line num="319" count="0" type="stmt"/>
        <line num="322" count="0" type="stmt"/>
        <line num="329" count="4" type="stmt"/>
        <line num="340" count="4" type="cond" truecount="2" falsecount="0"/>
        <line num="347" count="5" type="stmt"/>
        <line num="348" count="5" type="stmt"/>
        <line num="350" count="5" type="stmt"/>
        <line num="351" count="6" type="stmt"/>
        <line num="353" count="6" type="cond" truecount="2" falsecount="0"/>
        <line num="354" count="1" type="stmt"/>
        <line num="355" count="1" type="stmt"/>
        <line num="358" count="5" type="cond" truecount="3" falsecount="1"/>
        <line num="360" count="5" type="cond" truecount="4" falsecount="0"/>
        <line num="361" count="2" type="stmt"/>
        <line num="364" count="3" type="cond" truecount="4" falsecount="0"/>
        <line num="365" count="1" type="stmt"/>
        <line num="369" count="5" type="cond" truecount="2" falsecount="2"/>
        <line num="371" count="0" type="cond" truecount="0" falsecount="4"/>
        <line num="372" count="0" type="stmt"/>
        <line num="375" count="0" type="cond" truecount="0" falsecount="4"/>
        <line num="376" count="0" type="stmt"/>
        <line num="381" count="5" type="stmt"/>
        <line num="388" count="3" type="stmt"/>
        <line num="400" count="3" type="cond" truecount="2" falsecount="0"/>
        <line num="401" count="1" type="stmt"/>
        <line num="404" count="2" type="stmt"/>
        <line num="405" count="2" type="cond" truecount="2" falsecount="0"/>
        <line num="406" count="1" type="stmt"/>
        <line num="409" count="2" type="stmt"/>
        <line num="416" count="7" type="stmt"/>
        <line num="417" count="7" type="stmt"/>
        <line num="418" count="7" type="stmt"/>
        <line num="423" count="7" type="stmt"/>
        <line num="424" count="7" type="stmt"/>
      </file>
      <file name="dependencyScanner.js" path="/Users/aniajaca/Library/Mobile Documents/com~apple~CloudDocs/Neperia/semgrep-backend/src/dependencyScanner.js">
        <metrics statements="163" coveredstatements="118" conditionals="151" coveredconditionals="73" methods="28" coveredmethods="24"/>
        <line num="2" count="1" type="stmt"/>
        <line num="7" count="5" type="stmt"/>
        <line num="120" count="5" type="stmt"/>
        <line num="151" count="8" type="cond" truecount="1" falsecount="1"/>
        <line num="159" count="5" type="cond" truecount="4" falsecount="0"/>
        <line num="160" count="2" type="stmt"/>
        <line num="161" count="2" type="stmt"/>
        <line num="178" count="3" type="cond" truecount="2" falsecount="0"/>
        <line num="180" count="3" type="stmt"/>
        <line num="186" count="3" type="cond" truecount="2" falsecount="0"/>
        <line num="187" count="2" type="stmt"/>
        <line num="204" count="1" type="stmt"/>
        <line num="205" count="1" type="stmt"/>
        <line num="208" count="1" type="stmt"/>
        <line num="209" count="1" type="stmt"/>
        <line num="211" count="1" type="stmt"/>
        <line num="212" count="2" type="stmt"/>
        <line num="215" count="2" type="cond" truecount="5" falsecount="1"/>
        <line num="216" count="0" type="stmt"/>
        <line num="217" count="0" type="stmt"/>
        <line num="233" count="0" type="stmt"/>
        <line num="237" count="2" type="stmt"/>
        <line num="240" count="2" type="cond" truecount="1" falsecount="1"/>
        <line num="241" count="0" type="stmt"/>
        <line num="246" count="0" type="stmt"/>
        <line num="250" count="2" type="stmt"/>
        <line num="251" count="2" type="cond" truecount="1" falsecount="1"/>
        <line num="252" count="2" type="cond" truecount="1" falsecount="1"/>
        <line num="253" count="2" type="stmt"/>
        <line num="269" count="2" type="cond" truecount="1" falsecount="1"/>
        <line num="270" count="0" type="stmt"/>
        <line num="279" count="1" type="stmt"/>
        <line num="282" count="1" type="stmt"/>
        <line num="285" count="1" type="stmt"/>
        <line num="287" count="1" type="stmt"/>
        <line num="306" count="2" type="stmt"/>
        <line num="307" count="2" type="stmt"/>
        <line num="309" count="0" type="stmt"/>
        <line num="317" count="2" type="stmt"/>
        <line num="324" count="2" type="cond" truecount="2" falsecount="0"/>
        <line num="331" count="0" type="stmt"/>
        <line num="338" count="0" type="cond" truecount="0" falsecount="2"/>
        <line num="345" count="1" type="stmt"/>
        <line num="346" count="1" type="stmt"/>
        <line num="378" count="1" type="cond" truecount="1" falsecount="1"/>
        <line num="379" count="1" type="cond" truecount="1" falsecount="1"/>
        <line num="380" count="1" type="stmt"/>
        <line num="388" count="1" type="cond" truecount="1" falsecount="1"/>
        <line num="389" count="1" type="stmt"/>
        <line num="399" count="1" type="cond" truecount="1" falsecount="1"/>
        <line num="400" count="0" type="stmt"/>
        <line num="408" count="1" type="stmt"/>
        <line num="415" count="2" type="cond" truecount="1" falsecount="1"/>
        <line num="422" count="1" type="stmt"/>
        <line num="424" count="1" type="stmt"/>
        <line num="426" count="2" type="cond" truecount="5" falsecount="1"/>
        <line num="427" count="0" type="stmt"/>
        <line num="430" count="2" type="stmt"/>
        <line num="431" count="2" type="stmt"/>
        <line num="433" count="2" type="cond" truecount="3" falsecount="1"/>
        <line num="434" count="2" type="stmt"/>
        <line num="435" count="2" type="cond" truecount="1" falsecount="1"/>
        <line num="436" count="2" type="stmt"/>
        <line num="437" count="2" type="stmt"/>
        <line num="438" count="2" type="stmt"/>
        <line num="440" count="2" type="stmt"/>
        <line num="455" count="0" type="stmt"/>
        <line num="460" count="1" type="stmt"/>
        <line num="462" count="1" type="stmt"/>
        <line num="463" count="1" type="stmt"/>
        <line num="471" count="4" type="cond" truecount="1" falsecount="1"/>
        <line num="474" count="4" type="cond" truecount="3" falsecount="1"/>
        <line num="475" count="0" type="stmt"/>
        <line num="479" count="4" type="stmt"/>
        <line num="484" count="4" type="cond" truecount="1" falsecount="1"/>
        <line num="485" count="0" type="stmt"/>
        <line num="488" count="4" type="cond" truecount="1" falsecount="1"/>
        <line num="489" count="0" type="stmt"/>
        <line num="493" count="4" type="stmt"/>
        <line num="496" count="4" type="cond" truecount="1" falsecount="1"/>
        <line num="498" count="0" type="stmt"/>
        <line num="499" count="0" type="cond" truecount="0" falsecount="2"/>
        <line num="500" count="0" type="stmt"/>
        <line num="502" count="0" type="stmt"/>
        <line num="505" count="4" type="stmt"/>
        <line num="512" count="2" type="stmt"/>
        <line num="513" count="2" type="stmt"/>
        <line num="536" count="2" type="cond" truecount="1" falsecount="1"/>
        <line num="543" count="1" type="stmt"/>
        <line num="544" count="1" type="stmt"/>
        <line num="545" count="2" type="cond" truecount="1" falsecount="1"/>
        <line num="546" count="2" type="cond" truecount="1" falsecount="1"/>
        <line num="547" count="0" type="stmt"/>
        <line num="549" count="2" type="stmt"/>
        <line num="550" count="2" type="stmt"/>
        <line num="558" count="1" type="stmt"/>
        <line num="566" count="1" type="stmt"/>
        <line num="567" count="2" type="stmt"/>
        <line num="568" count="2" type="stmt"/>
        <line num="572" count="1" type="stmt"/>
        <line num="574" count="1" type="stmt"/>
        <line num="592" count="1" type="stmt"/>
        <line num="594" count="1" type="cond" truecount="1" falsecount="1"/>
        <line num="595" count="0" type="stmt"/>
        <line num="602" count="1" type="cond" truecount="1" falsecount="1"/>
        <line num="603" count="1" type="stmt"/>
        <line num="610" count="1" type="cond" truecount="1" falsecount="1"/>
        <line num="611" count="0" type="stmt"/>
        <line num="618" count="1" type="cond" truecount="1" falsecount="1"/>
        <line num="619" count="0" type="stmt"/>
        <line num="626" count="1" type="cond" truecount="1" falsecount="1"/>
        <line num="627" count="0" type="stmt"/>
        <line num="634" count="1" type="cond" truecount="1" falsecount="1"/>
        <line num="635" count="0" type="stmt"/>
        <line num="642" count="1" type="stmt"/>
        <line num="649" count="1" type="stmt"/>
        <line num="652" count="1" type="stmt"/>
        <line num="653" count="1" type="stmt"/>
        <line num="654" count="2" type="cond" truecount="1" falsecount="1"/>
        <line num="655" count="2" type="stmt"/>
        <line num="657" count="2" type="stmt"/>
        <line num="661" count="1" type="stmt"/>
        <line num="662" count="2" type="stmt"/>
        <line num="663" count="2" type="cond" truecount="1" falsecount="1"/>
        <line num="667" count="2" type="stmt"/>
        <line num="668" count="2" type="cond" truecount="1" falsecount="1"/>
        <line num="669" count="2" type="stmt"/>
        <line num="680" count="1" type="stmt"/>
        <line num="681" count="2" type="stmt"/>
        <line num="684" count="0" type="stmt"/>
        <line num="693" count="1" type="stmt"/>
        <line num="700" count="0" type="stmt"/>
        <line num="702" count="0" type="cond" truecount="0" falsecount="2"/>
        <line num="703" count="0" type="stmt"/>
        <line num="704" count="0" type="stmt"/>
        <line num="705" count="0" type="cond" truecount="0" falsecount="3"/>
        <line num="707" count="0" type="stmt"/>
        <line num="709" count="0" type="cond" truecount="0" falsecount="6"/>
        <line num="710" count="0" type="stmt"/>
        <line num="713" count="0" type="stmt"/>
        <line num="714" count="0" type="cond" truecount="0" falsecount="4"/>
        <line num="715" count="0" type="stmt"/>
        <line num="716" count="0" type="cond" truecount="0" falsecount="4"/>
        <line num="717" count="0" type="stmt"/>
        <line num="731" count="0" type="stmt"/>
        <line num="732" count="0" type="stmt"/>
        <line num="744" count="0" type="stmt"/>
        <line num="751" count="0" type="stmt"/>
        <line num="759" count="1" type="stmt"/>
        <line num="767" count="1" type="stmt"/>
        <line num="768" count="1" type="stmt"/>
        <line num="775" count="1" type="stmt"/>
        <line num="777" count="2" type="cond" truecount="1" falsecount="1"/>
        <line num="778" count="2" type="cond" truecount="1" falsecount="1"/>
        <line num="780" count="2" type="cond" truecount="3" falsecount="1"/>
        <line num="781" count="2" type="stmt"/>
        <line num="787" count="1" type="cond" truecount="1" falsecount="1"/>
        <line num="788" count="1" type="cond" truecount="1" falsecount="1"/>
        <line num="789" count="1" type="cond" truecount="1" falsecount="1"/>
        <line num="790" count="0" type="cond" truecount="0" falsecount="2"/>
        <line num="791" count="0" type="stmt"/>
        <line num="793" count="1" type="stmt"/>
        <line num="807" count="1" type="stmt"/>
      </file>
      <file name="enhancedRiskCalculator.js" path="/Users/aniajaca/Library/Mobile Documents/com~apple~CloudDocs/Neperia/semgrep-backend/src/enhancedRiskCalculator.js">
        <metrics statements="228" coveredstatements="190" conditionals="238" coveredconditionals="174" methods="49" coveredmethods="39"/>
        <line num="2" count="6" type="stmt"/>
        <line num="3" count="6" type="stmt"/>
        <line num="4" count="6" type="stmt"/>
        <line num="8" count="0" type="cond" truecount="0" falsecount="2"/>
        <line num="9" count="0" type="stmt"/>
        <line num="15" count="21" type="stmt"/>
        <line num="18" count="21" type="stmt"/>
        <line num="41" count="0" type="stmt"/>
        <line num="42" count="0" type="stmt"/>
        <line num="62" count="21" type="stmt"/>
        <line num="65" count="21" type="stmt"/>
        <line num="117" count="21" type="stmt"/>
        <line num="123" count="21" type="stmt"/>
        <line num="126" count="21" type="stmt"/>
        <line num="127" count="21" type="stmt"/>
        <line num="136" count="0" type="stmt"/>
        <line num="137" count="0" type="cond" truecount="0" falsecount="2"/>
        <line num="138" count="0" type="cond" truecount="0" falsecount="2"/>
        <line num="139" count="0" type="cond" truecount="0" falsecount="2"/>
        <line num="140" count="0" type="cond" truecount="0" falsecount="2"/>
        <line num="141" count="0" type="cond" truecount="0" falsecount="2"/>
        <line num="143" count="0" type="stmt"/>
        <line num="150" count="44" type="cond" truecount="1" falsecount="1"/>
        <line num="152" count="44" type="stmt"/>
        <line num="153" count="44" type="stmt"/>
        <line num="156" count="44" type="stmt"/>
        <line num="166" count="44" type="cond" truecount="2" falsecount="0"/>
        <line num="167" count="44" type="cond" truecount="1" falsecount="1"/>
        <line num="174" count="42" type="cond" truecount="4" falsecount="0"/>
        <line num="175" count="26" type="cond" truecount="4" falsecount="0"/>
        <line num="177" count="8" type="cond" truecount="1" falsecount="1"/>
        <line num="178" count="0" type="stmt"/>
        <line num="179" count="0" type="cond" truecount="0" falsecount="3"/>
        <line num="182" count="8" type="stmt"/>
        <line num="186" count="16" type="cond" truecount="1" falsecount="1"/>
        <line num="187" count="16" type="stmt"/>
        <line num="194" count="3" type="stmt"/>
        <line num="195" count="3" type="stmt"/>
        <line num="198" count="3" type="stmt"/>
        <line num="199" count="15" type="cond" truecount="3" falsecount="1"/>
        <line num="203" count="15" type="stmt"/>
        <line num="206" count="3" type="cond" truecount="2" falsecount="0"/>
        <line num="207" count="1" type="stmt"/>
        <line num="220" count="2" type="stmt"/>
        <line num="221" count="2" type="cond" truecount="1" falsecount="1"/>
        <line num="222" count="2" type="stmt"/>
        <line num="227" count="2" type="stmt"/>
        <line num="228" count="2" type="stmt"/>
        <line num="229" count="2" type="stmt"/>
        <line num="233" count="2" type="cond" truecount="1" falsecount="1"/>
        <line num="235" count="2" type="stmt"/>
        <line num="236" count="0" type="cond" truecount="0" falsecount="2"/>
        <line num="238" count="0" type="stmt"/>
        <line num="239" count="0" type="stmt"/>
        <line num="240" count="0" type="stmt"/>
        <line num="243" count="0" type="stmt"/>
        <line num="244" count="0" type="stmt"/>
        <line num="245" count="0" type="stmt"/>
        <line num="249" count="2" type="stmt"/>
        <line num="251" count="2" type="stmt"/>
        <line num="266" count="3" type="cond" truecount="1" falsecount="1"/>
        <line num="267" count="0" type="stmt"/>
        <line num="271" count="3" type="cond" truecount="1" falsecount="1"/>
        <line num="273" count="2" type="cond" truecount="5" falsecount="1"/>
        <line num="274" count="2" type="cond" truecount="5" falsecount="1"/>
        <line num="275" count="2" type="stmt"/>
        <line num="279" count="3" type="stmt"/>
        <line num="280" count="3" type="stmt"/>
        <line num="281" count="3" type="stmt"/>
        <line num="288" count="3" type="cond" truecount="1" falsecount="1"/>
        <line num="290" count="3" type="stmt"/>
        <line num="291" count="3" type="cond" truecount="1" falsecount="1"/>
        <line num="294" count="0" type="cond" truecount="0" falsecount="2"/>
        <line num="295" count="0" type="stmt"/>
        <line num="296" count="0" type="stmt"/>
        <line num="299" count="0" type="stmt"/>
        <line num="306" count="3" type="cond" truecount="1" falsecount="1"/>
        <line num="309" count="3" type="cond" truecount="1" falsecount="1"/>
        <line num="310" count="0" type="stmt"/>
        <line num="311" count="0" type="stmt"/>
        <line num="314" count="3" type="stmt"/>
        <line num="325" count="4" type="stmt"/>
        <line num="330" count="4" type="cond" truecount="2" falsecount="0"/>
        <line num="332" count="4" type="cond" truecount="1" falsecount="1"/>
        <line num="333" count="0" type="stmt"/>
        <line num="336" count="4" type="stmt"/>
        <line num="339" count="4" type="cond" truecount="1" falsecount="1"/>
        <line num="340" count="0" type="stmt"/>
        <line num="343" count="4" type="stmt"/>
        <line num="344" count="4" type="stmt"/>
        <line num="352" count="3" type="stmt"/>
        <line num="353" count="3" type="stmt"/>
        <line num="354" count="3" type="cond" truecount="1" falsecount="1"/>
        <line num="356" count="3" type="stmt"/>
        <line num="359" count="4" type="stmt"/>
        <line num="366" count="3" type="stmt"/>
        <line num="369" count="3" type="stmt"/>
        <line num="372" count="3" type="stmt"/>
        <line num="375" count="3" type="stmt"/>
        <line num="383" count="3" type="cond" truecount="1" falsecount="1"/>
        <line num="384" count="3" type="stmt"/>
        <line num="387" count="3" type="stmt"/>
        <line num="388" count="3" type="stmt"/>
        <line num="391" count="3" type="stmt"/>
        <line num="398" count="3" type="stmt"/>
        <line num="441" count="3" type="stmt"/>
        <line num="443" count="3" type="stmt"/>
        <line num="450" count="16" type="stmt"/>
        <line num="453" count="16" type="stmt"/>
        <line num="460" count="16" type="cond" truecount="2" falsecount="0"/>
        <line num="463" count="16" type="stmt"/>
        <line num="466" count="16" type="stmt"/>
        <line num="473" count="16" type="cond" truecount="2" falsecount="0"/>
        <line num="476" count="16" type="cond" truecount="3" falsecount="1"/>
        <line num="477" count="16" type="stmt"/>
        <line num="481" count="16" type="stmt"/>
        <line num="482" count="16" type="stmt"/>
        <line num="485" count="16" type="stmt"/>
        <line num="486" count="16" type="stmt"/>
        <line num="487" count="16" type="stmt"/>
        <line num="494" count="16" type="stmt"/>
        <line num="502" count="16" type="stmt"/>
        <line num="552" count="19" type="stmt"/>
        <line num="555" count="19" type="stmt"/>
        <line num="567" count="19" type="stmt"/>
        <line num="568" count="19" type="stmt"/>
        <line num="569" count="33" type="stmt"/>
        <line num="570" count="33" type="cond" truecount="2" falsecount="0"/>
        <line num="573" count="33" type="stmt"/>
        <line num="574" count="33" type="cond" truecount="5" falsecount="0"/>
        <line num="575" count="31" type="stmt"/>
        <line num="578" count="33" type="stmt"/>
        <line num="582" count="19" type="stmt"/>
        <line num="585" count="19" type="stmt"/>
        <line num="586" count="120" type="cond" truecount="2" falsecount="0"/>
        <line num="587" count="11" type="stmt"/>
        <line num="595" count="19" type="cond" truecount="2" falsecount="0"/>
        <line num="596" count="2" type="stmt"/>
        <line num="599" count="19" type="stmt"/>
        <line num="609" count="3" type="stmt"/>
        <line num="610" count="4" type="stmt"/>
        <line num="611" count="4" type="stmt"/>
        <line num="619" count="3" type="stmt"/>
        <line num="622" count="4" type="stmt"/>
        <line num="638" count="3" type="stmt"/>
        <line num="646" count="3" type="cond" truecount="4" falsecount="0"/>
        <line num="648" count="2" type="stmt"/>
        <line num="649" count="4" type="stmt"/>
        <line num="650" count="4" type="cond" truecount="2" falsecount="0"/>
        <line num="653" count="2" type="stmt"/>
        <line num="660" count="3" type="cond" truecount="4" falsecount="0"/>
        <line num="662" count="2" type="stmt"/>
        <line num="665" count="2" type="cond" truecount="1" falsecount="1"/>
        <line num="666" count="2" type="cond" truecount="1" falsecount="1"/>
        <line num="669" count="2" type="cond" truecount="3" falsecount="1"/>
        <line num="672" count="2" type="stmt"/>
        <line num="673" count="4" type="stmt"/>
        <line num="675" count="2" type="cond" truecount="1" falsecount="1"/>
        <line num="677" count="2" type="stmt"/>
        <line num="684" count="3" type="stmt"/>
        <line num="686" count="3" type="cond" truecount="2" falsecount="0"/>
        <line num="687" count="2" type="cond" truecount="2" falsecount="0"/>
        <line num="688" count="1" type="cond" truecount="1" falsecount="1"/>
        <line num="689" count="1" type="cond" truecount="1" falsecount="1"/>
        <line num="690" count="1" type="stmt"/>
        <line num="697" count="3" type="stmt"/>
        <line num="730" count="3" type="cond" truecount="1" falsecount="1"/>
        <line num="737" count="16" type="stmt"/>
        <line num="739" count="16" type="cond" truecount="2" falsecount="0"/>
        <line num="740" count="9" type="cond" truecount="2" falsecount="0"/>
        <line num="741" count="4" type="cond" truecount="2" falsecount="0"/>
        <line num="742" count="1" type="cond" truecount="1" falsecount="1"/>
        <line num="743" count="0" type="stmt"/>
        <line num="750" count="16" type="cond" truecount="1" falsecount="1"/>
        <line num="751" count="0" type="stmt"/>
        <line num="754" count="16" type="stmt"/>
        <line num="755" count="16" type="stmt"/>
        <line num="763" count="16" type="cond" truecount="1" falsecount="1"/>
        <line num="771" count="32" type="stmt"/>
        <line num="772" count="32" type="stmt"/>
        <line num="775" count="32" type="cond" truecount="5" falsecount="0"/>
        <line num="776" count="14" type="stmt"/>
        <line num="781" count="18" type="cond" truecount="2" falsecount="0"/>
        <line num="782" count="10" type="stmt"/>
        <line num="787" count="8" type="cond" truecount="2" falsecount="0"/>
        <line num="788" count="6" type="stmt"/>
        <line num="794" count="2" type="stmt"/>
        <line num="806" count="16" type="cond" truecount="2" falsecount="0"/>
        <line num="812" count="16" type="stmt"/>
        <line num="837" count="16" type="cond" truecount="4" falsecount="0"/>
        <line num="838" count="3" type="stmt"/>
        <line num="839" count="13" type="cond" truecount="2" falsecount="0"/>
        <line num="840" count="9" type="stmt"/>
        <line num="841" count="4" type="cond" truecount="2" falsecount="0"/>
        <line num="842" count="3" type="stmt"/>
        <line num="844" count="1" type="stmt"/>
        <line num="851" count="3" type="stmt"/>
        <line num="854" count="7" type="cond" truecount="4" falsecount="0"/>
        <line num="855" count="1" type="stmt"/>
        <line num="863" count="2" type="cond" truecount="2" falsecount="0"/>
        <line num="864" count="1" type="stmt"/>
        <line num="872" count="2" type="cond" truecount="1" falsecount="1"/>
        <line num="873" count="2" type="stmt"/>
        <line num="880" count="2" type="cond" truecount="1" falsecount="1"/>
        <line num="881" count="0" type="stmt"/>
        <line num="889" count="2" type="cond" truecount="2" falsecount="2"/>
        <line num="890" count="0" type="stmt"/>
        <line num="897" count="2" type="cond" truecount="2" falsecount="2"/>
        <line num="898" count="0" type="stmt"/>
        <line num="906" count="2" type="stmt"/>
        <line num="912" count="2" type="stmt"/>
        <line num="919" count="3" type="cond" truecount="3" falsecount="1"/>
        <line num="920" count="3" type="stmt"/>
        <line num="923" count="0" type="stmt"/>
        <line num="924" count="0" type="stmt"/>
        <line num="932" count="16" type="stmt"/>
        <line num="935" count="16" type="cond" truecount="4" falsecount="0"/>
        <line num="936" count="3" type="stmt"/>
        <line num="939" count="16" type="cond" truecount="4" falsecount="0"/>
        <line num="940" count="1" type="stmt"/>
        <line num="943" count="16" type="cond" truecount="2" falsecount="0"/>
        <line num="944" count="4" type="stmt"/>
        <line num="947" count="16" type="cond" truecount="2" falsecount="0"/>
        <line num="954" count="0" type="stmt"/>
        <line num="955" count="0" type="stmt"/>
        <line num="960" count="6" type="stmt"/>
        <line num="963" count="6" type="stmt"/>
        <line num="966" count="6" type="stmt"/>
      </file>
      <file name="remediationKnowledge.js" path="/Users/aniajaca/Library/Mobile Documents/com~apple~CloudDocs/Neperia/semgrep-backend/src/remediationKnowledge.js">
        <metrics statements="17" coveredstatements="17" conditionals="15" coveredconditionals="12" methods="4" coveredmethods="4"/>
        <line num="2" count="2" type="stmt"/>
        <line num="618" count="2" type="stmt"/>
        <line num="620" count="2" type="cond" truecount="1" falsecount="0"/>
        <line num="621" count="30" type="stmt"/>
        <line num="622" count="30" type="cond" truecount="2" falsecount="0"/>
        <line num="623" count="8" type="stmt"/>
        <line num="633" count="22" type="stmt"/>
        <line num="640" count="2" type="stmt"/>
        <line num="641" count="13" type="stmt"/>
        <line num="642" count="13" type="cond" truecount="2" falsecount="0"/>
        <line num="646" count="2" type="stmt"/>
        <line num="647" count="13" type="stmt"/>
        <line num="648" count="13" type="cond" truecount="2" falsecount="0"/>
        <line num="652" count="2" type="stmt"/>
        <line num="653" count="17" type="stmt"/>
        <line num="654" count="17" type="cond" truecount="2" falsecount="0"/>
        <line num="657" count="13" type="cond" truecount="1" falsecount="3"/>
      </file>
      <file name="semgrepAdapter.js" path="/Users/aniajaca/Library/Mobile Documents/com~apple~CloudDocs/Neperia/semgrep-backend/src/semgrepAdapter.js">
        <metrics statements="154" coveredstatements="70" conditionals="134" coveredconditionals="71" methods="25" coveredmethods="11"/>
        <line num="2" count="1" type="stmt"/>
        <line num="3" count="1" type="stmt"/>
        <line num="4" count="1" type="stmt"/>
        <line num="5" count="1" type="stmt"/>
        <line num="6" count="1" type="stmt"/>
        <line num="7" count="1" type="stmt"/>
        <line num="8" count="1" type="stmt"/>
        <line num="9" count="1" type="stmt"/>
        <line num="19" count="0" type="stmt"/>
        <line num="20" count="0" type="stmt"/>
        <line num="22" count="0" type="stmt"/>
        <line num="25" count="0" type="stmt"/>
        <line num="26" count="0" type="stmt"/>
        <line num="29" count="0" type="cond" truecount="0" falsecount="2"/>
        <line num="30" count="0" type="cond" truecount="0" falsecount="2"/>
        <line num="31" count="0" type="cond" truecount="0" falsecount="4"/>
        <line num="32" count="0" type="stmt"/>
        <line num="33" count="0" type="stmt"/>
        <line num="36" count="0" type="stmt"/>
        <line num="38" count="0" type="cond" truecount="0" falsecount="2"/>
        <line num="39" count="0" type="cond" truecount="0" falsecount="2"/>
        <line num="40" count="0" type="stmt"/>
        <line num="42" count="0" type="cond" truecount="0" falsecount="2"/>
        <line num="43" count="0" type="stmt"/>
        <line num="45" count="0" type="cond" truecount="0" falsecount="2"/>
        <line num="46" count="0" type="stmt"/>
        <line num="52" count="0" type="stmt"/>
        <line num="62" count="0" type="cond" truecount="0" falsecount="2"/>
        <line num="65" count="0" type="cond" truecount="0" falsecount="2"/>
        <line num="68" count="0" type="cond" truecount="0" falsecount="4"/>
        <line num="69" count="0" type="stmt"/>
        <line num="82" count="0" type="stmt"/>
        <line num="83" count="0" type="cond" truecount="0" falsecount="2"/>
        <line num="84" count="0" type="stmt"/>
        <line num="85" count="0" type="stmt"/>
        <line num="92" count="0" type="stmt"/>
        <line num="99" count="0" type="cond" truecount="0" falsecount="2"/>
        <line num="100" count="0" type="stmt"/>
        <line num="101" count="0" type="stmt"/>
        <line num="105" count="0" type="stmt"/>
        <line num="107" count="0" type="stmt"/>
        <line num="109" count="0" type="cond" truecount="0" falsecount="2"/>
        <line num="110" count="0" type="stmt"/>
        <line num="111" count="0" type="stmt"/>
        <line num="116" count="0" type="stmt"/>
        <line num="117" count="0" type="stmt"/>
        <line num="118" count="0" type="stmt"/>
        <line num="119" count="0" type="stmt"/>
        <line num="121" count="0" type="stmt"/>
        <line num="122" count="0" type="stmt"/>
        <line num="123" count="0" type="cond" truecount="0" falsecount="2"/>
        <line num="124" count="0" type="stmt"/>
        <line num="125" count="0" type="stmt"/>
        <line num="126" count="0" type="stmt"/>
        <line num="128" count="0" type="stmt"/>
        <line num="131" count="0" type="stmt"/>
        <line num="132" count="0" type="stmt"/>
        <line num="135" count="0" type="stmt"/>
        <line num="136" count="0" type="cond" truecount="0" falsecount="2"/>
        <line num="137" count="0" type="stmt"/>
        <line num="139" count="0" type="stmt"/>
        <line num="143" count="0" type="stmt"/>
        <line num="145" count="0" type="cond" truecount="0" falsecount="5"/>
        <line num="146" count="0" type="stmt"/>
        <line num="147" count="0" type="stmt"/>
        <line num="150" count="0" type="stmt"/>
        <line num="151" count="0" type="cond" truecount="0" falsecount="2"/>
        <line num="153" count="0" type="stmt"/>
        <line num="154" count="0" type="stmt"/>
        <line num="155" count="0" type="stmt"/>
        <line num="157" count="0" type="stmt"/>
        <line num="170" count="24" type="cond" truecount="4" falsecount="0"/>
        <line num="171" count="2" type="stmt"/>
        <line num="175" count="20" type="stmt"/>
        <line num="178" count="30" type="stmt"/>
        <line num="186" count="30" type="cond" truecount="2" falsecount="0"/>
        <line num="191" count="30" type="cond" truecount="2" falsecount="0"/>
        <line num="192" count="30" type="stmt"/>
        <line num="193" count="29" type="stmt"/>
        <line num="196" count="29" type="cond" truecount="2" falsecount="0"/>
        <line num="199" count="29" type="cond" truecount="2" falsecount="2"/>
        <line num="204" count="29" type="cond" truecount="1" falsecount="1"/>
        <line num="206" count="29" type="cond" truecount="1" falsecount="1"/>
        <line num="211" count="29" type="stmt"/>
        <line num="223" count="29" type="cond" truecount="1" falsecount="1"/>
        <line num="224" count="29" type="stmt"/>
        <line num="228" count="29" type="stmt"/>
        <line num="252" count="19" type="stmt"/>
        <line num="259" count="30" type="stmt"/>
        <line num="261" count="30" type="cond" truecount="2" falsecount="0"/>
        <line num="262" count="6" type="cond" truecount="1" falsecount="1"/>
        <line num="263" count="6" type="stmt"/>
        <line num="264" count="0" type="cond" truecount="0" falsecount="2"/>
        <line num="265" count="0" type="stmt"/>
        <line num="266" count="0" type="stmt"/>
        <line num="271" count="30" type="cond" truecount="1" falsecount="1"/>
        <line num="272" count="0" type="cond" truecount="0" falsecount="2"/>
        <line num="273" count="0" type="stmt"/>
        <line num="275" count="0" type="stmt"/>
        <line num="279" count="30" type="stmt"/>
        <line num="280" count="29" type="cond" truecount="2" falsecount="0"/>
        <line num="281" count="2" type="stmt"/>
        <line num="284" count="29" type="stmt"/>
        <line num="291" count="29" type="stmt"/>
        <line num="293" count="29" type="cond" truecount="2" falsecount="0"/>
        <line num="294" count="4" type="cond" truecount="2" falsecount="0"/>
        <line num="295" count="3" type="stmt"/>
        <line num="296" count="1" type="cond" truecount="1" falsecount="1"/>
        <line num="297" count="1" type="stmt"/>
        <line num="298" count="2" type="stmt"/>
        <line num="303" count="29" type="stmt"/>
        <line num="304" count="116" type="cond" truecount="1" falsecount="1"/>
        <line num="305" count="0" type="stmt"/>
        <line num="309" count="29" type="cond" truecount="2" falsecount="0"/>
        <line num="310" count="25" type="stmt"/>
        <line num="321" count="25" type="stmt"/>
        <line num="322" count="25" type="stmt"/>
        <line num="323" count="188" type="cond" truecount="2" falsecount="0"/>
        <line num="324" count="2" type="stmt"/>
        <line num="325" count="2" type="stmt"/>
        <line num="330" count="29" type="stmt"/>
        <line num="337" count="7" type="stmt"/>
        <line num="339" count="7" type="cond" truecount="2" falsecount="0"/>
        <line num="340" count="6" type="stmt"/>
        <line num="343" count="1" type="stmt"/>
        <line num="344" count="1" type="cond" truecount="1" falsecount="1"/>
        <line num="345" count="1" type="stmt"/>
        <line num="348" count="0" type="stmt"/>
        <line num="355" count="1" type="stmt"/>
        <line num="357" count="1" type="stmt"/>
        <line num="358" count="0" type="stmt"/>
        <line num="359" count="0" type="stmt"/>
        <line num="362" count="0" type="stmt"/>
        <line num="363" count="0" type="stmt"/>
        <line num="364" count="0" type="stmt"/>
        <line num="365" count="0" type="stmt"/>
        <line num="367" count="0" type="stmt"/>
        <line num="376" count="1" type="stmt"/>
        <line num="377" count="1" type="cond" truecount="2" falsecount="0"/>
        <line num="378" count="1" type="stmt"/>
        <line num="379" count="1" type="stmt"/>
        <line num="380" count="1" type="stmt"/>
        <line num="381" count="1" type="stmt"/>
        <line num="383" count="1" type="stmt"/>
        <line num="384" count="0" type="stmt"/>
        <line num="387" count="1" type="stmt"/>
        <line num="388" count="0" type="stmt"/>
        <line num="391" count="1" type="stmt"/>
        <line num="392" count="1" type="stmt"/>
        <line num="394" count="0" type="stmt"/>
        <line num="395" count="0" type="cond" truecount="0" falsecount="2"/>
        <line num="396" count="0" type="stmt"/>
        <line num="398" count="0" type="stmt"/>
        <line num="404" count="1" type="stmt"/>
      </file>
    </package>
    <package name="src.api">
      <metrics statements="26" coveredstatements="0" conditionals="25" coveredconditionals="0" methods="10" coveredmethods="0"/>
      <file name="factorCatalog.js" path="/Users/aniajaca/Library/Mobile Documents/com~apple~CloudDocs/Neperia/semgrep-backend/src/api/factorCatalog.js">
        <metrics statements="26" coveredstatements="0" conditionals="25" coveredconditionals="0" methods="10" coveredmethods="0"/>
        <line num="6" count="0" type="stmt"/>
        <line num="277" count="0" type="cond" truecount="0" falsecount="2"/>
        <line num="284" count="0" type="cond" truecount="0" falsecount="2"/>
        <line num="285" count="0" type="stmt"/>
        <line num="286" count="0" type="stmt"/>
        <line num="288" count="0" type="stmt"/>
        <line num="289" count="0" type="stmt"/>
        <line num="297" count="0" type="stmt"/>
        <line num="298" count="0" type="stmt"/>
        <line num="299" count="0" type="cond" truecount="0" falsecount="2"/>
        <line num="300" count="0" type="cond" truecount="0" falsecount="2"/>
        <line num="301" count="0" type="stmt"/>
        <line num="305" count="0" type="stmt"/>
        <line num="312" count="0" type="stmt"/>
        <line num="313" count="0" type="cond" truecount="0" falsecount="2"/>
        <line num="315" count="0" type="cond" truecount="0" falsecount="4"/>
        <line num="316" count="0" type="cond" truecount="0" falsecount="4"/>
        <line num="318" count="0" type="stmt"/>
        <line num="326" count="0" type="stmt"/>
        <line num="328" count="0" type="stmt"/>
        <line num="329" count="0" type="cond" truecount="0" falsecount="2"/>
        <line num="331" count="0" type="stmt"/>
        <line num="332" count="0" type="cond" truecount="0" falsecount="4"/>
        <line num="333" count="0" type="stmt"/>
        <line num="336" count="0" type="stmt"/>
        <line num="340" count="0" type="stmt"/>
      </file>
    </package>
    <package name="src.contextInference">
      <metrics statements="67" coveredstatements="39" conditionals="41" coveredconditionals="18" methods="6" coveredmethods="4"/>
      <file name="index.js" path="/Users/aniajaca/Library/Mobile Documents/com~apple~CloudDocs/Neperia/semgrep-backend/src/contextInference/index.js">
        <metrics statements="67" coveredstatements="39" conditionals="41" coveredconditionals="18" methods="6" coveredmethods="4"/>
        <line num="3" count="1" type="stmt"/>
        <line num="4" count="1" type="stmt"/>
        <line num="5" count="1" type="stmt"/>
        <line num="6" count="1" type="stmt"/>
        <line num="7" count="1" type="stmt"/>
        <line num="8" count="1" type="stmt"/>
        <line num="12" count="6" type="stmt"/>
        <line num="13" count="6" type="stmt"/>
        <line num="18" count="6" type="stmt"/>
        <line num="19" count="6" type="stmt"/>
        <line num="22" count="6" type="cond" truecount="2" falsecount="0"/>
        <line num="34" count="6" type="stmt"/>
        <line num="35" count="6" type="stmt"/>
        <line num="37" count="6" type="cond" truecount="3" falsecount="1"/>
        <line num="38" count="0" type="stmt"/>
        <line num="41" count="6" type="stmt"/>
        <line num="42" count="6" type="stmt"/>
        <line num="45" count="6" type="cond" truecount="1" falsecount="1"/>
        <line num="46" count="6" type="stmt"/>
        <line num="47" count="6" type="cond" truecount="2" falsecount="0"/>
        <line num="48" count="4" type="stmt"/>
        <line num="57" count="6" type="cond" truecount="1" falsecount="1"/>
        <line num="58" count="6" type="stmt"/>
        <line num="59" count="6" type="cond" truecount="2" falsecount="0"/>
        <line num="60" count="5" type="stmt"/>
        <line num="69" count="6" type="cond" truecount="1" falsecount="1"/>
        <line num="70" count="6" type="stmt"/>
        <line num="71" count="6" type="cond" truecount="1" falsecount="1"/>
        <line num="72" count="0" type="stmt"/>
        <line num="81" count="6" type="cond" truecount="1" falsecount="1"/>
        <line num="82" count="6" type="stmt"/>
        <line num="83" count="6" type="cond" truecount="1" falsecount="1"/>
        <line num="84" count="0" type="stmt"/>
        <line num="86" count="6" type="cond" truecount="1" falsecount="1"/>
        <line num="87" count="0" type="stmt"/>
        <line num="92" count="0" type="stmt"/>
        <line num="96" count="6" type="stmt"/>
        <line num="103" count="0" type="stmt"/>
        <line num="104" count="0" type="stmt"/>
        <line num="106" count="0" type="cond" truecount="0" falsecount="4"/>
        <line num="107" count="0" type="stmt"/>
        <line num="110" count="0" type="stmt"/>
        <line num="111" count="0" type="stmt"/>
        <line num="114" count="0" type="stmt"/>
        <line num="115" count="0" type="cond" truecount="0" falsecount="2"/>
        <line num="116" count="0" type="stmt"/>
        <line num="124" count="0" type="stmt"/>
        <line num="125" count="0" type="cond" truecount="0" falsecount="2"/>
        <line num="126" count="0" type="stmt"/>
        <line num="134" count="0" type="stmt"/>
        <line num="135" count="0" type="cond" truecount="0" falsecount="2"/>
        <line num="136" count="0" type="stmt"/>
        <line num="144" count="0" type="stmt"/>
        <line num="147" count="0" type="stmt"/>
        <line num="154" count="0" type="stmt"/>
        <line num="156" count="0" type="stmt"/>
        <line num="157" count="0" type="cond" truecount="0" falsecount="4"/>
        <line num="158" count="0" type="stmt"/>
        <line num="160" count="0" type="stmt"/>
        <line num="164" count="0" type="stmt"/>
        <line num="171" count="18" type="stmt"/>
        <line num="172" count="18" type="stmt"/>
        <line num="173" count="18" type="stmt"/>
        <line num="180" count="6" type="stmt"/>
        <line num="181" count="6" type="stmt"/>
        <line num="191" count="6" type="stmt"/>
        <line num="195" count="1" type="stmt"/>
      </file>
    </package>
    <package name="src.contextInference.collectors">
      <metrics statements="136" coveredstatements="111" conditionals="57" coveredconditionals="28" methods="8" coveredmethods="8"/>
      <file name="repoContextCollector.js" path="/Users/aniajaca/Library/Mobile Documents/com~apple~CloudDocs/Neperia/semgrep-backend/src/contextInference/collectors/repoContextCollector.js">
        <metrics statements="136" coveredstatements="111" conditionals="57" coveredconditionals="28" methods="8" coveredmethods="8"/>
        <line num="4" count="2" type="stmt"/>
        <line num="5" count="2" type="stmt"/>
        <line num="9" count="28" type="stmt"/>
        <line num="10" count="28" type="stmt"/>
        <line num="18" count="13" type="cond" truecount="2" falsecount="0"/>
        <line num="19" count="1" type="stmt"/>
        <line num="20" count="1" type="cond" truecount="1" falsecount="1"/>
        <line num="21" count="1" type="stmt"/>
        <line num="25" count="12" type="stmt"/>
        <line num="28" count="12" type="stmt"/>
        <line num="29" count="12" type="cond" truecount="1" falsecount="1"/>
        <line num="30" count="0" type="stmt"/>
        <line num="38" count="12" type="stmt"/>
        <line num="39" count="12" type="cond" truecount="1" falsecount="1"/>
        <line num="40" count="0" type="stmt"/>
        <line num="48" count="12" type="stmt"/>
        <line num="49" count="12" type="cond" truecount="1" falsecount="1"/>
        <line num="50" count="0" type="stmt"/>
        <line num="58" count="12" type="stmt"/>
        <line num="59" count="12" type="cond" truecount="1" falsecount="1"/>
        <line num="60" count="0" type="stmt"/>
        <line num="68" count="12" type="stmt"/>
        <line num="69" count="12" type="cond" truecount="1" falsecount="1"/>
        <line num="70" count="0" type="stmt"/>
        <line num="78" count="12" type="stmt"/>
        <line num="83" count="12" type="stmt"/>
        <line num="90" count="15" type="stmt"/>
        <line num="91" count="15" type="stmt"/>
        <line num="94" count="15" type="stmt"/>
        <line num="104" count="15" type="stmt"/>
        <line num="105" count="105" type="stmt"/>
        <line num="106" count="105" type="stmt"/>
        <line num="107" count="105" type="stmt"/>
        <line num="108" count="2" type="stmt"/>
        <line num="109" count="2" type="stmt"/>
        <line num="116" count="15" type="stmt"/>
        <line num="117" count="15" type="stmt"/>
        <line num="118" count="15" type="stmt"/>
        <line num="120" count="8" type="cond" truecount="2" falsecount="0"/>
        <line num="121" count="6" type="stmt"/>
        <line num="122" count="6" type="stmt"/>
        <line num="123" count="24" type="cond" truecount="1" falsecount="1"/>
        <line num="124" count="0" type="stmt"/>
        <line num="125" count="0" type="stmt"/>
        <line num="133" count="15" type="stmt"/>
        <line num="144" count="15" type="stmt"/>
        <line num="145" count="15" type="stmt"/>
        <line num="146" count="15" type="stmt"/>
        <line num="148" count="15" type="stmt"/>
        <line num="149" count="15" type="stmt"/>
        <line num="150" count="15" type="stmt"/>
        <line num="153" count="7" type="cond" truecount="1" falsecount="1"/>
        <line num="154" count="0" type="stmt"/>
        <line num="155" count="0" type="stmt"/>
        <line num="156" count="0" type="stmt"/>
        <line num="160" count="7" type="cond" truecount="2" falsecount="0"/>
        <line num="161" count="1" type="stmt"/>
        <line num="162" count="1" type="stmt"/>
        <line num="163" count="1" type="stmt"/>
        <line num="167" count="7" type="cond" truecount="1" falsecount="1"/>
        <line num="168" count="0" type="stmt"/>
        <line num="169" count="0" type="stmt"/>
        <line num="170" count="0" type="stmt"/>
        <line num="177" count="15" type="stmt"/>
        <line num="178" count="15" type="stmt"/>
        <line num="179" count="15" type="stmt"/>
        <line num="181" count="0" type="cond" truecount="0" falsecount="2"/>
        <line num="182" count="0" type="stmt"/>
        <line num="183" count="0" type="stmt"/>
        <line num="184" count="0" type="stmt"/>
        <line num="190" count="15" type="stmt"/>
        <line num="201" count="14" type="stmt"/>
        <line num="202" count="14" type="stmt"/>
        <line num="204" count="14" type="stmt"/>
        <line num="216" count="14" type="stmt"/>
        <line num="217" count="126" type="stmt"/>
        <line num="218" count="126" type="stmt"/>
        <line num="219" count="126" type="stmt"/>
        <line num="220" count="1" type="cond" truecount="3" falsecount="1"/>
        <line num="221" count="1" type="stmt"/>
        <line num="222" count="1" type="stmt"/>
        <line num="230" count="14" type="stmt"/>
        <line num="231" count="14" type="stmt"/>
        <line num="232" count="14" type="stmt"/>
        <line num="233" count="0" type="stmt"/>
        <line num="234" count="0" type="stmt"/>
        <line num="239" count="14" type="stmt"/>
        <line num="249" count="16" type="stmt"/>
        <line num="250" count="16" type="stmt"/>
        <line num="251" count="16" type="stmt"/>
        <line num="254" count="16" type="stmt"/>
        <line num="255" count="16" type="stmt"/>
        <line num="256" count="16" type="stmt"/>
        <line num="258" count="1" type="stmt"/>
        <line num="259" count="1" type="cond" truecount="2" falsecount="2"/>
        <line num="260" count="1" type="stmt"/>
        <line num="262" count="1" type="cond" truecount="1" falsecount="1"/>
        <line num="263" count="0" type="stmt"/>
        <line num="264" count="0" type="stmt"/>
        <line num="265" count="0" type="stmt"/>
        <line num="274" count="16" type="stmt"/>
        <line num="275" count="16" type="stmt"/>
        <line num="276" count="16" type="stmt"/>
        <line num="278" count="1" type="cond" truecount="1" falsecount="1"/>
        <line num="279" count="0" type="stmt"/>
        <line num="280" count="0" type="stmt"/>
        <line num="281" count="0" type="stmt"/>
        <line num="288" count="16" type="stmt"/>
        <line num="289" count="16" type="stmt"/>
        <line num="290" count="16" type="stmt"/>
        <line num="292" count="1" type="cond" truecount="1" falsecount="1"/>
        <line num="293" count="1" type="stmt"/>
        <line num="294" count="1" type="stmt"/>
        <line num="295" count="1" type="stmt"/>
        <line num="301" count="16" type="stmt"/>
        <line num="312" count="16" type="stmt"/>
        <line num="313" count="16" type="stmt"/>
        <line num="316" count="16" type="stmt"/>
        <line num="328" count="16" type="stmt"/>
        <line num="329" count="144" type="stmt"/>
        <line num="331" count="144" type="stmt"/>
        <line num="332" count="126" type="stmt"/>
        <line num="333" count="1080" type="stmt"/>
        <line num="336" count="126" type="cond" truecount="2" falsecount="0"/>
        <line num="337" count="1" type="stmt"/>
        <line num="338" count="1" type="stmt"/>
        <line num="346" count="16" type="stmt"/>
        <line num="347" count="16" type="stmt"/>
        <line num="348" count="16" type="stmt"/>
        <line num="350" count="8" type="stmt"/>
        <line num="351" count="8" type="stmt"/>
        <line num="352" count="40" type="cond" truecount="2" falsecount="0"/>
        <line num="353" count="2" type="stmt"/>
        <line num="354" count="2" type="stmt"/>
        <line num="361" count="16" type="stmt"/>
        <line num="369" count="2" type="stmt"/>
      </file>
    </package>
    <package name="src.contextInference.detectors">
      <metrics statements="288" coveredstatements="243" conditionals="124" coveredconditionals="91" methods="31" coveredmethods="26"/>
      <file name="javaDetector.js" path="/Users/aniajaca/Library/Mobile Documents/com~apple~CloudDocs/Neperia/semgrep-backend/src/contextInference/detectors/javaDetector.js">
        <metrics statements="101" coveredstatements="90" conditionals="35" coveredconditionals="28" methods="7" coveredmethods="6"/>
        <line num="6" count="14" type="stmt"/>
        <line num="13" count="3" type="stmt"/>
        <line num="14" count="3" type="stmt"/>
        <line num="17" count="3" type="stmt"/>
        <line num="29" count="3" type="stmt"/>
        <line num="40" count="3" type="stmt"/>
        <line num="41" count="24" type="stmt"/>
        <line num="42" count="24" type="cond" truecount="2" falsecount="0"/>
        <line num="43" count="3" type="stmt"/>
        <line num="44" count="3" type="stmt"/>
        <line num="45" count="3" type="stmt"/>
        <line num="46" count="3" type="stmt"/>
        <line num="51" count="3" type="stmt"/>
        <line num="52" count="21" type="stmt"/>
        <line num="53" count="21" type="cond" truecount="2" falsecount="0"/>
        <line num="54" count="3" type="stmt"/>
        <line num="55" count="3" type="stmt"/>
        <line num="56" count="3" type="stmt"/>
        <line num="57" count="3" type="stmt"/>
        <line num="62" count="3" type="cond" truecount="4" falsecount="0"/>
        <line num="63" count="1" type="stmt"/>
        <line num="64" count="1" type="stmt"/>
        <line num="67" count="3" type="stmt"/>
        <line num="78" count="2" type="stmt"/>
        <line num="79" count="2" type="stmt"/>
        <line num="80" count="2" type="stmt"/>
        <line num="82" count="2" type="stmt"/>
        <line num="96" count="2" type="stmt"/>
        <line num="97" count="12" type="stmt"/>
        <line num="98" count="12" type="cond" truecount="2" falsecount="0"/>
        <line num="99" count="1" type="stmt"/>
        <line num="100" count="1" type="stmt"/>
        <line num="101" count="1" type="stmt"/>
        <line num="102" count="1" type="stmt"/>
        <line num="103" count="1" type="stmt"/>
        <line num="108" count="2" type="stmt"/>
        <line num="110" count="2" type="cond" truecount="4" falsecount="0"/>
        <line num="111" count="1" type="stmt"/>
        <line num="112" count="1" type="stmt"/>
        <line num="113" count="1" type="cond" truecount="1" falsecount="1"/>
        <line num="114" count="0" type="stmt"/>
        <line num="115" count="0" type="stmt"/>
        <line num="118" count="2" type="stmt"/>
        <line num="129" count="1" type="stmt"/>
        <line num="130" count="1" type="stmt"/>
        <line num="132" count="1" type="stmt"/>
        <line num="140" count="1" type="stmt"/>
        <line num="149" count="1" type="stmt"/>
        <line num="150" count="1" type="stmt"/>
        <line num="151" count="1" type="stmt"/>
        <line num="152" count="1" type="cond" truecount="1" falsecount="1"/>
        <line num="153" count="1" type="stmt"/>
        <line num="154" count="1" type="stmt"/>
        <line num="155" count="1" type="stmt"/>
        <line num="160" count="1" type="stmt"/>
        <line num="161" count="18" type="stmt"/>
        <line num="167" count="18" type="stmt"/>
        <line num="168" count="50" type="cond" truecount="2" falsecount="0"/>
        <line num="169" count="2" type="stmt"/>
        <line num="170" count="2" type="cond" truecount="1" falsecount="1"/>
        <line num="171" count="2" type="stmt"/>
        <line num="177" count="1" type="stmt"/>
        <line num="185" count="1" type="stmt"/>
        <line num="186" count="5" type="stmt"/>
        <line num="187" count="5" type="cond" truecount="1" falsecount="1"/>
        <line num="188" count="0" type="stmt"/>
        <line num="189" count="0" type="stmt"/>
        <line num="190" count="0" type="stmt"/>
        <line num="191" count="0" type="stmt"/>
        <line num="195" count="1" type="stmt"/>
        <line num="206" count="1" type="stmt"/>
        <line num="207" count="1" type="stmt"/>
        <line num="210" count="1" type="stmt"/>
        <line num="220" count="1" type="stmt"/>
        <line num="221" count="7" type="stmt"/>
        <line num="222" count="7" type="stmt"/>
        <line num="223" count="7" type="cond" truecount="2" falsecount="0"/>
        <line num="224" count="2" type="stmt"/>
        <line num="225" count="2" type="stmt"/>
        <line num="230" count="1" type="stmt"/>
        <line num="231" count="1" type="cond" truecount="1" falsecount="1"/>
        <line num="232" count="0" type="stmt"/>
        <line num="233" count="0" type="stmt"/>
        <line num="236" count="1" type="cond" truecount="1" falsecount="1"/>
        <line num="238" count="1" type="stmt"/>
        <line num="250" count="1" type="stmt"/>
        <line num="251" count="1" type="stmt"/>
        <line num="253" count="1" type="stmt"/>
        <line num="266" count="1" type="stmt"/>
        <line num="267" count="10" type="stmt"/>
        <line num="268" count="10" type="cond" truecount="2" falsecount="0"/>
        <line num="269" count="1" type="stmt"/>
        <line num="270" count="1" type="stmt"/>
        <line num="271" count="1" type="stmt"/>
        <line num="272" count="1" type="stmt"/>
        <line num="277" count="1" type="cond" truecount="1" falsecount="1"/>
        <line num="278" count="0" type="stmt"/>
        <line num="279" count="0" type="stmt"/>
        <line num="282" count="1" type="stmt"/>
        <line num="293" count="0" type="stmt"/>
        <line num="297" count="2" type="stmt"/>
      </file>
      <file name="jsDetector.js" path="/Users/aniajaca/Library/Mobile Documents/com~apple~CloudDocs/Neperia/semgrep-backend/src/contextInference/detectors/jsDetector.js">
        <metrics statements="104" coveredstatements="84" conditionals="54" coveredconditionals="37" methods="17" coveredmethods="14"/>
        <line num="5" count="2" type="stmt"/>
        <line num="6" count="2" type="stmt"/>
        <line num="10" count="23" type="stmt"/>
        <line num="17" count="11" type="stmt"/>
        <line num="18" count="11" type="stmt"/>
        <line num="20" count="11" type="stmt"/>
        <line num="22" count="11" type="stmt"/>
        <line num="28" count="9" type="stmt"/>
        <line num="30" count="9" type="stmt"/>
        <line num="32" count="16" type="stmt"/>
        <line num="35" count="16" type="cond" truecount="2" falsecount="0"/>
        <line num="36" count="15" type="stmt"/>
        <line num="37" count="15" type="stmt"/>
        <line num="39" count="15" type="cond" truecount="5" falsecount="0"/>
        <line num="41" count="8" type="stmt"/>
        <line num="42" count="8" type="stmt"/>
        <line num="47" count="16" type="cond" truecount="3" falsecount="1"/>
        <line num="48" count="0" type="stmt"/>
        <line num="49" count="0" type="stmt"/>
        <line num="54" count="9" type="cond" truecount="2" falsecount="0"/>
        <line num="55" count="5" type="stmt"/>
        <line num="60" count="2" type="stmt"/>
        <line num="67" count="2" type="stmt"/>
        <line num="68" count="5" type="stmt"/>
        <line num="69" count="5" type="cond" truecount="2" falsecount="0"/>
        <line num="70" count="1" type="stmt"/>
        <line num="71" count="1" type="stmt"/>
        <line num="72" count="1" type="stmt"/>
        <line num="78" count="11" type="cond" truecount="4" falsecount="0"/>
        <line num="79" count="1" type="stmt"/>
        <line num="80" count="1" type="stmt"/>
        <line num="83" count="11" type="stmt"/>
        <line num="94" count="10" type="stmt"/>
        <line num="95" count="10" type="stmt"/>
        <line num="96" count="10" type="stmt"/>
        <line num="98" count="10" type="stmt"/>
        <line num="99" count="10" type="stmt"/>
        <line num="106" count="8" type="stmt"/>
        <line num="108" count="6" type="stmt"/>
        <line num="111" count="6" type="stmt"/>
        <line num="117" count="6" type="stmt"/>
        <line num="118" count="0" type="cond" truecount="0" falsecount="2"/>
        <line num="119" count="0" type="stmt"/>
        <line num="120" count="0" type="stmt"/>
        <line num="125" count="2" type="cond" truecount="1" falsecount="1"/>
        <line num="126" count="2" type="stmt"/>
        <line num="127" count="2" type="stmt"/>
        <line num="132" count="8" type="stmt"/>
        <line num="139" count="26" type="stmt"/>
        <line num="141" count="8" type="cond" truecount="2" falsecount="0"/>
        <line num="142" count="6" type="stmt"/>
        <line num="143" count="6" type="stmt"/>
        <line num="147" count="10" type="stmt"/>
        <line num="158" count="9" type="stmt"/>
        <line num="159" count="9" type="stmt"/>
        <line num="161" count="9" type="stmt"/>
        <line num="167" count="9" type="stmt"/>
        <line num="168" count="9" type="stmt"/>
        <line num="174" count="7" type="stmt"/>
        <line num="176" count="4" type="cond" truecount="1" falsecount="1"/>
        <line num="177" count="33" type="cond" truecount="4" falsecount="0"/>
        <line num="178" count="2" type="stmt"/>
        <line num="179" count="2" type="stmt"/>
        <line num="185" count="13" type="cond" truecount="3" falsecount="1"/>
        <line num="188" count="0" type="stmt"/>
        <line num="189" count="0" type="stmt"/>
        <line num="190" count="0" type="stmt"/>
        <line num="193" count="0" type="cond" truecount="0" falsecount="2"/>
        <line num="194" count="0" type="stmt"/>
        <line num="195" count="0" type="stmt"/>
        <line num="203" count="2" type="stmt"/>
        <line num="204" count="30" type="stmt"/>
        <line num="207" count="2" type="cond" truecount="1" falsecount="1"/>
        <line num="208" count="0" type="stmt"/>
        <line num="209" count="0" type="stmt"/>
        <line num="213" count="9" type="stmt"/>
        <line num="224" count="2" type="stmt"/>
        <line num="225" count="2" type="stmt"/>
        <line num="228" count="2" type="stmt"/>
        <line num="234" count="2" type="stmt"/>
        <line num="235" count="6" type="stmt"/>
        <line num="236" count="6" type="cond" truecount="2" falsecount="0"/>
        <line num="237" count="1" type="stmt"/>
        <line num="238" count="1" type="stmt"/>
        <line num="242" count="2" type="cond" truecount="2" falsecount="0"/>
        <line num="244" count="2" type="stmt"/>
        <line num="256" count="3" type="stmt"/>
        <line num="257" count="3" type="stmt"/>
        <line num="259" count="3" type="stmt"/>
        <line num="268" count="3" type="stmt"/>
        <line num="269" count="18" type="cond" truecount="2" falsecount="0"/>
        <line num="270" count="2" type="stmt"/>
        <line num="271" count="2" type="stmt"/>
        <line num="272" count="2" type="stmt"/>
        <line num="276" count="3" type="stmt"/>
        <line num="288" count="1" type="stmt"/>
        <line num="295" count="0" type="cond" truecount="0" falsecount="2"/>
        <line num="296" count="0" type="stmt"/>
        <line num="297" count="0" type="cond" truecount="0" falsecount="2"/>
        <line num="298" count="0" type="cond" truecount="0" falsecount="2"/>
        <line num="299" count="0" type="cond" truecount="0" falsecount="2"/>
        <line num="300" count="0" type="stmt"/>
        <line num="302" count="0" type="stmt"/>
        <line num="306" count="2" type="stmt"/>
      </file>
      <file name="pythonDetector.js" path="/Users/aniajaca/Library/Mobile Documents/com~apple~CloudDocs/Neperia/semgrep-backend/src/contextInference/detectors/pythonDetector.js">
        <metrics statements="83" coveredstatements="69" conditionals="35" coveredconditionals="26" methods="7" coveredmethods="6"/>
        <line num="6" count="14" type="stmt"/>
        <line num="13" count="3" type="stmt"/>
        <line num="14" count="3" type="stmt"/>
        <line num="17" count="3" type="stmt"/>
        <line num="26" count="3" type="stmt"/>
        <line num="27" count="18" type="stmt"/>
        <line num="28" count="18" type="cond" truecount="2" falsecount="0"/>
        <line num="29" count="2" type="stmt"/>
        <line num="30" count="2" type="stmt"/>
        <line num="35" count="3" type="cond" truecount="3" falsecount="1"/>
        <line num="36" count="0" type="stmt"/>
        <line num="37" count="0" type="stmt"/>
        <line num="40" count="3" type="stmt"/>
        <line num="51" count="2" type="stmt"/>
        <line num="52" count="2" type="stmt"/>
        <line num="53" count="2" type="stmt"/>
        <line num="56" count="2" type="stmt"/>
        <line num="68" count="2" type="stmt"/>
        <line num="69" count="10" type="cond" truecount="2" falsecount="0"/>
        <line num="70" count="1" type="stmt"/>
        <line num="71" count="1" type="stmt"/>
        <line num="72" count="1" type="stmt"/>
        <line num="73" count="1" type="stmt"/>
        <line num="78" count="2" type="stmt"/>
        <line num="80" count="2" type="cond" truecount="4" falsecount="0"/>
        <line num="81" count="1" type="stmt"/>
        <line num="82" count="1" type="stmt"/>
        <line num="83" count="1" type="cond" truecount="1" falsecount="1"/>
        <line num="84" count="0" type="stmt"/>
        <line num="85" count="0" type="stmt"/>
        <line num="88" count="2" type="stmt"/>
        <line num="99" count="1" type="stmt"/>
        <line num="100" count="1" type="stmt"/>
        <line num="102" count="1" type="stmt"/>
        <line num="110" count="1" type="stmt"/>
        <line num="116" count="1" type="stmt"/>
        <line num="117" count="1" type="stmt"/>
        <line num="118" count="1" type="cond" truecount="1" falsecount="1"/>
        <line num="119" count="1" type="stmt"/>
        <line num="120" count="1" type="stmt"/>
        <line num="121" count="1" type="stmt"/>
        <line num="126" count="1" type="stmt"/>
        <line num="127" count="18" type="stmt"/>
        <line num="128" count="18" type="cond" truecount="2" falsecount="0"/>
        <line num="129" count="2" type="stmt"/>
        <line num="130" count="2" type="cond" truecount="1" falsecount="1"/>
        <line num="135" count="1" type="stmt"/>
        <line num="142" count="1" type="stmt"/>
        <line num="143" count="4" type="cond" truecount="1" falsecount="1"/>
        <line num="144" count="0" type="stmt"/>
        <line num="145" count="0" type="stmt"/>
        <line num="146" count="0" type="stmt"/>
        <line num="151" count="1" type="cond" truecount="1" falsecount="1"/>
        <line num="152" count="0" type="stmt"/>
        <line num="153" count="0" type="stmt"/>
        <line num="156" count="1" type="stmt"/>
        <line num="167" count="1" type="stmt"/>
        <line num="168" count="1" type="stmt"/>
        <line num="171" count="1" type="stmt"/>
        <line num="178" count="1" type="stmt"/>
        <line num="179" count="4" type="stmt"/>
        <line num="180" count="4" type="cond" truecount="2" falsecount="0"/>
        <line num="181" count="1" type="stmt"/>
        <line num="182" count="1" type="stmt"/>
        <line num="187" count="1" type="cond" truecount="1" falsecount="1"/>
        <line num="188" count="0" type="stmt"/>
        <line num="189" count="0" type="stmt"/>
        <line num="192" count="1" type="cond" truecount="1" falsecount="1"/>
        <line num="194" count="1" type="stmt"/>
        <line num="206" count="1" type="stmt"/>
        <line num="207" count="1" type="stmt"/>
        <line num="209" count="1" type="stmt"/>
        <line num="221" count="1" type="stmt"/>
        <line num="222" count="9" type="cond" truecount="2" falsecount="0"/>
        <line num="223" count="1" type="stmt"/>
        <line num="224" count="1" type="stmt"/>
        <line num="225" count="1" type="stmt"/>
        <line num="230" count="1" type="cond" truecount="1" falsecount="1"/>
        <line num="231" count="0" type="stmt"/>
        <line num="232" count="0" type="stmt"/>
        <line num="235" count="1" type="stmt"/>
        <line num="246" count="0" type="stmt"/>
        <line num="250" count="2" type="stmt"/>
      </file>
    </package>
    <package name="src.contextInference.profiles">
      <metrics statements="214" coveredstatements="158" conditionals="173" coveredconditionals="129" methods="27" coveredmethods="24"/>
      <file name="profileManager.js" path="/Users/aniajaca/Library/Mobile Documents/com~apple~CloudDocs/Neperia/semgrep-backend/src/contextInference/profiles/profileManager.js">
        <metrics statements="214" coveredstatements="158" conditionals="173" coveredconditionals="129" methods="27" coveredmethods="24"/>
        <line num="5" count="5" type="stmt"/>
        <line num="6" count="5" type="stmt"/>
        <line num="7" count="5" type="stmt"/>
        <line num="8" count="5" type="stmt"/>
        <line num="10" count="5" type="stmt"/>
        <line num="11" count="5" type="stmt"/>
        <line num="15" count="71" type="stmt"/>
        <line num="16" count="71" type="cond" truecount="2" falsecount="0"/>
        <line num="17" count="71" type="stmt"/>
        <line num="18" count="71" type="stmt"/>
        <line num="21" count="71" type="stmt"/>
        <line num="22" count="71" type="cond" truecount="1" falsecount="1"/>
        <line num="23" count="0" type="stmt"/>
        <line num="27" count="71" type="cond" truecount="1" falsecount="1"/>
        <line num="28" count="0" type="stmt"/>
        <line num="29" count="0" type="stmt"/>
        <line num="37" count="0" type="stmt"/>
        <line num="38" count="0" type="stmt"/>
        <line num="39" count="0" type="stmt"/>
        <line num="40" count="0" type="stmt"/>
        <line num="43" count="0" type="stmt"/>
        <line num="44" count="0" type="cond" truecount="0" falsecount="2"/>
        <line num="45" count="0" type="stmt"/>
        <line num="48" count="0" type="stmt"/>
        <line num="49" count="0" type="stmt"/>
        <line num="51" count="0" type="stmt"/>
        <line num="53" count="0" type="stmt"/>
        <line num="54" count="0" type="stmt"/>
        <line num="62" count="25" type="stmt"/>
        <line num="63" count="25" type="stmt"/>
        <line num="66" count="25" type="cond" truecount="2" falsecount="0"/>
        <line num="67" count="6" type="stmt"/>
        <line num="71" count="23" type="cond" truecount="2" falsecount="0"/>
        <line num="72" count="7" type="stmt"/>
        <line num="73" count="33" type="cond" truecount="4" falsecount="0"/>
        <line num="74" count="2" type="stmt"/>
        <line num="80" count="23" type="cond" truecount="2" falsecount="0"/>
        <line num="81" count="6" type="stmt"/>
        <line num="82" count="6" type="cond" truecount="5" falsecount="0"/>
        <line num="83" count="1" type="stmt"/>
        <line num="85" count="6" type="cond" truecount="4" falsecount="1"/>
        <line num="86" count="0" type="stmt"/>
        <line num="88" count="6" type="cond" truecount="4" falsecount="1"/>
        <line num="89" count="0" type="stmt"/>
        <line num="94" count="23" type="stmt"/>
        <line num="95" count="23" type="cond" truecount="2" falsecount="0"/>
        <line num="96" count="6" type="cond" truecount="4" falsecount="0"/>
        <line num="97" count="1" type="stmt"/>
        <line num="99" count="6" type="cond" truecount="2" falsecount="0"/>
        <line num="100" count="1" type="stmt"/>
        <line num="105" count="23" type="cond" truecount="2" falsecount="0"/>
        <line num="106" count="3" type="stmt"/>
        <line num="107" count="3" type="cond" truecount="3" falsecount="1"/>
        <line num="108" count="3" type="cond" truecount="3" falsecount="1"/>
        <line num="109" count="3" type="cond" truecount="3" falsecount="1"/>
        <line num="113" count="23" type="cond" truecount="2" falsecount="0"/>
        <line num="114" count="23" type="cond" truecount="4" falsecount="1"/>
        <line num="116" count="0" type="stmt"/>
        <line num="120" count="23" type="cond" truecount="2" falsecount="0"/>
        <line num="121" count="3" type="stmt"/>
        <line num="122" count="12" type="stmt"/>
        <line num="123" count="12" type="stmt"/>
        <line num="125" count="3" type="stmt"/>
        <line num="126" count="9" type="cond" truecount="1" falsecount="1"/>
        <line num="127" count="0" type="stmt"/>
        <line num="128" count="0" type="stmt"/>
        <line num="134" count="23" type="stmt"/>
        <line num="135" count="23" type="stmt"/>
        <line num="136" count="23" type="stmt"/>
        <line num="138" count="23" type="stmt"/>
        <line num="150" count="25" type="stmt"/>
        <line num="183" count="25" type="cond" truecount="2" falsecount="0"/>
        <line num="184" count="20" type="stmt"/>
        <line num="188" count="25" type="cond" truecount="2" falsecount="0"/>
        <line num="189" count="20" type="stmt"/>
        <line num="192" count="25" type="stmt"/>
        <line num="200" count="2" type="stmt"/>
        <line num="201" count="2" type="cond" truecount="2" falsecount="0"/>
        <line num="202" count="1" type="stmt"/>
        <line num="206" count="1" type="stmt"/>
        <line num="207" count="1" type="stmt"/>
        <line num="208" count="1" type="stmt"/>
        <line num="211" count="1" type="stmt"/>
        <line num="214" count="1" type="stmt"/>
        <line num="215" count="1" type="stmt"/>
        <line num="217" count="1" type="stmt"/>
        <line num="219" count="1" type="stmt"/>
        <line num="231" count="23" type="stmt"/>
        <line num="232" count="23" type="stmt"/>
        <line num="235" count="23" type="cond" truecount="2" falsecount="0"/>
        <line num="236" count="3" type="stmt"/>
        <line num="237" count="3" type="stmt"/>
        <line num="239" count="3" type="stmt"/>
        <line num="240" count="12" type="stmt"/>
        <line num="241" count="12" type="cond" truecount="1" falsecount="1"/>
        <line num="242" count="12" type="cond" truecount="1" falsecount="1"/>
        <line num="243" count="0" type="stmt"/>
        <line num="245" count="12" type="stmt"/>
        <line num="251" count="23" type="stmt"/>
        <line num="258" count="23" type="cond" truecount="4" falsecount="0"/>
[...]
        <line num="292" count="0" type="stmt"/>
        <line num="293" count="0" type="stmt"/>
        <line num="300" count="23" type="cond" truecount="2" falsecount="0"/>
        <line num="301" count="7" type="stmt"/>
        <line num="302" count="33" type="cond" truecount="2" falsecount="0"/>
        <line num="303" count="1" type="stmt"/>
        <line num="305" count="33" type="cond" truecount="2" falsecount="0"/>
        <line num="306" count="1" type="stmt"/>
        <line num="312" count="23" type="stmt"/>
        <line num="313" count="23" type="cond" truecount="2" falsecount="0"/>
        <line num="314" count="6" type="cond" truecount="1" falsecount="1"/>
        <line num="315" count="0" type="stmt"/>
        <line num="317" count="6" type="cond" truecount="2" falsecount="0"/>
        <line num="318" count="1" type="stmt"/>
        <line num="322" count="6" type="cond" truecount="2" falsecount="0"/>
        <line num="323" count="29" type="cond" truecount="1" falsecount="1"/>
        <line num="325" count="6" type="cond" truecount="2" falsecount="0"/>
        <line num="326" count="3" type="stmt"/>
        <line num="330" count="23" type="stmt"/>
        <line num="341" count="1" type="stmt"/>
        <line num="342" count="1" type="stmt"/>
        <line num="345" count="1" type="cond" truecount="2" falsecount="0"/>
        <line num="348" count="1" type="stmt"/>
        <line num="349" count="1" type="stmt"/>
        <line num="351" count="1" type="stmt"/>
        <line num="352" count="1" type="stmt"/>
        <line num="355" count="1" type="stmt"/>
        <line num="357" count="1" type="stmt"/>
        <line num="367" count="1" type="stmt"/>
        <line num="368" count="1" type="stmt"/>
        <line num="371" count="1" type="stmt"/>
        <line num="372" count="1" type="stmt"/>
        <line num="375" count="1" type="stmt"/>
        <line num="376" count="1" type="stmt"/>
        <line num="378" count="1" type="stmt"/>
        <line num="379" count="1" type="stmt"/>
        <line num="383" count="1" type="cond" truecount="1" falsecount="1"/>
        <line num="384" count="1" type="stmt"/>
        <line num="386" count="1" type="cond" truecount="1" falsecount="1"/>
        <line num="387" count="1" type="stmt"/>
        <line num="390" count="1" type="stmt"/>
        <line num="392" count="1" type="stmt"/>
        <line num="416" count="2" type="stmt"/>
        <line num="419" count="2" type="cond" truecount="1" falsecount="1"/>
        <line num="420" count="2" type="stmt"/>
        <line num="421" count="18" type="cond" truecount="3" falsecount="1"/>
        <line num="423" count="18" type="stmt"/>
        <line num="429" count="2" type="cond" truecount="1" falsecount="1"/>
        <line num="430" count="2" type="stmt"/>
        <line num="431" count="2" type="stmt"/>
        <line num="432" count="18" type="stmt"/>
        <line num="439" count="2" type="stmt"/>
        <line num="446" count="1" type="stmt"/>
        <line num="453" count="1" type="stmt"/>
        <line num="454" count="1" type="stmt"/>
        <line num="455" count="1" type="cond" truecount="1" falsecount="1"/>
        <line num="457" count="1" type="stmt"/>
        <line num="458" count="1" type="cond" truecount="1" falsecount="1"/>
        <line num="459" count="1" type="stmt"/>
        <line num="463" count="1" type="stmt"/>
        <line num="470" count="1" type="stmt"/>
        <line num="474" count="1" type="stmt"/>
        <line num="478" count="1" type="cond" truecount="1" falsecount="1"/>
        <line num="479" count="0" type="stmt"/>
        <line num="480" count="1" type="cond" truecount="1" falsecount="1"/>
        <line num="481" count="0" type="stmt"/>
        <line num="483" count="1" type="stmt"/>
        <line num="491" count="2" type="cond" truecount="3" falsecount="0"/>
        <line num="498" count="2" type="cond" truecount="1" falsecount="1"/>
        <line num="499" count="2" type="cond" truecount="1" falsecount="1"/>
        <line num="500" count="0" type="cond" truecount="0" falsecount="2"/>
        <line num="501" count="0" type="stmt"/>
        <line num="508" count="2" type="cond" truecount="2" falsecount="0"/>
        <line num="509" count="2" type="stmt"/>
        <line num="511" count="2" type="stmt"/>
        <line num="512" count="2" type="stmt"/>
        <line num="513" count="2" type="cond" truecount="2" falsecount="0"/>
        <line num="514" count="2" type="cond" truecount="2" falsecount="0"/>
        <line num="515" count="2" type="stmt"/>
        <line num="523" count="6" type="stmt"/>
        <line num="531" count="6" type="stmt"/>
        <line num="536" count="6" type="stmt"/>
        <line num="543" count="0" type="cond" truecount="0" falsecount="2"/>
        <line num="544" count="0" type="stmt"/>
        <line num="551" count="0" type="stmt"/>
        <line num="552" count="0" type="stmt"/>
        <line num="553" count="0" type="stmt"/>
        <line num="555" count="0" type="stmt"/>
        <line num="556" count="0" type="cond" truecount="0" falsecount="2"/>
        <line num="557" count="0" type="stmt"/>
        <line num="558" count="0" type="stmt"/>
        <line num="559" count="0" type="stmt"/>
        <line num="569" count="0" type="stmt"/>
        <line num="571" count="0" type="stmt"/>
        <line num="572" count="0" type="stmt"/>
        <line num="580" count="40" type="stmt"/>
        <line num="667" count="5" type="stmt"/>
      </file>
    </package>
    <package name="src.contextInference.utils">
      <metrics statements="7" coveredstatements="7" conditionals="2" coveredconditionals="2" methods="1" coveredmethods="1"/>
      <file name="canonicalizer.js" path="/Users/aniajaca/Library/Mobile Documents/com~apple~CloudDocs/Neperia/semgrep-backend/src/contextInference/utils/canonicalizer.js">
        <metrics statements="7" coveredstatements="7" conditionals="2" coveredconditionals="2" methods="1" coveredmethods="1"/>
        <line num="9" count="36" type="stmt"/>
        <line num="12" count="36" type="stmt"/>
        <line num="69" count="36" type="stmt"/>
        <line num="70" count="37" type="cond" truecount="2" falsecount="0"/>
        <line num="71" count="37" type="stmt"/>
        <line num="74" count="36" type="stmt"/>
        <line num="77" count="2" type="stmt"/>
      </file>
    </package>
    <package name="src.lib">
      <metrics statements="220" coveredstatements="133" conditionals="218" coveredconditionals="171" methods="49" coveredmethods="25"/>
      <file name="dataModels.js" path="/Users/aniajaca/Library/Mobile Documents/com~apple~CloudDocs/Neperia/semgrep-backend/src/lib/dataModels.js">
        <metrics statements="67" coveredstatements="67" conditionals="71" coveredconditionals="68" methods="12" coveredmethods="12"/>
        <line num="7" count="48" type="cond" truecount="2" falsecount="0"/>
        <line num="9" count="34" type="stmt"/>
        <line num="11" count="34" type="stmt"/>
        <line num="32" count="34" type="cond" truecount="2" falsecount="0"/>
        <line num="39" count="30" type="stmt"/>
        <line num="42" count="30" type="stmt"/>
        <line num="62" count="30" type="stmt"/>
        <line num="63" count="480" type="cond" truecount="2" falsecount="0"/>
        <line num="64" count="23" type="stmt"/>
        <line num="69" count="30" type="stmt"/>
        <line num="70" count="30" type="stmt"/>
        <line num="71" count="90" type="cond" truecount="2" falsecount="0"/>
        <line num="72" count="3" type="stmt"/>
        <line num="77" count="30" type="cond" truecount="2" falsecount="0"/>
        <line num="78" count="3" type="stmt"/>
        <line num="79" count="3" type="cond" truecount="2" falsecount="0"/>
        <line num="80" count="3" type="stmt"/>
        <line num="84" count="30" type="cond" truecount="4" falsecount="0"/>
        <line num="85" count="1" type="stmt"/>
        <line num="89" count="30" type="cond" truecount="2" falsecount="0"/>
        <line num="90" count="1" type="stmt"/>
        <line num="93" count="30" type="stmt"/>
        <line num="100" count="44" type="cond" truecount="4" falsecount="0"/>
        <line num="101" count="30" type="cond" truecount="4" falsecount="0"/>
        <line num="103" count="25" type="cond" truecount="2" falsecount="0"/>
        <line num="104" count="20" type="stmt"/>
        <line num="105" count="20" type="cond" truecount="4" falsecount="0"/>
        <line num="108" count="5" type="stmt"/>
        <line num="115" count="12" type="stmt"/>
        <line num="130" count="12" type="cond" truecount="4" falsecount="0"/>
        <line num="131" count="3" type="stmt"/>
        <line num="134" count="9" type="stmt"/>
        <line num="136" count="9" type="stmt"/>
        <line num="138" count="24" type="stmt"/>
        <line num="139" count="24" type="cond" truecount="1" falsecount="1"/>
        <line num="140" count="24" type="stmt"/>
        <line num="144" count="24" type="cond" truecount="2" falsecount="0"/>
        <line num="145" count="24" type="cond" truecount="2" falsecount="0"/>
        <line num="148" count="24" type="cond" truecount="3" falsecount="0"/>
        <line num="149" count="24" type="stmt"/>
        <line num="150" count="24" type="stmt"/>
        <line num="151" count="24" type="stmt"/>
        <line num="154" count="9" type="stmt"/>
        <line num="156" count="9" type="stmt"/>
        <line num="163" count="10" type="stmt"/>
        <line num="196" count="15" type="cond" truecount="2" falsecount="0"/>
        <line num="197" count="12" type="cond" truecount="2" falsecount="0"/>
        <line num="198" count="9" type="cond" truecount="2" falsecount="0"/>
        <line num="199" count="6" type="cond" truecount="2" falsecount="0"/>
        <line num="200" count="3" type="stmt"/>
        <line num="207" count="13" type="stmt"/>
        <line num="209" count="13" type="cond" truecount="2" falsecount="0"/>
        <line num="210" count="10" type="cond" truecount="2" falsecount="0"/>
        <line num="211" count="7" type="cond" truecount="2" falsecount="0"/>
        <line num="212" count="5" type="cond" truecount="2" falsecount="0"/>
        <line num="213" count="3" type="stmt"/>
        <line num="220" count="8" type="cond" truecount="2" falsecount="0"/>
        <line num="222" count="7" type="stmt"/>
        <line num="229" count="7" type="stmt"/>
        <line num="230" count="7" type="stmt"/>
        <line num="232" count="7" type="stmt"/>
        <line num="233" count="8" type="cond" truecount="2" falsecount="0"/>
        <line num="234" count="8" type="cond" truecount="2" falsecount="0"/>
        <line num="236" count="8" type="stmt"/>
        <line num="237" count="8" type="stmt"/>
        <line num="240" count="7" type="cond" truecount="1" falsecount="1"/>
        <line num="243" count="1" type="stmt"/>
      </file>
      <file name="normalize.js" path="/Users/aniajaca/Library/Mobile Documents/com~apple~CloudDocs/Neperia/semgrep-backend/src/lib/normalize.js">
        <metrics statements="96" coveredstatements="66" conditionals="147" coveredconditionals="103" methods="19" coveredmethods="13"/>
        <line num="13" count="6048" type="cond" truecount="2" falsecount="0"/>
        <line num="15" count="6037" type="stmt"/>
        <line num="17" count="6037" type="stmt"/>
        <line num="38" count="6037" type="cond" truecount="2" falsecount="0"/>
        <line num="45" count="11" type="stmt"/>
        <line num="48" count="11" type="stmt"/>
        <line num="68" count="11" type="stmt"/>
        <line num="69" count="176" type="cond" truecount="2" falsecount="0"/>
        <line num="70" count="10" type="stmt"/>
        <line num="75" count="11" type="stmt"/>
        <line num="76" count="11" type="stmt"/>
        <line num="77" count="33" type="cond" truecount="1" falsecount="1"/>
        <line num="78" count="0" type="stmt"/>
        <line num="83" count="11" type="cond" truecount="2" falsecount="0"/>
        <line num="84" count="2" type="stmt"/>
        <line num="85" count="2" type="cond" truecount="2" falsecount="0"/>
        <line num="86" count="2" type="stmt"/>
        <line num="90" count="11" type="cond" truecount="2" falsecount="2"/>
        <line num="91" count="0" type="stmt"/>
        <line num="95" count="11" type="cond" truecount="1" falsecount="1"/>
        <line num="96" count="0" type="stmt"/>
        <line num="99" count="11" type="stmt"/>
        <line num="106" count="26" type="cond" truecount="4" falsecount="0"/>
        <line num="107" count="18" type="cond" truecount="4" falsecount="0"/>
        <line num="109" count="16" type="cond" truecount="2" falsecount="0"/>
        <line num="110" count="14" type="stmt"/>
        <line num="111" count="14" type="cond" truecount="4" falsecount="0"/>
        <line num="114" count="2" type="stmt"/>
        <line num="121" count="7" type="stmt"/>
        <line num="136" count="7" type="cond" truecount="4" falsecount="0"/>
        <line num="137" count="1" type="stmt"/>
        <line num="140" count="6" type="stmt"/>
        <line num="142" count="6" type="stmt"/>
        <line num="144" count="18" type="stmt"/>
        <line num="145" count="18" type="cond" truecount="1" falsecount="1"/>
        <line num="146" count="18" type="stmt"/>
        <line num="150" count="18" type="cond" truecount="2" falsecount="0"/>
        <line num="151" count="18" type="cond" truecount="2" falsecount="0"/>
        <line num="154" count="18" type="cond" truecount="3" falsecount="0"/>
        <line num="155" count="18" type="stmt"/>
        <line num="156" count="18" type="stmt"/>
        <line num="157" count="18" type="stmt"/>
        <line num="160" count="6" type="stmt"/>
        <line num="162" count="6" type="stmt"/>
        <line num="175" count="14" type="cond" truecount="1" falsecount="1"/>
        <line num="176" count="0" type="stmt"/>
        <line num="179" count="14" type="stmt"/>
        <line num="181" count="6016" type="stmt"/>
        <line num="184" count="6015" type="cond" truecount="1" falsecount="1"/>
        <line num="186" count="6015" type="cond" truecount="1" falsecount="1"/>
        <line num="189" count="6015" type="stmt"/>
        <line num="217" count="10" type="cond" truecount="2" falsecount="0"/>
        <line num="218" count="2" type="stmt"/>
        <line num="219" count="2" type="stmt"/>
        <line num="224" count="8" type="stmt"/>
        <line num="226" count="10" type="stmt"/>
        <line num="235" count="10" type="cond" truecount="4" falsecount="0"/>
        <line num="236" count="1" type="stmt"/>
        <line num="240" count="10" type="stmt"/>
        <line num="250" count="0" type="stmt"/>
        <line num="267" count="0" type="cond" truecount="0" falsecount="2"/>
        <line num="276" count="10" type="stmt"/>
        <line num="278" count="10" type="stmt"/>
        <line num="280" count="11" type="stmt"/>
        <line num="282" count="11" type="cond" truecount="2" falsecount="0"/>
        <line num="284" count="4" type="stmt"/>
        <line num="287" count="4" type="cond" truecount="3" falsecount="3"/>
        <line num="289" count="0" type="stmt"/>
        <line num="293" count="4" type="cond" truecount="3" falsecount="3"/>
        <line num="295" count="0" type="stmt"/>
        <line num="297" count="4" type="stmt"/>
        <line num="300" count="7" type="stmt"/>
        <line num="301" count="7" type="stmt"/>
        <line num="312" count="0" type="stmt"/>
        <line num="345" count="0" type="cond" truecount="0" falsecount="2"/>
        <line num="346" count="0" type="cond" truecount="0" falsecount="2"/>
        <line num="347" count="0" type="cond" truecount="0" falsecount="2"/>
        <line num="348" count="0" type="cond" truecount="0" falsecount="2"/>
        <line num="349" count="0" type="stmt"/>
        <line num="356" count="0" type="stmt"/>
        <line num="358" count="0" type="cond" truecount="0" falsecount="2"/>
        <line num="359" count="0" type="cond" truecount="0" falsecount="2"/>
        <line num="360" count="0" type="cond" truecount="0" falsecount="2"/>
        <line num="361" count="0" type="cond" truecount="0" falsecount="2"/>
        <line num="362" count="0" type="stmt"/>
        <line num="369" count="0" type="cond" truecount="0" falsecount="2"/>
        <line num="371" count="0" type="stmt"/>
        <line num="378" count="0" type="stmt"/>
        <line num="379" count="0" type="stmt"/>
        <line num="381" count="0" type="stmt"/>
        <line num="382" count="0" type="cond" truecount="0" falsecount="2"/>
        <line num="383" count="0" type="cond" truecount="0" falsecount="2"/>
        <line num="385" count="0" type="stmt"/>
        <line num="386" count="0" type="stmt"/>
        <line num="389" count="0" type="cond" truecount="0" falsecount="2"/>
        <line num="396" count="3" type="stmt"/>
      </file>
      <file name="snippetExtractor.js" path="/Users/aniajaca/Library/Mobile Documents/com~apple~CloudDocs/Neperia/semgrep-backend/src/lib/snippetExtractor.js">
        <metrics statements="57" coveredstatements="0" conditionals="0" coveredconditionals="0" methods="18" coveredmethods="0"/>
        <line num="2" count="0" type="stmt"/>
        <line num="3" count="0" type="stmt"/>
        <line num="4" count="0" type="stmt"/>
        <line num="6" count="0" type="stmt"/>
        <line num="10" count="0" type="stmt"/>
        <line num="12" count="0" type="stmt"/>
        <line num="13" count="0" type="stmt"/>
        <line num="20" count="0" type="stmt"/>
        <line num="23" count="0" type="stmt"/>
        <line num="25" count="0" type="stmt"/>
        <line num="26" count="0" type="stmt"/>
        <line num="32" count="0" type="stmt"/>
        <line num="33" count="0" type="stmt"/>
        <line num="36" count="0" type="stmt"/>
        <line num="37" count="0" type="stmt"/>
        <line num="38" count="0" type="stmt"/>
        <line num="42" count="0" type="stmt"/>
        <line num="43" count="0" type="stmt"/>
        <line num="46" count="0" type="stmt"/>
        <line num="47" count="0" type="stmt"/>
        <line num="51" count="0" type="stmt"/>
        <line num="52" count="0" type="stmt"/>
        <line num="55" count="0" type="stmt"/>
        <line num="56" count="0" type="stmt"/>
        <line num="60" count="0" type="stmt"/>
        <line num="61" count="0" type="stmt"/>
        <line num="64" count="0" type="stmt"/>
        <line num="65" count="0" type="stmt"/>
        <line num="67" count="0" type="stmt"/>
        <line num="70" count="0" type="stmt"/>
        <line num="71" count="0" type="stmt"/>
        <line num="73" count="0" type="stmt"/>
        <line num="76" count="0" type="stmt"/>
        <line num="77" count="0" type="stmt"/>
        <line num="81" count="0" type="stmt"/>
        <line num="84" count="0" type="stmt"/>
        <line num="85" count="0" type="stmt"/>
        <line num="89" count="0" type="stmt"/>
        <line num="93" count="0" type="stmt"/>
        <line num="94" count="0" type="stmt"/>
        <line num="95" count="0" type="stmt"/>
        <line num="97" count="0" type="stmt"/>
        <line num="98" count="0" type="stmt"/>
        <line num="101" count="0" type="stmt"/>
        <line num="102" count="0" type="stmt"/>
        <line num="103" count="0" type="stmt"/>
        <line num="105" count="0" type="stmt"/>
        <line num="108" count="0" type="stmt"/>
        <line num="109" count="0" type="stmt"/>
        <line num="111" count="0" type="stmt"/>
        <line num="115" count="0" type="stmt"/>
        <line num="116" count="0" type="stmt"/>
        <line num="117" count="0" type="stmt"/>
        <line num="118" count="0" type="stmt"/>
        <line num="120" count="0" type="stmt"/>
        <line num="122" count="0" type="stmt"/>
        <line num="123" count="0" type="stmt"/>
      </file>
    </package>
  </project>
</coverage>
