{"/Users/aniajaca/Library/Mobile Documents/com~apple~CloudDocs/Neperia/semgrep-backend/src/astScanner.js": {"path":"/Users/aniajaca/Library/Mobile Documents/com~apple~CloudDocs/Neperia/semgrep-backend/src/astScanner.js","statementMap":{"0":{"start":{"line":3,"column":29},"end":{"line":3,"column":62}},"1":{"start":{"line":4,"column":17},"end":{"line":4,"column":44}},"2":{"start":{"line":9,"column":4},"end":{"line":118,"column":6}},"3":{"start":{"line":121,"column":4},"end":{"line":121,"column":35}},"4":{"start":{"line":128,"column":21},"end":{"line":128,"column":23}},"5":{"start":{"line":129,"column":4},"end":{"line":129,"column":31}},"6":{"start":{"line":131,"column":4},"end":{"line":133,"column":5}},"7":{"start":{"line":132,"column":6},"end":{"line":132,"column":22}},"8":{"start":{"line":136,"column":29},"end":{"line":136,"column":94}},"9":{"start":{"line":139,"column":18},"end":{"line":139,"column":34}},"10":{"start":{"line":142,"column":24},"end":{"line":142,"column":59}},"11":{"start":{"line":145,"column":4},"end":{"line":181,"column":7}},"12":{"start":{"line":146,"column":6},"end":{"line":180,"column":9}},"13":{"start":{"line":148,"column":8},"end":{"line":148,"column":30}},"14":{"start":{"line":151,"column":8},"end":{"line":179,"column":9}},"15":{"start":{"line":153,"column":27},"end":{"line":153,"column":38}},"16":{"start":{"line":154,"column":27},"end":{"line":154,"column":28}},"17":{"start":{"line":155,"column":26},"end":{"line":155,"column":27}},"18":{"start":{"line":157,"column":10},"end":{"line":163,"column":11}},"19":{"start":{"line":157,"column":23},"end":{"line":157,"column":24}},"20":{"start":{"line":158,"column":12},"end":{"line":158,"column":45}},"21":{"start":{"line":159,"column":12},"end":{"line":162,"column":13}},"22":{"start":{"line":160,"column":14},"end":{"line":160,"column":33}},"23":{"start":{"line":161,"column":14},"end":{"line":161,"column":20}},"24":{"start":{"line":166,"column":37},"end":{"line":166,"column":89}},"25":{"start":{"line":169,"column":26},"end":{"line":176,"column":11}},"26":{"start":{"line":178,"column":10},"end":{"line":178,"column":33}},"27":{"start":{"line":184,"column":4},"end":{"line":184,"column":68}},"28":{"start":{"line":187,"column":4},"end":{"line":187,"column":51}},"29":{"start":{"line":194,"column":24},"end":{"line":194,"column":33}},"30":{"start":{"line":195,"column":21},"end":{"line":200,"column":5}},"31":{"start":{"line":202,"column":4},"end":{"line":211,"column":7}},"32":{"start":{"line":203,"column":6},"end":{"line":210,"column":9}},"33":{"start":{"line":204,"column":8},"end":{"line":204,"column":30}},"34":{"start":{"line":205,"column":22},"end":{"line":205,"column":40}},"35":{"start":{"line":206,"column":8},"end":{"line":209,"column":9}},"36":{"start":{"line":207,"column":27},"end":{"line":207,"column":71}},"37":{"start":{"line":208,"column":10},"end":{"line":208,"column":47}},"38":{"start":{"line":213,"column":4},"end":{"line":213,"column":23}},"39":{"start":{"line":220,"column":22},"end":{"line":220,"column":30}},"40":{"start":{"line":221,"column":22},"end":{"line":221,"column":23}},"41":{"start":{"line":223,"column":4},"end":{"line":228,"column":5}},"42":{"start":{"line":224,"column":6},"end":{"line":227,"column":7}},"43":{"start":{"line":225,"column":8},"end":{"line":225,"column":27}},"44":{"start":{"line":226,"column":8},"end":{"line":226,"column":27}},"45":{"start":{"line":230,"column":4},"end":{"line":230,"column":23}},"46":{"start":{"line":238,"column":18},"end":{"line":238,"column":53}},"47":{"start":{"line":241,"column":14},"end":{"line":241,"column":44}},"48":{"start":{"line":242,"column":21},"end":{"line":242,"column":50}},"49":{"start":{"line":243,"column":18},"end":{"line":243,"column":113}},"50":{"start":{"line":246,"column":24},"end":{"line":246,"column":76}},"51":{"start":{"line":248,"column":4},"end":{"line":269,"column":6}},"52":{"start":{"line":276,"column":4},"end":{"line":350,"column":5}},"53":{"start":{"line":278,"column":6},"end":{"line":295,"column":7}},"54":{"start":{"line":279,"column":8},"end":{"line":294,"column":9}},"55":{"start":{"line":280,"column":10},"end":{"line":293,"column":13}},"56":{"start":{"line":298,"column":6},"end":{"line":313,"column":7}},"57":{"start":{"line":299,"column":8},"end":{"line":312,"column":11}},"58":{"start":{"line":316,"column":6},"end":{"line":331,"column":7}},"59":{"start":{"line":317,"column":8},"end":{"line":330,"column":11}},"60":{"start":{"line":334,"column":6},"end":{"line":349,"column":7}},"61":{"start":{"line":335,"column":8},"end":{"line":348,"column":11}},"62":{"start":{"line":357,"column":20},"end":{"line":357,"column":29}},"63":{"start":{"line":359,"column":4},"end":{"line":381,"column":7}},"64":{"start":{"line":360,"column":18},"end":{"line":360,"column":70}},"65":{"start":{"line":362,"column":6},"end":{"line":380,"column":7}},"66":{"start":{"line":363,"column":8},"end":{"line":367,"column":11}},"67":{"start":{"line":369,"column":25},"end":{"line":369,"column":41}},"68":{"start":{"line":370,"column":8},"end":{"line":370,"column":42}},"69":{"start":{"line":371,"column":8},"end":{"line":371,"column":31}},"70":{"start":{"line":374,"column":8},"end":{"line":379,"column":9}},"71":{"start":{"line":375,"column":10},"end":{"line":375,"column":95}},"72":{"start":{"line":376,"column":10},"end":{"line":376,"column":118}},"73":{"start":{"line":378,"column":10},"end":{"line":378,"column":118}},"74":{"start":{"line":383,"column":4},"end":{"line":383,"column":40}},"75":{"start":{"line":390,"column":19},"end":{"line":396,"column":5}},"76":{"start":{"line":398,"column":4},"end":{"line":398,"column":45}},"77":{"start":{"line":402,"column":0},"end":{"line":402,"column":45}}},"fnMap":{"0":{"name":"(anonymous_0)","decl":{"start":{"line":7,"column":2},"end":{"line":7,"column":3}},"loc":{"start":{"line":7,"column":16},"end":{"line":122,"column":3}},"line":7},"1":{"name":"(anonymous_1)","decl":{"start":{"line":127,"column":2},"end":{"line":127,"column":3}},"loc":{"start":{"line":127,"column":60},"end":{"line":188,"column":3}},"line":127},"2":{"name":"(anonymous_2)","decl":{"start":{"line":145,"column":45},"end":{"line":145,"column":46}},"loc":{"start":{"line":145,"column":71},"end":{"line":181,"column":5}},"line":145},"3":{"name":"(anonymous_3)","decl":{"start":{"line":146,"column":23},"end":{"line":146,"column":24}},"loc":{"start":{"line":146,"column":34},"end":{"line":180,"column":7}},"line":146},"4":{"name":"(anonymous_4)","decl":{"start":{"line":193,"column":2},"end":{"line":193,"column":3}},"loc":{"start":{"line":193,"column":33},"end":{"line":214,"column":3}},"line":193},"5":{"name":"(anonymous_5)","decl":{"start":{"line":202,"column":18},"end":{"line":202,"column":19}},"loc":{"start":{"line":202,"column":35},"end":{"line":211,"column":5}},"line":202},"6":{"name":"(anonymous_6)","decl":{"start":{"line":203,"column":23},"end":{"line":203,"column":24}},"loc":{"start":{"line":203,"column":34},"end":{"line":210,"column":7}},"line":203},"7":{"name":"(anonymous_7)","decl":{"start":{"line":219,"column":2},"end":{"line":219,"column":3}},"loc":{"start":{"line":219,"column":50},"end":{"line":231,"column":3}},"line":219},"8":{"name":"(anonymous_8)","decl":{"start":{"line":236,"column":2},"end":{"line":236,"column":3}},"loc":{"start":{"line":236,"column":96},"end":{"line":270,"column":3}},"line":236},"9":{"name":"(anonymous_9)","decl":{"start":{"line":275,"column":2},"end":{"line":275,"column":3}},"loc":{"start":{"line":275,"column":61},"end":{"line":351,"column":3}},"line":275},"10":{"name":"(anonymous_10)","decl":{"start":{"line":356,"column":2},"end":{"line":356,"column":3}},"loc":{"start":{"line":356,"column":37},"end":{"line":384,"column":3}},"line":356},"11":{"name":"(anonymous_11)","decl":{"start":{"line":359,"column":21},"end":{"line":359,"column":22}},"loc":{"start":{"line":359,"column":32},"end":{"line":381,"column":5}},"line":359},"12":{"name":"(anonymous_12)","decl":{"start":{"line":389,"column":2},"end":{"line":389,"column":3}},"loc":{"start":{"line":389,"column":25},"end":{"line":399,"column":3}},"line":389}},"branchMap":{"0":{"loc":{"start":{"line":127,"column":13},"end":{"line":127,"column":33}},"type":"default-arg","locations":[{"start":{"line":127,"column":24},"end":{"line":127,"column":33}}],"line":127},"1":{"loc":{"start":{"line":127,"column":35},"end":{"line":127,"column":58}},"type":"default-arg","locations":[{"start":{"line":127,"column":46},"end":{"line":127,"column":58}}],"line":127},"2":{"loc":{"start":{"line":131,"column":4},"end":{"line":133,"column":5}},"type":"if","locations":[{"start":{"line":131,"column":4},"end":{"line":133,"column":5}},{"start":{},"end":{}}],"line":131},"3":{"loc":{"start":{"line":131,"column":8},"end":{"line":131,"column":41}},"type":"binary-expr","locations":[{"start":{"line":131,"column":8},"end":{"line":131,"column":13}},{"start":{"line":131,"column":17},"end":{"line":131,"column":41}}],"line":131},"4":{"loc":{"start":{"line":136,"column":29},"end":{"line":136,"column":94}},"type":"binary-expr","locations":[{"start":{"line":136,"column":29},"end":{"line":136,"column":66}},{"start":{"line":136,"column":70},"end":{"line":136,"column":94}}],"line":136},"5":{"loc":{"start":{"line":159,"column":12},"end":{"line":162,"column":13}},"type":"if","locations":[{"start":{"line":159,"column":12},"end":{"line":162,"column":13}},{"start":{},"end":{}}],"line":159},"6":{"loc":{"start":{"line":206,"column":8},"end":{"line":209,"column":9}},"type":"if","locations":[{"start":{"line":206,"column":8},"end":{"line":209,"column":9}},{"start":{},"end":{}}],"line":206},"7":{"loc":{"start":{"line":207,"column":27},"end":{"line":207,"column":71}},"type":"binary-expr","locations":[{"start":{"line":207,"column":27},"end":{"line":207,"column":35}},{"start":{"line":207,"column":39},"end":{"line":207,"column":47}},{"start":{"line":207,"column":51},"end":{"line":207,"column":71}}],"line":207},"8":{"loc":{"start":{"line":224,"column":6},"end":{"line":227,"column":7}},"type":"if","locations":[{"start":{"line":224,"column":6},"end":{"line":227,"column":7}},{"start":{},"end":{}}],"line":224},"9":{"loc":{"start":{"line":224,"column":10},"end":{"line":224,"column":50}},"type":"binary-expr","locations":[{"start":{"line":224,"column":10},"end":{"line":224,"column":28}},{"start":{"line":224,"column":32},"end":{"line":224,"column":50}}],"line":224},"10":{"loc":{"start":{"line":236,"column":65},"end":{"line":236,"column":94}},"type":"default-arg","locations":[{"start":{"line":236,"column":86},"end":{"line":236,"column":94}}],"line":236},"11":{"loc":{"start":{"line":241,"column":14},"end":{"line":241,"column":44}},"type":"binary-expr","locations":[{"start":{"line":241,"column":14},"end":{"line":241,"column":38}},{"start":{"line":241,"column":42},"end":{"line":241,"column":44}}],"line":241},"12":{"loc":{"start":{"line":242,"column":21},"end":{"line":242,"column":50}},"type":"binary-expr","locations":[{"start":{"line":242,"column":21},"end":{"line":242,"column":38}},{"start":{"line":242,"column":42},"end":{"line":242,"column":50}}],"line":242},"13":{"loc":{"start":{"line":243,"column":18},"end":{"line":243,"column":113}},"type":"cond-expr","locations":[{"start":{"line":243,"column":28},"end":{"line":243,"column":49}},{"start":{"line":243,"column":52},"end":{"line":243,"column":113}}],"line":243},"14":{"loc":{"start":{"line":255,"column":13},"end":{"line":255,"column":40}},"type":"binary-expr","locations":[{"start":{"line":255,"column":13},"end":{"line":255,"column":20}},{"start":{"line":255,"column":24},"end":{"line":255,"column":40}}],"line":255},"15":{"loc":{"start":{"line":256,"column":18},"end":{"line":256,"column":45}},"type":"binary-expr","locations":[{"start":{"line":256,"column":18},"end":{"line":256,"column":25}},{"start":{"line":256,"column":29},"end":{"line":256,"column":45}}],"line":256},"16":{"loc":{"start":{"line":257,"column":32},"end":{"line":257,"column":59}},"type":"binary-expr","locations":[{"start":{"line":257,"column":32},"end":{"line":257,"column":39}},{"start":{"line":257,"column":43},"end":{"line":257,"column":59}}],"line":257},"17":{"loc":{"start":{"line":261,"column":16},"end":{"line":261,"column":39}},"type":"binary-expr","locations":[{"start":{"line":261,"column":16},"end":{"line":261,"column":26}},{"start":{"line":261,"column":30},"end":{"line":261,"column":39}}],"line":261},"18":{"loc":{"start":{"line":266,"column":19},"end":{"line":266,"column":62}},"type":"binary-expr","locations":[{"start":{"line":266,"column":19},"end":{"line":266,"column":47}},{"start":{"line":266,"column":51},"end":{"line":266,"column":62}}],"line":266},"19":{"loc":{"start":{"line":276,"column":4},"end":{"line":350,"column":5}},"type":"if","locations":[{"start":{"line":276,"column":4},"end":{"line":350,"column":5}},{"start":{},"end":{}}],"line":276},"20":{"loc":{"start":{"line":278,"column":6},"end":{"line":295,"column":7}},"type":"if","locations":[{"start":{"line":278,"column":6},"end":{"line":295,"column":7}},{"start":{},"end":{}}],"line":278},"21":{"loc":{"start":{"line":278,"column":10},"end":{"line":278,"column":63}},"type":"binary-expr","locations":[{"start":{"line":278,"column":10},"end":{"line":278,"column":35}},{"start":{"line":278,"column":39},"end":{"line":278,"column":63}}],"line":278},"22":{"loc":{"start":{"line":279,"column":8},"end":{"line":294,"column":9}},"type":"if","locations":[{"start":{"line":279,"column":8},"end":{"line":294,"column":9}},{"start":{},"end":{}}],"line":279},"23":{"loc":{"start":{"line":279,"column":12},"end":{"line":279,"column":97}},"type":"binary-expr","locations":[{"start":{"line":279,"column":12},"end":{"line":279,"column":47}},{"start":{"line":279,"column":51},"end":{"line":279,"column":72}},{"start":{"line":279,"column":76},"end":{"line":279,"column":97}}],"line":279},"24":{"loc":{"start":{"line":298,"column":6},"end":{"line":313,"column":7}},"type":"if","locations":[{"start":{"line":298,"column":6},"end":{"line":313,"column":7}},{"start":{},"end":{}}],"line":298},"25":{"loc":{"start":{"line":298,"column":10},"end":{"line":298,"column":64}},"type":"binary-expr","locations":[{"start":{"line":298,"column":10},"end":{"line":298,"column":36}},{"start":{"line":298,"column":40},"end":{"line":298,"column":64}}],"line":298},"26":{"loc":{"start":{"line":316,"column":6},"end":{"line":331,"column":7}},"type":"if","locations":[{"start":{"line":316,"column":6},"end":{"line":331,"column":7}},{"start":{},"end":{}}],"line":316},"27":{"loc":{"start":{"line":316,"column":10},"end":{"line":316,"column":88}},"type":"binary-expr","locations":[{"start":{"line":316,"column":10},"end":{"line":316,"column":35}},{"start":{"line":316,"column":39},"end":{"line":316,"column":61}},{"start":{"line":316,"column":65},"end":{"line":316,"column":88}}],"line":316},"28":{"loc":{"start":{"line":334,"column":6},"end":{"line":349,"column":7}},"type":"if","locations":[{"start":{"line":334,"column":6},"end":{"line":349,"column":7}},{"start":{},"end":{}}],"line":334},"29":{"loc":{"start":{"line":362,"column":6},"end":{"line":380,"column":7}},"type":"if","locations":[{"start":{"line":362,"column":6},"end":{"line":380,"column":7}},{"start":{"line":368,"column":13},"end":{"line":380,"column":7}}],"line":362},"30":{"loc":{"start":{"line":374,"column":8},"end":{"line":379,"column":9}},"type":"if","locations":[{"start":{"line":374,"column":8},"end":{"line":379,"column":9}},{"start":{"line":377,"column":15},"end":{"line":379,"column":9}}],"line":374},"31":{"loc":{"start":{"line":398,"column":11},"end":{"line":398,"column":44}},"type":"binary-expr","locations":[{"start":{"line":398,"column":11},"end":{"line":398,"column":27}},{"start":{"line":398,"column":31},"end":{"line":398,"column":44}}],"line":398}},"s":{"0":1,"1":1,"2":5,"3":5,"4":5,"5":5,"6":5,"7":0,"8":5,"9":5,"10":5,"11":5,"12":70,"13":320,"14":320,"15":3,"16":3,"17":3,"18":3,"19":3,"20":3,"21":3,"22":3,"23":3,"24":3,"25":3,"26":3,"27":5,"28":5,"29":5,"30":5,"31":5,"32":5,"33":20,"34":20,"35":20,"36":0,"37":0,"38":5,"39":3,"40":3,"41":3,"42":0,"43":0,"44":0,"45":3,"46":3,"47":3,"48":3,"49":3,"50":3,"51":3,"52":5,"53":5,"54":0,"55":0,"56":5,"57":0,"58":5,"59":0,"60":5,"61":0,"62":5,"63":5,"64":3,"65":3,"66":3,"67":0,"68":0,"69":0,"70":0,"71":0,"72":0,"73":0,"74":5,"75":3,"76":3,"77":1},"f":{"0":5,"1":5,"2":70,"3":320,"4":5,"5":5,"6":20,"7":3,"8":3,"9":5,"10":5,"11":3,"12":3},"b":{"0":[0],"1":[0],"2":[0,5],"3":[5,5],"4":[5,0],"5":[3,0],"6":[0,20],"7":[0,0,0],"8":[0,0],"9":[0,0],"10":[0],"11":[3,0],"12":[3,0],"13":[3,0],"14":[3,0],"15":[3,0],"16":[3,0],"17":[3,0],"18":[3,1],"19":[5,0],"20":[0,5],"21":[5,5],"22":[0,0],"23":[0,0,0],"24":[0,5],"25":[5,0],"26":[0,5],"27":[5,0,0],"28":[0,5],"29":[3,0],"30":[0,0],"31":[3,0]},"_coverageSchema":"1a1c01bbd47fc00a2c39e90264f33305004495a9","hash":"3692b6fce4d41474f5a5c93a6767cae59ce52616"}
,"/Users/aniajaca/Library/Mobile Documents/com~apple~CloudDocs/Neperia/semgrep-backend/src/customEnvironmentalFactors.js": {"path":"/Users/aniajaca/Library/Mobile Documents/com~apple~CloudDocs/Neperia/semgrep-backend/src/customEnvironmentalFactors.js","statementMap":{"0":{"start":{"line":16,"column":4},"end":{"line":155,"column":6}},"1":{"start":{"line":158,"column":4},"end":{"line":184,"column":6}},"2":{"start":{"line":191,"column":4},"end":{"line":191,"column":37}},"3":{"start":{"line":198,"column":4},"end":{"line":198,"column":43}},"4":{"start":{"line":205,"column":19},"end":{"line":210,"column":5}},"5":{"start":{"line":213,"column":4},"end":{"line":253,"column":7}},"6":{"start":{"line":214,"column":6},"end":{"line":214,"column":35}},"7":{"start":{"line":214,"column":28},"end":{"line":214,"column":35}},"8":{"start":{"line":216,"column":24},"end":{"line":216,"column":55}},"9":{"start":{"line":217,"column":6},"end":{"line":217,"column":29}},"10":{"start":{"line":217,"column":22},"end":{"line":217,"column":29}},"11":{"start":{"line":220,"column":6},"end":{"line":225,"column":7}},"12":{"start":{"line":221,"column":38},"end":{"line":221,"column":73}},"13":{"start":{"line":222,"column":8},"end":{"line":224,"column":9}},"14":{"start":{"line":223,"column":10},"end":{"line":223,"column":17}},"15":{"start":{"line":228,"column":6},"end":{"line":244,"column":7}},"16":{"start":{"line":229,"column":23},"end":{"line":229,"column":60}},"17":{"start":{"line":230,"column":8},"end":{"line":230,"column":41}},"18":{"start":{"line":231,"column":8},"end":{"line":235,"column":10}},"19":{"start":{"line":236,"column":13},"end":{"line":244,"column":7}},"20":{"start":{"line":237,"column":22},"end":{"line":237,"column":56}},"21":{"start":{"line":238,"column":8},"end":{"line":238,"column":38}},"22":{"start":{"line":239,"column":8},"end":{"line":243,"column":10}},"23":{"start":{"line":246,"column":6},"end":{"line":252,"column":9}},"24":{"start":{"line":255,"column":4},"end":{"line":255,"column":18}},"25":{"start":{"line":262,"column":4},"end":{"line":262,"column":46}},"26":{"start":{"line":262,"column":29},"end":{"line":262,"column":46}},"27":{"start":{"line":264,"column":16},"end":{"line":264,"column":47}},"28":{"start":{"line":267,"column":4},"end":{"line":267,"column":83}},"29":{"start":{"line":267,"column":64},"end":{"line":267,"column":83}},"30":{"start":{"line":268,"column":4},"end":{"line":268,"column":67}},"31":{"start":{"line":268,"column":54},"end":{"line":268,"column":67}},"32":{"start":{"line":269,"column":4},"end":{"line":269,"column":77}},"33":{"start":{"line":269,"column":54},"end":{"line":269,"column":77}},"34":{"start":{"line":270,"column":4},"end":{"line":270,"column":71}},"35":{"start":{"line":270,"column":46},"end":{"line":270,"column":71}},"36":{"start":{"line":271,"column":4},"end":{"line":271,"column":81}},"37":{"start":{"line":271,"column":57},"end":{"line":271,"column":81}},"38":{"start":{"line":272,"column":4},"end":{"line":272,"column":80}},"39":{"start":{"line":272,"column":57},"end":{"line":272,"column":80}},"40":{"start":{"line":273,"column":4},"end":{"line":273,"column":59}},"41":{"start":{"line":273,"column":46},"end":{"line":273,"column":59}},"42":{"start":{"line":275,"column":4},"end":{"line":275,"column":21}},"43":{"start":{"line":282,"column":4},"end":{"line":282,"column":38}},"44":{"start":{"line":289,"column":20},"end":{"line":289,"column":46}},"45":{"start":{"line":290,"column":4},"end":{"line":290,"column":28}},"46":{"start":{"line":290,"column":18},"end":{"line":290,"column":28}},"47":{"start":{"line":292,"column":27},"end":{"line":292,"column":29}},"48":{"start":{"line":293,"column":4},"end":{"line":295,"column":7}},"49":{"start":{"line":294,"column":6},"end":{"line":294,"column":51}},"50":{"start":{"line":297,"column":4},"end":{"line":297,"column":26}},"51":{"start":{"line":304,"column":4},"end":{"line":306,"column":5}},"52":{"start":{"line":305,"column":6},"end":{"line":305,"column":82}},"53":{"start":{"line":308,"column":23},"end":{"line":308,"column":25}},"54":{"start":{"line":309,"column":4},"end":{"line":314,"column":7}},"55":{"start":{"line":310,"column":6},"end":{"line":312,"column":7}},"56":{"start":{"line":311,"column":8},"end":{"line":311,"column":41}},"57":{"start":{"line":313,"column":6},"end":{"line":313,"column":52}},"58":{"start":{"line":316,"column":25},"end":{"line":316,"column":27}},"59":{"start":{"line":317,"column":4},"end":{"line":320,"column":7}},"60":{"start":{"line":318,"column":27},"end":{"line":318,"column":60}},"61":{"start":{"line":319,"column":6},"end":{"line":319,"column":66}},"62":{"start":{"line":322,"column":4},"end":{"line":322,"column":72}},"63":{"start":{"line":329,"column":18},"end":{"line":339,"column":5}},"64":{"start":{"line":340,"column":4},"end":{"line":340,"column":39}},"65":{"start":{"line":347,"column":19},"end":{"line":347,"column":21}},"66":{"start":{"line":348,"column":21},"end":{"line":348,"column":23}},"67":{"start":{"line":350,"column":4},"end":{"line":379,"column":7}},"68":{"start":{"line":351,"column":24},"end":{"line":351,"column":55}},"69":{"start":{"line":353,"column":6},"end":{"line":356,"column":7}},"70":{"start":{"line":354,"column":8},"end":{"line":354,"column":53}},"71":{"start":{"line":355,"column":8},"end":{"line":355,"column":15}},"72":{"start":{"line":358,"column":6},"end":{"line":367,"column":7}},"73":{"start":{"line":360,"column":8},"end":{"line":366,"column":9}},"74":{"start":{"line":361,"column":10},"end":{"line":361,"column":96}},"75":{"start":{"line":364,"column":13},"end":{"line":366,"column":9}},"76":{"start":{"line":365,"column":10},"end":{"line":365,"column":109}},"77":{"start":{"line":369,"column":6},"end":{"line":378,"column":7}},"78":{"start":{"line":371,"column":8},"end":{"line":377,"column":9}},"79":{"start":{"line":372,"column":10},"end":{"line":372,"column":98}},"80":{"start":{"line":375,"column":13},"end":{"line":377,"column":9}},"81":{"start":{"line":376,"column":10},"end":{"line":376,"column":105}},"82":{"start":{"line":381,"column":4},"end":{"line":381,"column":60}},"83":{"start":{"line":388,"column":4},"end":{"line":393,"column":6}},"84":{"start":{"line":400,"column":4},"end":{"line":402,"column":5}},"85":{"start":{"line":401,"column":6},"end":{"line":401,"column":78}},"86":{"start":{"line":404,"column":21},"end":{"line":404,"column":59}},"87":{"start":{"line":405,"column":4},"end":{"line":407,"column":5}},"88":{"start":{"line":406,"column":6},"end":{"line":406,"column":86}},"89":{"start":{"line":409,"column":4},"end":{"line":409,"column":26}},"90":{"start":{"line":416,"column":19},"end":{"line":416,"column":36}},"91":{"start":{"line":417,"column":16},"end":{"line":417,"column":68}},"92":{"start":{"line":418,"column":4},"end":{"line":418,"column":81}},"93":{"start":{"line":423,"column":0},"end":{"line":423,"column":53}},"94":{"start":{"line":424,"column":0},"end":{"line":424,"column":68}}},"fnMap":{"0":{"name":"(anonymous_0)","decl":{"start":{"line":14,"column":2},"end":{"line":14,"column":3}},"loc":{"start":{"line":14,"column":16},"end":{"line":185,"column":3}},"line":14},"1":{"name":"(anonymous_1)","decl":{"start":{"line":190,"column":2},"end":{"line":190,"column":3}},"loc":{"start":{"line":190,"column":37},"end":{"line":192,"column":3}},"line":190},"2":{"name":"(anonymous_2)","decl":{"start":{"line":197,"column":2},"end":{"line":197,"column":3}},"loc":{"start":{"line":197,"column":43},"end":{"line":199,"column":3}},"line":197},"3":{"name":"(anonymous_3)","decl":{"start":{"line":204,"column":2},"end":{"line":204,"column":3}},"loc":{"start":{"line":204,"column":77},"end":{"line":256,"column":3}},"line":204},"4":{"name":"(anonymous_4)","decl":{"start":{"line":213,"column":43},"end":{"line":213,"column":44}},"loc":{"start":{"line":213,"column":67},"end":{"line":253,"column":5}},"line":213},"5":{"name":"(anonymous_5)","decl":{"start":{"line":261,"column":2},"end":{"line":261,"column":3}},"loc":{"start":{"line":261,"column":42},"end":{"line":276,"column":3}},"line":261},"6":{"name":"(anonymous_6)","decl":{"start":{"line":281,"column":2},"end":{"line":281,"column":3}},"loc":{"start":{"line":281,"column":26},"end":{"line":283,"column":3}},"line":281},"7":{"name":"(anonymous_7)","decl":{"start":{"line":288,"column":2},"end":{"line":288,"column":3}},"loc":{"start":{"line":288,"column":28},"end":{"line":298,"column":3}},"line":288},"8":{"name":"(anonymous_8)","decl":{"start":{"line":293,"column":28},"end":{"line":293,"column":29}},"loc":{"start":{"line":293,"column":40},"end":{"line":295,"column":5}},"line":293},"9":{"name":"(anonymous_9)","decl":{"start":{"line":303,"column":2},"end":{"line":303,"column":3}},"loc":{"start":{"line":303,"column":40},"end":{"line":323,"column":3}},"line":303},"10":{"name":"(anonymous_10)","decl":{"start":{"line":309,"column":27},"end":{"line":309,"column":28}},"loc":{"start":{"line":309,"column":37},"end":{"line":314,"column":5}},"line":309},"11":{"name":"(anonymous_11)","decl":{"start":{"line":317,"column":39},"end":{"line":317,"column":40}},"loc":{"start":{"line":317,"column":64},"end":{"line":320,"column":5}},"line":317},"12":{"name":"(anonymous_12)","decl":{"start":{"line":328,"column":2},"end":{"line":328,"column":3}},"loc":{"start":{"line":328,"column":31},"end":{"line":341,"column":3}},"line":328},"13":{"name":"(anonymous_13)","decl":{"start":{"line":346,"column":2},"end":{"line":346,"column":3}},"loc":{"start":{"line":346,"column":52},"end":{"line":382,"column":3}},"line":346},"14":{"name":"(anonymous_14)","decl":{"start":{"line":350,"column":35},"end":{"line":350,"column":36}},"loc":{"start":{"line":350,"column":61},"end":{"line":379,"column":5}},"line":350},"15":{"name":"(anonymous_15)","decl":{"start":{"line":387,"column":2},"end":{"line":387,"column":3}},"loc":{"start":{"line":387,"column":38},"end":{"line":394,"column":3}},"line":387},"16":{"name":"(anonymous_16)","decl":{"start":{"line":399,"column":2},"end":{"line":399,"column":3}},"loc":{"start":{"line":399,"column":30},"end":{"line":410,"column":3}},"line":399},"17":{"name":"(anonymous_17)","decl":{"start":{"line":415,"column":2},"end":{"line":415,"column":3}},"loc":{"start":{"line":415,"column":29},"end":{"line":419,"column":3}},"line":415}},"branchMap":{"0":{"loc":{"start":{"line":190,"column":16},"end":{"line":190,"column":35}},"type":"default-arg","locations":[{"start":{"line":190,"column":24},"end":{"line":190,"column":35}}],"line":190},"1":{"loc":{"start":{"line":191,"column":11},"end":{"line":191,"column":36}},"type":"binary-expr","locations":[{"start":{"line":191,"column":11},"end":{"line":191,"column":30}},{"start":{"line":191,"column":34},"end":{"line":191,"column":36}}],"line":191},"2":{"loc":{"start":{"line":197,"column":22},"end":{"line":197,"column":41}},"type":"default-arg","locations":[{"start":{"line":197,"column":30},"end":{"line":197,"column":41}}],"line":197},"3":{"loc":{"start":{"line":204,"column":35},"end":{"line":204,"column":54}},"type":"default-arg","locations":[{"start":{"line":204,"column":43},"end":{"line":204,"column":54}}],"line":204},"4":{"loc":{"start":{"line":204,"column":56},"end":{"line":204,"column":75}},"type":"default-arg","locations":[{"start":{"line":204,"column":73},"end":{"line":204,"column":75}}],"line":204},"5":{"loc":{"start":{"line":214,"column":6},"end":{"line":214,"column":35}},"type":"if","locations":[{"start":{"line":214,"column":6},"end":{"line":214,"column":35}},{"start":{},"end":{}}],"line":214},"6":{"loc":{"start":{"line":217,"column":6},"end":{"line":217,"column":29}},"type":"if","locations":[{"start":{"line":217,"column":6},"end":{"line":217,"column":29}},{"start":{},"end":{}}],"line":217},"7":{"loc":{"start":{"line":220,"column":6},"end":{"line":225,"column":7}},"type":"if","locations":[{"start":{"line":220,"column":6},"end":{"line":225,"column":7}},{"start":{},"end":{}}],"line":220},"8":{"loc":{"start":{"line":220,"column":10},"end":{"line":220,"column":96}},"type":"binary-expr","locations":[{"start":{"line":220,"column":10},"end":{"line":220,"column":40}},{"start":{"line":220,"column":44},"end":{"line":220,"column":63}},{"start":{"line":220,"column":67},"end":{"line":220,"column":96}}],"line":220},"9":{"loc":{"start":{"line":222,"column":8},"end":{"line":224,"column":9}},"type":"if","locations":[{"start":{"line":222,"column":8},"end":{"line":224,"column":9}},{"start":{},"end":{}}],"line":222},"10":{"loc":{"start":{"line":228,"column":6},"end":{"line":244,"column":7}},"type":"if","locations":[{"start":{"line":228,"column":6},"end":{"line":244,"column":7}},{"start":{"line":236,"column":13},"end":{"line":244,"column":7}}],"line":228},"11":{"loc":{"start":{"line":229,"column":23},"end":{"line":229,"column":60}},"type":"binary-expr","locations":[{"start":{"line":229,"column":23},"end":{"line":229,"column":36}},{"start":{"line":229,"column":40},"end":{"line":229,"column":60}}],"line":229},"12":{"loc":{"start":{"line":236,"column":13},"end":{"line":244,"column":7}},"type":"if","locations":[{"start":{"line":236,"column":13},"end":{"line":244,"column":7}},{"start":{},"end":{}}],"line":236},"13":{"loc":{"start":{"line":237,"column":22},"end":{"line":237,"column":56}},"type":"binary-expr","locations":[{"start":{"line":237,"column":22},"end":{"line":237,"column":34}},{"start":{"line":237,"column":38},"end":{"line":237,"column":56}}],"line":237},"14":{"loc":{"start":{"line":251,"column":19},"end":{"line":251,"column":63}},"type":"binary-expr","locations":[{"start":{"line":251,"column":19},"end":{"line":251,"column":38}},{"start":{"line":251,"column":42},"end":{"line":251,"column":63}}],"line":251},"15":{"loc":{"start":{"line":262,"column":4},"end":{"line":262,"column":46}},"type":"if","locations":[{"start":{"line":262,"column":4},"end":{"line":262,"column":46}},{"start":{},"end":{}}],"line":262},"16":{"loc":{"start":{"line":267,"column":4},"end":{"line":267,"column":83}},"type":"if","locations":[{"start":{"line":267,"column":4},"end":{"line":267,"column":83}},{"start":{},"end":{}}],"line":267},"17":{"loc":{"start":{"line":268,"column":4},"end":{"line":268,"column":67}},"type":"if","locations":[{"start":{"line":268,"column":4},"end":{"line":268,"column":67}},{"start":{},"end":{}}],"line":268},"18":{"loc":{"start":{"line":269,"column":4},"end":{"line":269,"column":77}},"type":"if","locations":[{"start":{"line":269,"column":4},"end":{"line":269,"column":77}},{"start":{},"end":{}}],"line":269},"19":{"loc":{"start":{"line":270,"column":4},"end":{"line":270,"column":71}},"type":"if","locations":[{"start":{"line":270,"column":4},"end":{"line":270,"column":71}},{"start":{},"end":{}}],"line":270},"20":{"loc":{"start":{"line":271,"column":4},"end":{"line":271,"column":81}},"type":"if","locations":[{"start":{"line":271,"column":4},"end":{"line":271,"column":81}},{"start":{},"end":{}}],"line":271},"21":{"loc":{"start":{"line":272,"column":4},"end":{"line":272,"column":80}},"type":"if","locations":[{"start":{"line":272,"column":4},"end":{"line":272,"column":80}},{"start":{},"end":{}}],"line":272},"22":{"loc":{"start":{"line":273,"column":4},"end":{"line":273,"column":59}},"type":"if","locations":[{"start":{"line":273,"column":4},"end":{"line":273,"column":59}},{"start":{},"end":{}}],"line":273},"23":{"loc":{"start":{"line":290,"column":4},"end":{"line":290,"column":28}},"type":"if","locations":[{"start":{"line":290,"column":4},"end":{"line":290,"column":28}},{"start":{},"end":{}}],"line":290},"24":{"loc":{"start":{"line":304,"column":4},"end":{"line":306,"column":5}},"type":"if","locations":[{"start":{"line":304,"column":4},"end":{"line":306,"column":5}},{"start":{},"end":{}}],"line":304},"25":{"loc":{"start":{"line":304,"column":8},"end":{"line":304,"column":54}},"type":"binary-expr","locations":[{"start":{"line":304,"column":8},"end":{"line":304,"column":23}},{"start":{"line":304,"column":27},"end":{"line":304,"column":54}}],"line":304},"26":{"loc":{"start":{"line":310,"column":6},"end":{"line":312,"column":7}},"type":"if","locations":[{"start":{"line":310,"column":6},"end":{"line":312,"column":7}},{"start":{},"end":{}}],"line":310},"27":{"loc":{"start":{"line":340,"column":11},"end":{"line":340,"column":38}},"type":"binary-expr","locations":[{"start":{"line":340,"column":11},"end":{"line":340,"column":26}},{"start":{"line":340,"column":30},"end":{"line":340,"column":38}}],"line":340},"28":{"loc":{"start":{"line":346,"column":31},"end":{"line":346,"column":50}},"type":"default-arg","locations":[{"start":{"line":346,"column":39},"end":{"line":346,"column":50}}],"line":346},"29":{"loc":{"start":{"line":353,"column":6},"end":{"line":356,"column":7}},"type":"if","locations":[{"start":{"line":353,"column":6},"end":{"line":356,"column":7}},{"start":{},"end":{}}],"line":353},"30":{"loc":{"start":{"line":358,"column":6},"end":{"line":367,"column":7}},"type":"if","locations":[{"start":{"line":358,"column":6},"end":{"line":367,"column":7}},{"start":{},"end":{}}],"line":358},"31":{"loc":{"start":{"line":358,"column":10},"end":{"line":358,"column":49}},"type":"binary-expr","locations":[{"start":{"line":358,"column":10},"end":{"line":358,"column":25}},{"start":{"line":358,"column":29},"end":{"line":358,"column":49}}],"line":358},"32":{"loc":{"start":{"line":360,"column":8},"end":{"line":366,"column":9}},"type":"if","locations":[{"start":{"line":360,"column":8},"end":{"line":366,"column":9}},{"start":{"line":364,"column":13},"end":{"line":366,"column":9}}],"line":360},"33":{"loc":{"start":{"line":360,"column":12},"end":{"line":360,"column":55}},"type":"binary-expr","locations":[{"start":{"line":360,"column":12},"end":{"line":360,"column":31}},{"start":{"line":360,"column":35},"end":{"line":360,"column":55}}],"line":360},"34":{"loc":{"start":{"line":364,"column":13},"end":{"line":366,"column":9}},"type":"if","locations":[{"start":{"line":364,"column":13},"end":{"line":366,"column":9}},{"start":{},"end":{}}],"line":364},"35":{"loc":{"start":{"line":364,"column":17},"end":{"line":364,"column":63}},"type":"binary-expr","locations":[{"start":{"line":364,"column":17},"end":{"line":364,"column":38}},{"start":{"line":364,"column":42},"end":{"line":364,"column":63}}],"line":364},"36":{"loc":{"start":{"line":369,"column":6},"end":{"line":378,"column":7}},"type":"if","locations":[{"start":{"line":369,"column":6},"end":{"line":378,"column":7}},{"start":{},"end":{}}],"line":369},"37":{"loc":{"start":{"line":369,"column":10},"end":{"line":369,"column":46}},"type":"binary-expr","locations":[{"start":{"line":369,"column":10},"end":{"line":369,"column":24}},{"start":{"line":369,"column":28},"end":{"line":369,"column":46}}],"line":369},"38":{"loc":{"start":{"line":371,"column":8},"end":{"line":377,"column":9}},"type":"if","locations":[{"start":{"line":371,"column":8},"end":{"line":377,"column":9}},{"start":{"line":375,"column":13},"end":{"line":377,"column":9}}],"line":371},"39":{"loc":{"start":{"line":371,"column":12},"end":{"line":371,"column":54}},"type":"binary-expr","locations":[{"start":{"line":371,"column":12},"end":{"line":371,"column":31}},{"start":{"line":371,"column":35},"end":{"line":371,"column":54}}],"line":371},"40":{"loc":{"start":{"line":375,"column":13},"end":{"line":377,"column":9}},"type":"if","locations":[{"start":{"line":375,"column":13},"end":{"line":377,"column":9}},{"start":{},"end":{}}],"line":375},"41":{"loc":{"start":{"line":375,"column":17},"end":{"line":375,"column":59}},"type":"binary-expr","locations":[{"start":{"line":375,"column":17},"end":{"line":375,"column":35}},{"start":{"line":375,"column":39},"end":{"line":375,"column":59}}],"line":375},"42":{"loc":{"start":{"line":400,"column":4},"end":{"line":402,"column":5}},"type":"if","locations":[{"start":{"line":400,"column":4},"end":{"line":402,"column":5}},{"start":{},"end":{}}],"line":400},"43":{"loc":{"start":{"line":405,"column":4},"end":{"line":407,"column":5}},"type":"if","locations":[{"start":{"line":405,"column":4},"end":{"line":407,"column":5}},{"start":{},"end":{}}],"line":405}},"s":{"0":53,"1":53,"2":19,"3":21,"4":19,"5":19,"6":29,"7":18,"8":11,"9":11,"10":0,"11":11,"12":6,"13":6,"14":1,"15":10,"16":0,"17":0,"18":0,"19":10,"20":10,"21":10,"22":10,"23":10,"24":19,"25":6,"26":0,"27":6,"28":6,"29":4,"30":2,"31":2,"32":0,"33":0,"34":0,"35":0,"36":0,"37":0,"38":0,"39":0,"40":0,"41":0,"42":0,"43":0,"44":0,"45":0,"46":0,"47":0,"48":0,"49":0,"50":0,"51":0,"52":0,"53":0,"54":0,"55":0,"56":0,"57":0,"58":0,"59":0,"60":0,"61":0,"62":0,"63":4,"64":4,"65":5,"66":5,"67":5,"68":6,"69":6,"70":1,"71":1,"72":5,"73":5,"74":2,"75":3,"76":1,"77":5,"78":0,"79":0,"80":0,"81":0,"82":5,"83":3,"84":3,"85":1,"86":2,"87":2,"88":1,"89":2,"90":7,"91":7,"92":7,"93":7,"94":7},"f":{"0":53,"1":19,"2":21,"3":19,"4":29,"5":6,"6":0,"7":0,"8":0,"9":0,"10":0,"11":0,"12":4,"13":5,"14":6,"15":3,"16":3,"17":7},"b":{"0":[0],"1":[19,0],"2":[0],"3":[0],"4":[0],"5":[18,11],"6":[0,11],"7":[6,5],"8":[11,11,11],"9":[1,5],"10":[0,10],"11":[0,0],"12":[10,0],"13":[10,10],"14":[10,10],"15":[0,6],"16":[4,2],"17":[2,0],"18":[0,0],"19":[0,0],"20":[0,0],"21":[0,0],"22":[0,0],"23":[0,0],"24":[0,0],"25":[0,0],"26":[0,0],"27":[4,1],"28":[0],"29":[1,5],"30":[5,0],"31":[5,5],"32":[2,3],"33":[5,4],"34":[1,2],"35":[3,3],"36":[0,5],"37":[5,0],"38":[0,0],"39":[0,0],"40":[0,0],"41":[0,0],"42":[1,2],"43":[1,1]},"_coverageSchema":"1a1c01bbd47fc00a2c39e90264f33305004495a9","hash":"50a65db98a7fee7f42495e37d4e75974bb635ad6"}
,"/Users/aniajaca/Library/Mobile Documents/com~apple~CloudDocs/Neperia/semgrep-backend/src/dependencyScanner.js": {"path":"/Users/aniajaca/Library/Mobile Documents/com~apple~CloudDocs/Neperia/semgrep-backend/src/dependencyScanner.js","statementMap":{"0":{"start":{"line":2,"column":15},"end":{"line":2,"column":32}},"1":{"start":{"line":7,"column":4},"end":{"line":117,"column":6}},"2":{"start":{"line":120,"column":4},"end":{"line":144,"column":6}},"3":{"start":{"line":151,"column":4},"end":{"line":151,"column":59}},"4":{"start":{"line":159,"column":2},"end":{"line":175,"column":3}},"5":{"start":{"line":160,"column":4},"end":{"line":160,"column":70}},"6":{"start":{"line":161,"column":4},"end":{"line":174,"column":6}},"7":{"start":{"line":178,"column":33},"end":{"line":178,"column":72}},"8":{"start":{"line":180,"column":23},"end":{"line":183,"column":3}},"9":{"start":{"line":186,"column":2},"end":{"line":201,"column":3}},"10":{"start":{"line":187,"column":4},"end":{"line":200,"column":6}},"11":{"start":{"line":204,"column":26},"end":{"line":204,"column":28}},"12":{"start":{"line":205,"column":19},"end":{"line":205,"column":21}},"13":{"start":{"line":208,"column":24},"end":{"line":208,"column":25}},"14":{"start":{"line":209,"column":26},"end":{"line":209,"column":27}},"15":{"start":{"line":211,"column":2},"end":{"line":276,"column":5}},"16":{"start":{"line":212,"column":6},"end":{"line":212,"column":24}},"17":{"start":{"line":215,"column":6},"end":{"line":234,"column":7}},"18":{"start":{"line":216,"column":8},"end":{"line":216,"column":28}},"19":{"start":{"line":217,"column":8},"end":{"line":232,"column":11}},"20":{"start":{"line":233,"column":8},"end":{"line":233,"column":17}},"21":{"start":{"line":237,"column":27},"end":{"line":237,"column":53}},"22":{"start":{"line":240,"column":6},"end":{"line":247,"column":7}},"23":{"start":{"line":241,"column":8},"end":{"line":245,"column":11}},"24":{"start":{"line":246,"column":8},"end":{"line":246,"column":17}},"25":{"start":{"line":250,"column":19},"end":{"line":250,"column":52}},"26":{"start":{"line":251,"column":6},"end":{"line":266,"column":7}},"27":{"start":{"line":252,"column":8},"end":{"line":265,"column":9}},"28":{"start":{"line":253,"column":10},"end":{"line":264,"column":13}},"29":{"start":{"line":269,"column":6},"end":{"line":275,"column":7}},"30":{"start":{"line":270,"column":8},"end":{"line":274,"column":11}},"31":{"start":{"line":279,"column":29},"end":{"line":279,"column":75}},"32":{"start":{"line":282,"column":36},"end":{"line":282,"column":76}},"33":{"start":{"line":285,"column":20},"end":{"line":285,"column":68}},"34":{"start":{"line":287,"column":4},"end":{"line":299,"column":6}},"35":{"start":{"line":306,"column":4},"end":{"line":310,"column":5}},"36":{"start":{"line":307,"column":6},"end":{"line":307,"column":59}},"37":{"start":{"line":309,"column":6},"end":{"line":309,"column":19}},"38":{"start":{"line":317,"column":23},"end":{"line":323,"column":5}},"39":{"start":{"line":324,"column":4},"end":{"line":324,"column":44}},"40":{"start":{"line":331,"column":25},"end":{"line":337,"column":5}},"41":{"start":{"line":338,"column":4},"end":{"line":338,"column":76}},"42":{"start":{"line":345,"column":28},"end":{"line":345,"column":30}},"43":{"start":{"line":346,"column":29},"end":{"line":375,"column":5}},"44":{"start":{"line":378,"column":4},"end":{"line":396,"column":5}},"45":{"start":{"line":379,"column":6},"end":{"line":386,"column":7}},"46":{"start":{"line":380,"column":8},"end":{"line":385,"column":11}},"47":{"start":{"line":388,"column":6},"end":{"line":395,"column":7}},"48":{"start":{"line":389,"column":8},"end":{"line":394,"column":11}},"49":{"start":{"line":399,"column":4},"end":{"line":406,"column":5}},"50":{"start":{"line":400,"column":6},"end":{"line":405,"column":9}},"51":{"start":{"line":408,"column":4},"end":{"line":408,"column":27}},"52":{"start":{"line":415,"column":4},"end":{"line":415,"column":78}},"53":{"start":{"line":422,"column":21},"end":{"line":422,"column":23}},"54":{"start":{"line":424,"column":4},"end":{"line":458,"column":5}},"55":{"start":{"line":426,"column":6},"end":{"line":428,"column":7}},"56":{"start":{"line":427,"column":8},"end":{"line":427,"column":17}},"57":{"start":{"line":430,"column":27},"end":{"line":430,"column":53}},"58":{"start":{"line":431,"column":21},"end":{"line":431,"column":53}},"59":{"start":{"line":433,"column":6},"end":{"line":457,"column":7}},"60":{"start":{"line":434,"column":8},"end":{"line":456,"column":9}},"61":{"start":{"line":435,"column":10},"end":{"line":453,"column":11}},"62":{"start":{"line":436,"column":30},"end":{"line":436,"column":79}},"63":{"start":{"line":437,"column":30},"end":{"line":437,"column":79}},"64":{"start":{"line":438,"column":30},"end":{"line":438,"column":79}},"65":{"start":{"line":440,"column":12},"end":{"line":452,"column":15}},"66":{"start":{"line":455,"column":10},"end":{"line":455,"column":79}},"67":{"start":{"line":460,"column":4},"end":{"line":464,"column":7}},"68":{"start":{"line":462,"column":23},"end":{"line":462,"column":55}},"69":{"start":{"line":463,"column":6},"end":{"line":463,"column":49}},"70":{"start":{"line":471,"column":4},"end":{"line":471,"column":33}},"71":{"start":{"line":471,"column":18},"end":{"line":471,"column":33}},"72":{"start":{"line":474,"column":4},"end":{"line":476,"column":5}},"73":{"start":{"line":475,"column":6},"end":{"line":475,"column":21}},"74":{"start":{"line":479,"column":18},"end":{"line":481,"column":30}},"75":{"start":{"line":484,"column":4},"end":{"line":486,"column":5}},"76":{"start":{"line":485,"column":6},"end":{"line":485,"column":38}},"77":{"start":{"line":488,"column":4},"end":{"line":490,"column":5}},"78":{"start":{"line":489,"column":6},"end":{"line":489,"column":46}},"79":{"start":{"line":493,"column":4},"end":{"line":493,"column":44}},"80":{"start":{"line":496,"column":4},"end":{"line":503,"column":5}},"81":{"start":{"line":498,"column":22},"end":{"line":498,"column":44}},"82":{"start":{"line":499,"column":6},"end":{"line":501,"column":7}},"83":{"start":{"line":500,"column":8},"end":{"line":500,"column":31}},"84":{"start":{"line":502,"column":6},"end":{"line":502,"column":21}},"85":{"start":{"line":505,"column":4},"end":{"line":505,"column":19}},"86":{"start":{"line":512,"column":26},"end":{"line":512,"column":58}},"87":{"start":{"line":513,"column":19},"end":{"line":534,"column":5}},"88":{"start":{"line":536,"column":4},"end":{"line":536,"column":53}},"89":{"start":{"line":543,"column":17},"end":{"line":543,"column":26}},"90":{"start":{"line":544,"column":4},"end":{"line":551,"column":7}},"91":{"start":{"line":545,"column":18},"end":{"line":545,"column":73}},"92":{"start":{"line":546,"column":6},"end":{"line":548,"column":7}},"93":{"start":{"line":547,"column":8},"end":{"line":547,"column":21}},"94":{"start":{"line":549,"column":6},"end":{"line":549,"column":20}},"95":{"start":{"line":550,"column":6},"end":{"line":550,"column":18}},"96":{"start":{"line":558,"column":26},"end":{"line":564,"column":5}},"97":{"start":{"line":566,"column":4},"end":{"line":569,"column":7}},"98":{"start":{"line":567,"column":23},"end":{"line":567,"column":75}},"99":{"start":{"line":568,"column":6},"end":{"line":568,"column":32}},"100":{"start":{"line":572,"column":21},"end":{"line":572,"column":66}},"101":{"start":{"line":574,"column":4},"end":{"line":585,"column":6}},"102":{"start":{"line":592,"column":28},"end":{"line":592,"column":30}},"103":{"start":{"line":594,"column":4},"end":{"line":600,"column":5}},"104":{"start":{"line":595,"column":6},"end":{"line":599,"column":9}},"105":{"start":{"line":602,"column":4},"end":{"line":608,"column":5}},"106":{"start":{"line":603,"column":6},"end":{"line":607,"column":9}},"107":{"start":{"line":610,"column":4},"end":{"line":616,"column":5}},"108":{"start":{"line":611,"column":6},"end":{"line":615,"column":9}},"109":{"start":{"line":618,"column":4},"end":{"line":624,"column":5}},"110":{"start":{"line":619,"column":6},"end":{"line":623,"column":9}},"111":{"start":{"line":626,"column":4},"end":{"line":632,"column":5}},"112":{"start":{"line":627,"column":6},"end":{"line":631,"column":9}},"113":{"start":{"line":634,"column":4},"end":{"line":640,"column":5}},"114":{"start":{"line":635,"column":6},"end":{"line":639,"column":9}},"115":{"start":{"line":642,"column":4},"end":{"line":642,"column":27}},"116":{"start":{"line":649,"column":20},"end":{"line":649,"column":22}},"117":{"start":{"line":652,"column":26},"end":{"line":652,"column":28}},"118":{"start":{"line":653,"column":4},"end":{"line":658,"column":7}},"119":{"start":{"line":654,"column":6},"end":{"line":656,"column":7}},"120":{"start":{"line":655,"column":8},"end":{"line":655,"column":38}},"121":{"start":{"line":657,"column":6},"end":{"line":657,"column":39}},"122":{"start":{"line":661,"column":4},"end":{"line":677,"column":7}},"123":{"start":{"line":662,"column":25},"end":{"line":662,"column":90}},"124":{"start":{"line":662,"column":40},"end":{"line":662,"column":89}},"125":{"start":{"line":663,"column":23},"end":{"line":665,"column":59}},"126":{"start":{"line":667,"column":21},"end":{"line":667,"column":45}},"127":{"start":{"line":668,"column":6},"end":{"line":676,"column":7}},"128":{"start":{"line":669,"column":8},"end":{"line":675,"column":11}},"129":{"start":{"line":680,"column":4},"end":{"line":691,"column":9}},"130":{"start":{"line":681,"column":19},"end":{"line":681,"column":37}},"131":{"start":{"line":684,"column":8},"end":{"line":690,"column":11}},"132":{"start":{"line":693,"column":4},"end":{"line":693,"column":59}},"133":{"start":{"line":693,"column":34},"end":{"line":693,"column":57}},"134":{"start":{"line":700,"column":28},"end":{"line":700,"column":30}},"135":{"start":{"line":702,"column":4},"end":{"line":742,"column":5}},"136":{"start":{"line":703,"column":6},"end":{"line":741,"column":7}},"137":{"start":{"line":704,"column":25},"end":{"line":704,"column":52}},"138":{"start":{"line":705,"column":25},"end":{"line":705,"column":73}},"139":{"start":{"line":707,"column":8},"end":{"line":729,"column":9}},"140":{"start":{"line":709,"column":10},"end":{"line":711,"column":11}},"141":{"start":{"line":710,"column":12},"end":{"line":710,"column":21}},"142":{"start":{"line":713,"column":30},"end":{"line":713,"column":82}},"143":{"start":{"line":714,"column":10},"end":{"line":728,"column":11}},"144":{"start":{"line":715,"column":25},"end":{"line":715,"column":58}},"145":{"start":{"line":716,"column":12},"end":{"line":727,"column":13}},"146":{"start":{"line":717,"column":14},"end":{"line":726,"column":17}},"147":{"start":{"line":731,"column":8},"end":{"line":731,"column":57}},"148":{"start":{"line":732,"column":8},"end":{"line":740,"column":11}},"149":{"start":{"line":744,"column":4},"end":{"line":744,"column":27}},"150":{"start":{"line":751,"column":4},"end":{"line":751,"column":51}},"151":{"start":{"line":759,"column":25},"end":{"line":765,"column":3}},"152":{"start":{"line":767,"column":14},"end":{"line":767,"column":15}},"153":{"start":{"line":768,"column":18},"end":{"line":773,"column":3}},"154":{"start":{"line":775,"column":2},"end":{"line":783,"column":5}},"155":{"start":{"line":777,"column":21},"end":{"line":777,"column":88}},"156":{"start":{"line":778,"column":4},"end":{"line":778,"column":43}},"157":{"start":{"line":780,"column":4},"end":{"line":782,"column":5}},"158":{"start":{"line":781,"column":6},"end":{"line":781,"column":43}},"159":{"start":{"line":787,"column":2},"end":{"line":791,"column":22}},"160":{"start":{"line":787,"column":20},"end":{"line":787,"column":39}},"161":{"start":{"line":788,"column":7},"end":{"line":791,"column":22}},"162":{"start":{"line":788,"column":24},"end":{"line":788,"column":39}},"163":{"start":{"line":789,"column":7},"end":{"line":791,"column":22}},"164":{"start":{"line":789,"column":24},"end":{"line":789,"column":41}},"165":{"start":{"line":790,"column":7},"end":{"line":791,"column":22}},"166":{"start":{"line":790,"column":22},"end":{"line":790,"column":36}},"167":{"start":{"line":791,"column":7},"end":{"line":791,"column":22}},"168":{"start":{"line":793,"column":2},"end":{"line":804,"column":4}},"169":{"start":{"line":807,"column":0},"end":{"line":810,"column":2}}},"fnMap":{"0":{"name":"(anonymous_0)","decl":{"start":{"line":5,"column":2},"end":{"line":5,"column":3}},"loc":{"start":{"line":5,"column":16},"end":{"line":145,"column":3}},"line":5},"1":{"name":"(anonymous_1)","decl":{"start":{"line":150,"column":2},"end":{"line":150,"column":3}},"loc":{"start":{"line":150,"column":30},"end":{"line":152,"column":3}},"line":150},"2":{"name":"(anonymous_2)","decl":{"start":{"line":157,"column":2},"end":{"line":157,"column":3}},"loc":{"start":{"line":157,"column":52},"end":{"line":300,"column":3}},"line":157},"3":{"name":"(anonymous_3)","decl":{"start":{"line":305,"column":2},"end":{"line":305,"column":3}},"loc":{"start":{"line":305,"column":44},"end":{"line":311,"column":3}},"line":305},"4":{"name":"(anonymous_4)","decl":{"start":{"line":316,"column":2},"end":{"line":316,"column":3}},"loc":{"start":{"line":316,"column":28},"end":{"line":325,"column":3}},"line":316},"5":{"name":"(anonymous_5)","decl":{"start":{"line":330,"column":2},"end":{"line":330,"column":3}},"loc":{"start":{"line":330,"column":41},"end":{"line":339,"column":3}},"line":330},"6":{"name":"(anonymous_6)","decl":{"start":{"line":344,"column":2},"end":{"line":344,"column":3}},"loc":{"start":{"line":344,"column":38},"end":{"line":409,"column":3}},"line":344},"7":{"name":"(anonymous_7)","decl":{"start":{"line":414,"column":2},"end":{"line":414,"column":3}},"loc":{"start":{"line":414,"column":33},"end":{"line":416,"column":3}},"line":414},"8":{"name":"(anonymous_8)","decl":{"start":{"line":421,"column":2},"end":{"line":421,"column":3}},"loc":{"start":{"line":421,"column":44},"end":{"line":465,"column":3}},"line":421},"9":{"name":"(anonymous_9)","decl":{"start":{"line":460,"column":25},"end":{"line":460,"column":26}},"loc":{"start":{"line":460,"column":35},"end":{"line":464,"column":5}},"line":460},"10":{"name":"(anonymous_10)","decl":{"start":{"line":470,"column":2},"end":{"line":470,"column":3}},"loc":{"start":{"line":470,"column":24},"end":{"line":506,"column":3}},"line":470},"11":{"name":"(anonymous_11)","decl":{"start":{"line":511,"column":2},"end":{"line":511,"column":3}},"loc":{"start":{"line":511,"column":25},"end":{"line":537,"column":3}},"line":511},"12":{"name":"(anonymous_12)","decl":{"start":{"line":542,"column":2},"end":{"line":542,"column":3}},"loc":{"start":{"line":542,"column":46},"end":{"line":552,"column":3}},"line":542},"13":{"name":"(anonymous_13)","decl":{"start":{"line":544,"column":34},"end":{"line":544,"column":35}},"loc":{"start":{"line":544,"column":42},"end":{"line":551,"column":5}},"line":544},"14":{"name":"(anonymous_14)","decl":{"start":{"line":557,"column":2},"end":{"line":557,"column":3}},"loc":{"start":{"line":557,"column":71},"end":{"line":586,"column":3}},"line":557},"15":{"name":"(anonymous_15)","decl":{"start":{"line":566,"column":28},"end":{"line":566,"column":29}},"loc":{"start":{"line":566,"column":36},"end":{"line":569,"column":5}},"line":566},"16":{"name":"(anonymous_16)","decl":{"start":{"line":591,"column":2},"end":{"line":591,"column":3}},"loc":{"start":{"line":591,"column":76},"end":{"line":643,"column":3}},"line":591},"17":{"name":"(anonymous_17)","decl":{"start":{"line":648,"column":2},"end":{"line":648,"column":3}},"loc":{"start":{"line":648,"column":57},"end":{"line":694,"column":3}},"line":648},"18":{"name":"(anonymous_18)","decl":{"start":{"line":653,"column":28},"end":{"line":653,"column":29}},"loc":{"start":{"line":653,"column":33},"end":{"line":658,"column":5}},"line":653},"19":{"name":"(anonymous_19)","decl":{"start":{"line":661,"column":42},"end":{"line":661,"column":43}},"loc":{"start":{"line":661,"column":60},"end":{"line":677,"column":5}},"line":661},"20":{"name":"(anonymous_20)","decl":{"start":{"line":662,"column":35},"end":{"line":662,"column":36}},"loc":{"start":{"line":662,"column":40},"end":{"line":662,"column":89}},"line":662},"21":{"name":"(anonymous_21)","decl":{"start":{"line":681,"column":14},"end":{"line":681,"column":15}},"loc":{"start":{"line":681,"column":19},"end":{"line":681,"column":37}},"line":681},"22":{"name":"(anonymous_22)","decl":{"start":{"line":683,"column":15},"end":{"line":683,"column":16}},"loc":{"start":{"line":683,"column":20},"end":{"line":691,"column":7}},"line":683},"23":{"name":"(anonymous_23)","decl":{"start":{"line":693,"column":24},"end":{"line":693,"column":25}},"loc":{"start":{"line":693,"column":34},"end":{"line":693,"column":57}},"line":693},"24":{"name":"(anonymous_24)","decl":{"start":{"line":699,"column":2},"end":{"line":699,"column":3}},"loc":{"start":{"line":699,"column":52},"end":{"line":745,"column":3}},"line":699},"25":{"name":"(anonymous_25)","decl":{"start":{"line":750,"column":2},"end":{"line":750,"column":3}},"loc":{"start":{"line":750,"column":35},"end":{"line":752,"column":3}},"line":750},"26":{"name":"calculateDependencyRiskScore","decl":{"start":{"line":758,"column":9},"end":{"line":758,"column":37}},"loc":{"start":{"line":758,"column":55},"end":{"line":805,"column":1}},"line":758},"27":{"name":"(anonymous_27)","decl":{"start":{"line":775,"column":26},"end":{"line":775,"column":27}},"loc":{"start":{"line":775,"column":34},"end":{"line":783,"column":3}},"line":775}},"branchMap":{"0":{"loc":{"start":{"line":151,"column":12},"end":{"line":151,"column":32}},"type":"binary-expr","locations":[{"start":{"line":151,"column":12},"end":{"line":151,"column":20}},{"start":{"line":151,"column":24},"end":{"line":151,"column":32}}],"line":151},"1":{"loc":{"start":{"line":157,"column":38},"end":{"line":157,"column":50}},"type":"default-arg","locations":[{"start":{"line":157,"column":48},"end":{"line":157,"column":50}}],"line":157},"2":{"loc":{"start":{"line":159,"column":2},"end":{"line":175,"column":3}},"type":"if","locations":[{"start":{"line":159,"column":2},"end":{"line":175,"column":3}},{"start":{},"end":{}}],"line":159},"3":{"loc":{"start":{"line":159,"column":6},"end":{"line":159,"column":53}},"type":"binary-expr","locations":[{"start":{"line":159,"column":6},"end":{"line":159,"column":18}},{"start":{"line":159,"column":22},"end":{"line":159,"column":53}}],"line":159},"4":{"loc":{"start":{"line":178,"column":33},"end":{"line":178,"column":72}},"type":"binary-expr","locations":[{"start":{"line":178,"column":33},"end":{"line":178,"column":63}},{"start":{"line":178,"column":67},"end":{"line":178,"column":72}}],"line":178},"5":{"loc":{"start":{"line":181,"column":8},"end":{"line":181,"column":38}},"type":"binary-expr","locations":[{"start":{"line":181,"column":8},"end":{"line":181,"column":32}},{"start":{"line":181,"column":36},"end":{"line":181,"column":38}}],"line":181},"6":{"loc":{"start":{"line":182,"column":8},"end":{"line":182,"column":73}},"type":"cond-expr","locations":[{"start":{"line":182,"column":34},"end":{"line":182,"column":67}},{"start":{"line":182,"column":71},"end":{"line":182,"column":73}}],"line":182},"7":{"loc":{"start":{"line":182,"column":34},"end":{"line":182,"column":67}},"type":"binary-expr","locations":[{"start":{"line":182,"column":34},"end":{"line":182,"column":61}},{"start":{"line":182,"column":65},"end":{"line":182,"column":67}}],"line":182},"8":{"loc":{"start":{"line":186,"column":2},"end":{"line":201,"column":3}},"type":"if","locations":[{"start":{"line":186,"column":2},"end":{"line":201,"column":3}},{"start":{},"end":{}}],"line":186},"9":{"loc":{"start":{"line":215,"column":6},"end":{"line":234,"column":7}},"type":"if","locations":[{"start":{"line":215,"column":6},"end":{"line":234,"column":7}},{"start":{},"end":{}}],"line":215},"10":{"loc":{"start":{"line":215,"column":10},"end":{"line":215,"column":79}},"type":"binary-expr","locations":[{"start":{"line":215,"column":10},"end":{"line":215,"column":18}},{"start":{"line":215,"column":22},"end":{"line":215,"column":36}},{"start":{"line":215,"column":40},"end":{"line":215,"column":55}},{"start":{"line":215,"column":59},"end":{"line":215,"column":79}}],"line":215},"11":{"loc":{"start":{"line":220,"column":19},"end":{"line":220,"column":41}},"type":"binary-expr","locations":[{"start":{"line":220,"column":19},"end":{"line":220,"column":26}},{"start":{"line":220,"column":30},"end":{"line":220,"column":41}}],"line":220},"12":{"loc":{"start":{"line":227,"column":97},"end":{"line":227,"column":140}},"type":"binary-expr","locations":[{"start":{"line":227,"column":97},"end":{"line":227,"column":129}},{"start":{"line":227,"column":133},"end":{"line":227,"column":140}}],"line":227},"13":{"loc":{"start":{"line":240,"column":6},"end":{"line":247,"column":7}},"type":"if","locations":[{"start":{"line":240,"column":6},"end":{"line":247,"column":7}},{"start":{},"end":{}}],"line":240},"14":{"loc":{"start":{"line":251,"column":6},"end":{"line":266,"column":7}},"type":"if","locations":[{"start":{"line":251,"column":6},"end":{"line":266,"column":7}},{"start":{},"end":{}}],"line":251},"15":{"loc":{"start":{"line":252,"column":8},"end":{"line":265,"column":9}},"type":"if","locations":[{"start":{"line":252,"column":8},"end":{"line":265,"column":9}},{"start":{},"end":{}}],"line":252},"16":{"loc":{"start":{"line":269,"column":6},"end":{"line":275,"column":7}},"type":"if","locations":[{"start":{"line":269,"column":6},"end":{"line":275,"column":7}},{"start":{},"end":{}}],"line":269},"17":{"loc":{"start":{"line":324,"column":11},"end":{"line":324,"column":43}},"type":"binary-expr","locations":[{"start":{"line":324,"column":11},"end":{"line":324,"column":34}},{"start":{"line":324,"column":38},"end":{"line":324,"column":43}}],"line":324},"18":{"loc":{"start":{"line":338,"column":11},"end":{"line":338,"column":75}},"type":"binary-expr","locations":[{"start":{"line":338,"column":11},"end":{"line":338,"column":36}},{"start":{"line":338,"column":40},"end":{"line":338,"column":75}}],"line":338},"19":{"loc":{"start":{"line":378,"column":4},"end":{"line":396,"column":5}},"type":"if","locations":[{"start":{"line":378,"column":4},"end":{"line":396,"column":5}},{"start":{},"end":{}}],"line":378},"20":{"loc":{"start":{"line":379,"column":6},"end":{"line":386,"column":7}},"type":"if","locations":[{"start":{"line":379,"column":6},"end":{"line":386,"column":7}},{"start":{},"end":{}}],"line":379},"21":{"loc":{"start":{"line":388,"column":6},"end":{"line":395,"column":7}},"type":"if","locations":[{"start":{"line":388,"column":6},"end":{"line":395,"column":7}},{"start":{},"end":{}}],"line":388},"22":{"loc":{"start":{"line":399,"column":4},"end":{"line":406,"column":5}},"type":"if","locations":[{"start":{"line":399,"column":4},"end":{"line":406,"column":5}},{"start":{},"end":{}}],"line":399},"23":{"loc":{"start":{"line":415,"column":11},"end":{"line":415,"column":77}},"type":"binary-expr","locations":[{"start":{"line":415,"column":11},"end":{"line":415,"column":43}},{"start":{"line":415,"column":47},"end":{"line":415,"column":77}}],"line":415},"24":{"loc":{"start":{"line":426,"column":6},"end":{"line":428,"column":7}},"type":"if","locations":[{"start":{"line":426,"column":6},"end":{"line":428,"column":7}},{"start":{},"end":{}}],"line":426},"25":{"loc":{"start":{"line":426,"column":10},"end":{"line":426,"column":79}},"type":"binary-expr","locations":[{"start":{"line":426,"column":10},"end":{"line":426,"column":18}},{"start":{"line":426,"column":22},"end":{"line":426,"column":37}},{"start":{"line":426,"column":41},"end":{"line":426,"column":61}},{"start":{"line":426,"column":65},"end":{"line":426,"column":79}}],"line":426},"26":{"loc":{"start":{"line":433,"column":6},"end":{"line":457,"column":7}},"type":"if","locations":[{"start":{"line":433,"column":6},"end":{"line":457,"column":7}},{"start":{},"end":{}}],"line":433},"27":{"loc":{"start":{"line":433,"column":10},"end":{"line":433,"column":46}},"type":"binary-expr","locations":[{"start":{"line":433,"column":10},"end":{"line":433,"column":16}},{"start":{"line":433,"column":20},"end":{"line":433,"column":46}}],"line":433},"28":{"loc":{"start":{"line":435,"column":10},"end":{"line":453,"column":11}},"type":"if","locations":[{"start":{"line":435,"column":10},"end":{"line":453,"column":11}},{"start":{},"end":{}}],"line":435},"29":{"loc":{"start":{"line":445,"column":20},"end":{"line":445,"column":79}},"type":"cond-expr","locations":[{"start":{"line":445,"column":36},"end":{"line":445,"column":43}},{"start":{"line":445,"column":46},"end":{"line":445,"column":79}}],"line":445},"30":{"loc":{"start":{"line":445,"column":46},"end":{"line":445,"column":79}},"type":"cond-expr","locations":[{"start":{"line":445,"column":62},"end":{"line":445,"column":69}},{"start":{"line":445,"column":72},"end":{"line":445,"column":79}}],"line":445},"31":{"loc":{"start":{"line":471,"column":4},"end":{"line":471,"column":33}},"type":"if","locations":[{"start":{"line":471,"column":4},"end":{"line":471,"column":33}},{"start":{},"end":{}}],"line":471},"32":{"loc":{"start":{"line":474,"column":4},"end":{"line":476,"column":5}},"type":"if","locations":[{"start":{"line":474,"column":4},"end":{"line":476,"column":5}},{"start":{},"end":{}}],"line":474},"33":{"loc":{"start":{"line":474,"column":8},"end":{"line":474,"column":65}},"type":"binary-expr","locations":[{"start":{"line":474,"column":8},"end":{"line":474,"column":35}},{"start":{"line":474,"column":39},"end":{"line":474,"column":65}}],"line":474},"34":{"loc":{"start":{"line":484,"column":4},"end":{"line":486,"column":5}},"type":"if","locations":[{"start":{"line":484,"column":4},"end":{"line":486,"column":5}},{"start":{},"end":{}}],"line":484},"35":{"loc":{"start":{"line":488,"column":4},"end":{"line":490,"column":5}},"type":"if","locations":[{"start":{"line":488,"column":4},"end":{"line":490,"column":5}},{"start":{},"end":{}}],"line":488},"36":{"loc":{"start":{"line":496,"column":4},"end":{"line":503,"column":5}},"type":"if","locations":[{"start":{"line":496,"column":4},"end":{"line":503,"column":5}},{"start":{},"end":{}}],"line":496},"37":{"loc":{"start":{"line":499,"column":6},"end":{"line":501,"column":7}},"type":"if","locations":[{"start":{"line":499,"column":6},"end":{"line":501,"column":7}},{"start":{},"end":{}}],"line":499},"38":{"loc":{"start":{"line":536,"column":11},"end":{"line":536,"column":52}},"type":"binary-expr","locations":[{"start":{"line":536,"column":11},"end":{"line":536,"column":32}},{"start":{"line":536,"column":36},"end":{"line":536,"column":52}}],"line":536},"39":{"loc":{"start":{"line":545,"column":37},"end":{"line":545,"column":71}},"type":"binary-expr","locations":[{"start":{"line":545,"column":37},"end":{"line":545,"column":60}},{"start":{"line":545,"column":64},"end":{"line":545,"column":71}}],"line":545},"40":{"loc":{"start":{"line":546,"column":6},"end":{"line":548,"column":7}},"type":"if","locations":[{"start":{"line":546,"column":6},"end":{"line":548,"column":7}},{"start":{},"end":{}}],"line":546},"41":{"loc":{"start":{"line":581,"column":28},"end":{"line":581,"column":80}},"type":"binary-expr","locations":[{"start":{"line":581,"column":28},"end":{"line":581,"column":54}},{"start":{"line":581,"column":58},"end":{"line":581,"column":80}}],"line":581},"42":{"loc":{"start":{"line":594,"column":4},"end":{"line":600,"column":5}},"type":"if","locations":[{"start":{"line":594,"column":4},"end":{"line":600,"column":5}},{"start":{},"end":{}}],"line":594},"43":{"loc":{"start":{"line":602,"column":4},"end":{"line":608,"column":5}},"type":"if","locations":[{"start":{"line":602,"column":4},"end":{"line":608,"column":5}},{"start":{},"end":{}}],"line":602},"44":{"loc":{"start":{"line":610,"column":4},"end":{"line":616,"column":5}},"type":"if","locations":[{"start":{"line":610,"column":4},"end":{"line":616,"column":5}},{"start":{},"end":{}}],"line":610},"45":{"loc":{"start":{"line":618,"column":4},"end":{"line":624,"column":5}},"type":"if","locations":[{"start":{"line":618,"column":4},"end":{"line":624,"column":5}},{"start":{},"end":{}}],"line":618},"46":{"loc":{"start":{"line":626,"column":4},"end":{"line":632,"column":5}},"type":"if","locations":[{"start":{"line":626,"column":4},"end":{"line":632,"column":5}},{"start":{},"end":{}}],"line":626},"47":{"loc":{"start":{"line":634,"column":4},"end":{"line":640,"column":5}},"type":"if","locations":[{"start":{"line":634,"column":4},"end":{"line":640,"column":5}},{"start":{},"end":{}}],"line":634},"48":{"loc":{"start":{"line":654,"column":6},"end":{"line":656,"column":7}},"type":"if","locations":[{"start":{"line":654,"column":6},"end":{"line":656,"column":7}},{"start":{},"end":{}}],"line":654},"49":{"loc":{"start":{"line":663,"column":23},"end":{"line":665,"column":59}},"type":"cond-expr","locations":[{"start":{"line":663,"column":57},"end":{"line":663,"column":58}},{"start":{"line":664,"column":22},"end":{"line":665,"column":59}}],"line":663},"50":{"loc":{"start":{"line":664,"column":22},"end":{"line":665,"column":59}},"type":"cond-expr","locations":[{"start":{"line":664,"column":52},"end":{"line":664,"column":53}},{"start":{"line":665,"column":22},"end":{"line":665,"column":59}}],"line":664},"51":{"loc":{"start":{"line":665,"column":22},"end":{"line":665,"column":59}},"type":"cond-expr","locations":[{"start":{"line":665,"column":54},"end":{"line":665,"column":55}},{"start":{"line":665,"column":58},"end":{"line":665,"column":59}}],"line":665},"52":{"loc":{"start":{"line":668,"column":6},"end":{"line":676,"column":7}},"type":"if","locations":[{"start":{"line":668,"column":6},"end":{"line":676,"column":7}},{"start":{},"end":{}}],"line":668},"53":{"loc":{"start":{"line":699,"column":38},"end":{"line":699,"column":50}},"type":"default-arg","locations":[{"start":{"line":699,"column":45},"end":{"line":699,"column":50}}],"line":699},"54":{"loc":{"start":{"line":702,"column":4},"end":{"line":742,"column":5}},"type":"if","locations":[{"start":{"line":702,"column":4},"end":{"line":742,"column":5}},{"start":{},"end":{}}],"line":702},"55":{"loc":{"start":{"line":705,"column":25},"end":{"line":705,"column":73}},"type":"binary-expr","locations":[{"start":{"line":705,"column":25},"end":{"line":705,"column":42}},{"start":{"line":705,"column":46},"end":{"line":705,"column":67}},{"start":{"line":705,"column":71},"end":{"line":705,"column":73}}],"line":705},"56":{"loc":{"start":{"line":709,"column":10},"end":{"line":711,"column":11}},"type":"if","locations":[{"start":{"line":709,"column":10},"end":{"line":711,"column":11}},{"start":{},"end":{}}],"line":709},"57":{"loc":{"start":{"line":709,"column":14},"end":{"line":709,"column":81}},"type":"binary-expr","locations":[{"start":{"line":709,"column":14},"end":{"line":709,"column":19}},{"start":{"line":709,"column":23},"end":{"line":709,"column":34}},{"start":{"line":709,"column":39},"end":{"line":709,"column":43}},{"start":{"line":709,"column":47},"end":{"line":709,"column":80}}],"line":709},"58":{"loc":{"start":{"line":714,"column":10},"end":{"line":728,"column":11}},"type":"if","locations":[{"start":{"line":714,"column":10},"end":{"line":728,"column":11}},{"start":{},"end":{}}],"line":714},"59":{"loc":{"start":{"line":714,"column":14},"end":{"line":714,"column":41}},"type":"binary-expr","locations":[{"start":{"line":714,"column":14},"end":{"line":714,"column":25}},{"start":{"line":714,"column":29},"end":{"line":714,"column":41}}],"line":714},"60":{"loc":{"start":{"line":716,"column":12},"end":{"line":727,"column":13}},"type":"if","locations":[{"start":{"line":716,"column":12},"end":{"line":727,"column":13}},{"start":{},"end":{}}],"line":716},"61":{"loc":{"start":{"line":716,"column":16},"end":{"line":716,"column":80}},"type":"binary-expr","locations":[{"start":{"line":716,"column":16},"end":{"line":716,"column":20}},{"start":{"line":716,"column":24},"end":{"line":716,"column":80}}],"line":716},"62":{"loc":{"start":{"line":777,"column":22},"end":{"line":777,"column":62}},"type":"binary-expr","locations":[{"start":{"line":777,"column":22},"end":{"line":777,"column":50}},{"start":{"line":777,"column":54},"end":{"line":777,"column":62}}],"line":777},"63":{"loc":{"start":{"line":778,"column":13},"end":{"line":778,"column":42}},"type":"binary-expr","locations":[{"start":{"line":778,"column":13},"end":{"line":778,"column":37}},{"start":{"line":778,"column":41},"end":{"line":778,"column":42}}],"line":778},"64":{"loc":{"start":{"line":780,"column":4},"end":{"line":782,"column":5}},"type":"if","locations":[{"start":{"line":780,"column":4},"end":{"line":782,"column":5}},{"start":{},"end":{}}],"line":780},"65":{"loc":{"start":{"line":780,"column":8},"end":{"line":780,"column":48}},"type":"binary-expr","locations":[{"start":{"line":780,"column":8},"end":{"line":780,"column":27}},{"start":{"line":780,"column":31},"end":{"line":780,"column":48}}],"line":780},"66":{"loc":{"start":{"line":787,"column":2},"end":{"line":791,"column":22}},"type":"if","locations":[{"start":{"line":787,"column":2},"end":{"line":791,"column":22}},{"start":{"line":788,"column":7},"end":{"line":791,"column":22}}],"line":787},"67":{"loc":{"start":{"line":788,"column":7},"end":{"line":791,"column":22}},"type":"if","locations":[{"start":{"line":788,"column":7},"end":{"line":791,"column":22}},{"start":{"line":789,"column":7},"end":{"line":791,"column":22}}],"line":788},"68":{"loc":{"start":{"line":789,"column":7},"end":{"line":791,"column":22}},"type":"if","locations":[{"start":{"line":789,"column":7},"end":{"line":791,"column":22}},{"start":{"line":790,"column":7},"end":{"line":791,"column":22}}],"line":789},"69":{"loc":{"start":{"line":790,"column":7},"end":{"line":791,"column":22}},"type":"if","locations":[{"start":{"line":790,"column":7},"end":{"line":791,"column":22}},{"start":{"line":791,"column":7},"end":{"line":791,"column":22}}],"line":790},"70":{"loc":{"start":{"line":797,"column":20},"end":{"line":803,"column":35}},"type":"cond-expr","locations":[{"start":{"line":798,"column":8},"end":{"line":798,"column":72}},{"start":{"line":799,"column":8},"end":{"line":803,"column":35}}],"line":797},"71":{"loc":{"start":{"line":799,"column":8},"end":{"line":803,"column":35}},"type":"cond-expr","locations":[{"start":{"line":800,"column":8},"end":{"line":800,"column":55}},{"start":{"line":801,"column":8},"end":{"line":803,"column":35}}],"line":799},"72":{"loc":{"start":{"line":801,"column":8},"end":{"line":803,"column":35}},"type":"cond-expr","locations":[{"start":{"line":802,"column":8},"end":{"line":802,"column":75}},{"start":{"line":803,"column":8},"end":{"line":803,"column":35}}],"line":801}},"s":{"0":1,"1":5,"2":5,"3":8,"4":5,"5":2,"6":2,"7":3,"8":3,"9":3,"10":2,"11":1,"12":1,"13":1,"14":1,"15":1,"16":2,"17":2,"18":0,"19":0,"20":0,"21":2,"22":2,"23":0,"24":0,"25":2,"26":2,"27":2,"28":2,"29":2,"30":0,"31":1,"32":1,"33":1,"34":1,"35":2,"36":2,"37":0,"38":2,"39":2,"40":0,"41":0,"42":1,"43":1,"44":1,"45":1,"46":1,"47":1,"48":1,"49":1,"50":0,"51":1,"52":2,"53":1,"54":1,"55":2,"56":0,"57":2,"58":2,"59":2,"60":2,"61":2,"62":2,"63":2,"64":2,"65":2,"66":0,"67":1,"68":1,"69":1,"70":4,"71":0,"72":4,"73":0,"74":4,"75":4,"76":0,"77":4,"78":0,"79":4,"80":4,"81":0,"82":0,"83":0,"84":0,"85":4,"86":2,"87":2,"88":2,"89":1,"90":1,"91":2,"92":2,"93":0,"94":2,"95":2,"96":1,"97":1,"98":2,"99":2,"100":1,"101":1,"102":1,"103":1,"104":0,"105":1,"106":1,"107":1,"108":0,"109":1,"110":0,"111":1,"112":0,"113":1,"114":0,"115":1,"116":1,"117":1,"118":1,"119":2,"120":2,"121":2,"122":1,"123":2,"124":2,"125":2,"126":2,"127":2,"128":2,"129":1,"130":2,"131":0,"132":1,"133":1,"134":0,"135":0,"136":0,"137":0,"138":0,"139":0,"140":0,"141":0,"142":0,"143":0,"144":0,"145":0,"146":0,"147":0,"148":0,"149":0,"150":0,"151":1,"152":1,"153":1,"154":1,"155":2,"156":2,"157":2,"158":2,"159":1,"160":0,"161":1,"162":0,"163":1,"164":1,"165":0,"166":0,"167":0,"168":1,"169":1},"f":{"0":5,"1":8,"2":5,"3":2,"4":2,"5":0,"6":1,"7":2,"8":1,"9":1,"10":4,"11":2,"12":1,"13":2,"14":1,"15":2,"16":1,"17":1,"18":2,"19":2,"20":2,"21":2,"22":0,"23":1,"24":0,"25":0,"26":1,"27":2},"b":{"0":[8,0],"1":[5],"2":[2,3],"3":[5,3],"4":[3,3],"5":[3,1],"6":[0,3],"7":[0,0],"8":[2,1],"9":[0,2],"10":[2,2,2,2],"11":[0,0],"12":[0,0],"13":[0,2],"14":[2,0],"15":[2,0],"16":[0,2],"17":[2,2],"18":[0,0],"19":[1,0],"20":[1,0],"21":[1,0],"22":[0,1],"23":[2,0],"24":[0,2],"25":[2,2,2,2],"26":[2,0],"27":[2,2],"28":[2,0],"29":[0,2],"30":[1,1],"31":[0,4],"32":[0,4],"33":[4,4],"34":[0,4],"35":[0,4],"36":[0,4],"37":[0,0],"38":[2,0],"39":[2,0],"40":[0,2],"41":[1,1],"42":[0,1],"43":[1,0],"44":[0,1],"45":[0,1],"46":[0,1],"47":[0,1],"48":[2,0],"49":[0,2],"50":[2,0],"51":[0,0],"52":[2,0],"53":[0],"54":[0,0],"55":[0,0,0],"56":[0,0],"57":[0,0,0,0],"58":[0,0],"59":[0,0],"60":[0,0],"61":[0,0],"62":[2,0],"63":[2,0],"64":[2,0],"65":[2,2],"66":[0,1],"67":[0,1],"68":[1,0],"69":[0,0],"70":[0,1],"71":[1,0],"72":[0,0]},"_coverageSchema":"1a1c01bbd47fc00a2c39e90264f33305004495a9","hash":"b1f6e28a309d0c94d5a1b3d91e1265eb78e53918"}
,"/Users/aniajaca/Library/Mobile Documents/com~apple~CloudDocs/Neperia/semgrep-backend/src/enhancedRiskCalculator.js": {"path":"/Users/aniajaca/Library/Mobile Documents/com~apple~CloudDocs/Neperia/semgrep-backend/src/enhancedRiskCalculator.js","statementMap":{"0":{"start":{"line":2,"column":15},"end":{"line":2,"column":32}},"1":{"start":{"line":3,"column":44},"end":{"line":3,"column":83}},"2":{"start":{"line":4,"column":17},"end":{"line":4,"column":44}},"3":{"start":{"line":8,"column":2},"end":{"line":8,"column":20}},"4":{"start":{"line":8,"column":10},"end":{"line":8,"column":20}},"5":{"start":{"line":9,"column":2},"end":{"line":9,"column":62}},"6":{"start":{"line":15,"column":4},"end":{"line":15,"column":62}},"7":{"start":{"line":18,"column":4},"end":{"line":59,"column":6}},"8":{"start":{"line":41,"column":27},"end":{"line":41,"column":53}},"9":{"start":{"line":42,"column":12},"end":{"line":42,"column":59}},"10":{"start":{"line":62,"column":4},"end":{"line":62,"column":79}},"11":{"start":{"line":65,"column":4},"end":{"line":114,"column":6}},"12":{"start":{"line":117,"column":4},"end":{"line":122,"column":6}},"13":{"start":{"line":123,"column":4},"end":{"line":123,"column":38}},"14":{"start":{"line":126,"column":4},"end":{"line":126,"column":31}},"15":{"start":{"line":127,"column":4},"end":{"line":127,"column":33}},"16":{"start":{"line":136,"column":21},"end":{"line":141,"column":101}},"17":{"start":{"line":137,"column":64},"end":{"line":137,"column":102}},"18":{"start":{"line":138,"column":64},"end":{"line":138,"column":98}},"19":{"start":{"line":139,"column":64},"end":{"line":139,"column":100}},"20":{"start":{"line":140,"column":64},"end":{"line":140,"column":97}},"21":{"start":{"line":141,"column":64},"end":{"line":141,"column":98}},"22":{"start":{"line":143,"column":4},"end":{"line":143,"column":53}},"23":{"start":{"line":150,"column":4},"end":{"line":150,"column":35}},"24":{"start":{"line":150,"column":19},"end":{"line":150,"column":35}},"25":{"start":{"line":152,"column":23},"end":{"line":152,"column":63}},"26":{"start":{"line":153,"column":28},"end":{"line":153,"column":73}},"27":{"start":{"line":156,"column":21},"end":{"line":164,"column":5}},"28":{"start":{"line":166,"column":19},"end":{"line":166,"column":53}},"29":{"start":{"line":167,"column":4},"end":{"line":167,"column":64}},"30":{"start":{"line":174,"column":4},"end":{"line":174,"column":51}},"31":{"start":{"line":174,"column":39},"end":{"line":174,"column":51}},"32":{"start":{"line":175,"column":4},"end":{"line":175,"column":53}},"33":{"start":{"line":175,"column":40},"end":{"line":175,"column":53}},"34":{"start":{"line":177,"column":4},"end":{"line":180,"column":5}},"35":{"start":{"line":178,"column":20},"end":{"line":178,"column":46}},"36":{"start":{"line":179,"column":6},"end":{"line":179,"column":66}},"37":{"start":{"line":182,"column":4},"end":{"line":182,"column":17}},"38":{"start":{"line":186,"column":2},"end":{"line":186,"column":29}},"39":{"start":{"line":186,"column":12},"end":{"line":186,"column":29}},"40":{"start":{"line":187,"column":2},"end":{"line":187,"column":41}},"41":{"start":{"line":194,"column":17},"end":{"line":194,"column":18}},"42":{"start":{"line":195,"column":17},"end":{"line":195,"column":57}},"43":{"start":{"line":198,"column":2},"end":{"line":200,"column":5}},"44":{"start":{"line":199,"column":4},"end":{"line":199,"column":80}},"45":{"start":{"line":203,"column":21},"end":{"line":203,"column":95}},"46":{"start":{"line":203,"column":80},"end":{"line":203,"column":91}},"47":{"start":{"line":206,"column":2},"end":{"line":212,"column":3}},"48":{"start":{"line":207,"column":4},"end":{"line":211,"column":6}},"49":{"start":{"line":220,"column":33},"end":{"line":220,"column":61}},"50":{"start":{"line":221,"column":2},"end":{"line":223,"column":3}},"51":{"start":{"line":222,"column":4},"end":{"line":222,"column":64}},"52":{"start":{"line":227,"column":24},"end":{"line":227,"column":76}},"53":{"start":{"line":228,"column":24},"end":{"line":228,"column":52}},"54":{"start":{"line":229,"column":2},"end":{"line":229,"column":64}},"55":{"start":{"line":233,"column":2},"end":{"line":246,"column":3}},"56":{"start":{"line":235,"column":4},"end":{"line":235,"column":72}},"57":{"start":{"line":236,"column":9},"end":{"line":246,"column":3}},"58":{"start":{"line":238,"column":26},"end":{"line":238,"column":74}},"59":{"start":{"line":239,"column":24},"end":{"line":239,"column":46}},"60":{"start":{"line":240,"column":4},"end":{"line":240,"column":50}},"61":{"start":{"line":243,"column":26},"end":{"line":243,"column":74}},"62":{"start":{"line":244,"column":24},"end":{"line":244,"column":60}},"63":{"start":{"line":245,"column":4},"end":{"line":245,"column":50}},"64":{"start":{"line":249,"column":2},"end":{"line":249,"column":64}},"65":{"start":{"line":251,"column":2},"end":{"line":259,"column":4}},"66":{"start":{"line":266,"column":4},"end":{"line":268,"column":5}},"67":{"start":{"line":267,"column":6},"end":{"line":267,"column":
[...]
,"column":55}}],"line":187},"27":{"loc":{"start":{"line":190,"column":14},"end":{"line":190,"column":41}},"type":"binary-expr","locations":[{"start":{"line":190,"column":14},"end":{"line":190,"column":28}},{"start":{"line":190,"column":32},"end":{"line":190,"column":41}}],"line":190},"28":{"loc":{"start":{"line":191,"column":14},"end":{"line":191,"column":80}},"type":"binary-expr","locations":[{"start":{"line":191,"column":14},"end":{"line":191,"column":28}},{"start":{"line":191,"column":32},"end":{"line":191,"column":47}},{"start":{"line":191,"column":51},"end":{"line":191,"column":67}},{"start":{"line":191,"column":71},"end":{"line":191,"column":80}}],"line":191},"29":{"loc":{"start":{"line":192,"column":16},"end":{"line":192,"column":42}},"type":"binary-expr","locations":[{"start":{"line":192,"column":16},"end":{"line":192,"column":32}},{"start":{"line":192,"column":36},"end":{"line":192,"column":42}}],"line":192},"30":{"loc":{"start":{"line":194,"column":15},"end":{"line":194,"column":59}},"type":"binary-expr","locations":[{"start":{"line":194,"column":15},"end":{"line":194,"column":30}},{"start":{"line":194,"column":34},"end":{"line":194,"column":59}}],"line":194},"31":{"loc":{"start":{"line":197,"column":12},"end":{"line":197,"column":53}},"type":"binary-expr","locations":[{"start":{"line":197,"column":12},"end":{"line":197,"column":24}},{"start":{"line":197,"column":28},"end":{"line":197,"column":40}},{"start":{"line":197,"column":44},"end":{"line":197,"column":53}}],"line":197},"32":{"loc":{"start":{"line":198,"column":17},"end":{"line":198,"column":55}},"type":"binary-expr","locations":[{"start":{"line":198,"column":17},"end":{"line":198,"column":34}},{"start":{"line":198,"column":38},"end":{"line":198,"column":50}},{"start":{"line":198,"column":54},"end":{"line":198,"column":55}}],"line":198},"33":{"loc":{"start":{"line":199,"column":15},"end":{"line":199,"column":72}},"type":"binary-expr","locations":[{"start":{"line":199,"column":15},"end":{"line":199,"column":30}},{"start":{"line":199,"column":34},"end":{"line":199,"column":51}},{"start":{"line":199,"column":55},"end":{"line":199,"column":67}},{"start":{"line":199,"column":71},"end":{"line":199,"column":72}}],"line":199},"34":{"loc":{"start":{"line":200,"column":19},"end":{"line":200,"column":61}},"type":"binary-expr","locations":[{"start":{"line":200,"column":19},"end":{"line":200,"column":38}},{"start":{"line":200,"column":42},"end":{"line":200,"column":56}},{"start":{"line":200,"column":60},"end":{"line":200,"column":61}}],"line":200},"35":{"loc":{"start":{"line":201,"column":17},"end":{"line":201,"column":80}},"type":"binary-expr","locations":[{"start":{"line":201,"column":17},"end":{"line":201,"column":34}},{"start":{"line":201,"column":38},"end":{"line":201,"column":57}},{"start":{"line":201,"column":61},"end":{"line":201,"column":75}},{"start":{"line":201,"column":79},"end":{"line":201,"column":80}}],"line":201},"36":{"loc":{"start":{"line":202,"column":15},"end":{"line":202,"column":52}},"type":"binary-expr","locations":[{"start":{"line":202,"column":15},"end":{"line":202,"column":30}},{"start":{"line":202,"column":34},"end":{"line":202,"column":46}},{"start":{"line":202,"column":50},"end":{"line":202,"column":52}}],"line":202},"37":{"loc":{"start":{"line":203,"column":18},"end":{"line":203,"column":48}},"type":"binary-expr","locations":[{"start":{"line":203,"column":18},"end":{"line":203,"column":36}},{"start":{"line":203,"column":40},"end":{"line":203,"column":48}}],"line":203},"38":{"loc":{"start":{"line":204,"column":14},"end":{"line":204,"column":40}},"type":"binary-expr","locations":[{"start":{"line":204,"column":14},"end":{"line":204,"column":28}},{"start":{"line":204,"column":32},"end":{"line":204,"column":40}}],"line":204},"39":{"loc":{"start":{"line":205,"column":18},"end":{"line":205,"column":48}},"type":"binary-expr","locations":[{"start":{"line":205,"column":18},"end":{"line":205,"column":36}},{"start":{"line":205,"column":40},"end":{"line":205,"column":48}}],"line":205},"40":{"loc":{"start":{"line":217,"column":2},"end":{"line":220,"column":3}},"type":"if","locations":[{"start":{"line":217,"column":2},"end":{"line":220,"column":3}},{"start":{},"end":{}}],"line":217},"41":{"loc":{"start":{"line":228,"column":11},"end":{"line":228,"column":56}},"type":"cond-expr","locations":[{"start":{"line":228,"column":40},"end":{"line":228,"column":51}},{"start":{"line":228,"column":54},"end":{"line":228,"column":56}}],"line":228},"42":{"loc":{"start":{"line":229,"column":13},"end":{"line":229,"column":62}},"type":"cond-expr","locations":[{"start":{"line":229,"column":44},"end":{"line":229,"column":57}},{"start":{"line":229,"column":60},"end":{"line":229,"column":62}}],"line":229},"43":{"loc":{"start":{"line":230,"column":12},"end":{"line":230,"column":37}},"type":"binary-expr","locations":[{"start":{"line":230,"column":12},"end":{"line":230,"column":24}},{"start":{"line":230,"column":28},"end":{"line":230,"column":37}}],"line":230},"44":{"loc":{"start":{"line":231,"column":17},"end":{"line":231,"column":39}},"type":"binary-expr","locations":[{"start":{"line":231,"column":17},"end":{"line":231,"column":34}},{"start":{"line":231,"column":38},"end":{"line":231,"column":39}}],"line":231},"45":{"loc":{"start":{"line":235,"column":4},"end":{"line":238,"column":5}},"type":"if","locations":[{"start":{"line":235,"column":4},"end":{"line":238,"column":5}},{"start":{},"end":{}}],"line":235},"46":{"loc":{"start":{"line":235,"column":8},"end":{"line":235,"column":47}},"type":"binary-expr","locations":[{"start":{"line":235,"column":8},"end":{"line":235,"column":20}},{"start":{"line":235,"column":24},"end":{"line":235,"column":47}}],"line":235},"47":{"loc":{"start":{"line":267,"column":9},"end":{"line":267,"column":32}},"type":"binary-expr","locations":[{"start":{"line":267,"column":9},"end":{"line":267,"column":24}},{"start":{"line":267,"column":28},"end":{"line":267,"column":32}}],"line":267},"48":{"loc":{"start":{"line":282,"column":4},"end":{"line":298,"column":5}},"type":"if","locations":[{"start":{"line":282,"column":4},"end":{"line":298,"column":5}},{"start":{},"end":{}}],"line":282},"49":{"loc":{"start":{"line":287,"column":6},"end":{"line":290,"column":7}},"type":"if","locations":[{"start":{"line":287,"column":6},"end":{"line":290,"column":7}},{"start":{},"end":{}}],"line":287},"50":{"loc":{"start":{"line":287,"column":10},"end":{"line":288,"column":54}},"type":"binary-expr","locations":[{"start":{"line":287,"column":10},"end":{"line":287,"column":36}},{"start":{"line":287,"column":40},"end":{"line":287,"column":62}},{"start":{"line":288,"column":11},"end":{"line":288,"column":24}},{"start":{"line":288,"column":28},"end":{"line":288,"column":53}}],"line":287},"51":{"loc":{"start":{"line":293,"column":6},"end":{"line":296,"column":7}},"type":"if","locations":[{"start":{"line":293,"column":6},"end":{"line":296,"column":7}},{"start":{},"end":{}}],"line":293},"52":{"loc":{"start":{"line":293,"column":10},"end":{"line":294,"column":58}},"type":"binary-expr","locations":[{"start":{"line":293,"column":10},"end":{"line":293,"column":38}},{"start":{"line":293,"column":42},"end":{"line":293,"column":66}},{"start":{"line":294,"column":11},"end":{"line":294,"column":26}},{"start":{"line":294,"column":30},"end":{"line":294,"column":57}}],"line":293},"53":{"loc":{"start":{"line":345,"column":2},"end":{"line":345,"column":37}},"type":"if","locations":[{"start":{"line":345,"column":2},"end":{"line":345,"column":37}},{"start":{},"end":{}}],"line":345},"54":{"loc":{"start":{"line":346,"column":2},"end":{"line":346,"column":33}},"type":"if","locations":[{"start":{"line":346,"column":2},"end":{"line":346,"column":33}},{"start":{},"end":{}}],"line":346},"55":{"loc":{"start":{"line":347,"column":2},"end":{"line":347,"column":35}},"type":"if","locations":[{"start":{"line":347,"column":2},"end":{"line":347,"column":35}},{"start":{},"end":{}}],"line":347},"56":{"loc":{"start":{"line":348,"column":2},"end":{"line":348,"column":32}},"type":"if","locations":[{"start":{"line":348,"column":2},"end":{"line":348,"column":32}},{"start":{},"end":{}}],"line":348},"57":{"loc":{"start":{"line":358,"column":2},"end":{"line":358,"column":38}},"type":"if","locations":[{"start":{"line":358,"column":2},"end":{"line":358,"column":38}},{"start":{},"end":{}}],"line":358},"58":{"loc":{"start":{"line":359,"column":2},"end":{"line":359,"column":38}},"type":"if","locations":[{"start":{"line":359,"column":2},"end":{"line":359,"column":38}},{"start":{},"end":{}}],"line":359},"59":{"loc":{"start":{"line":360,"column":2},"end":{"line":360,"column":38}},"type":"if","locations":[{"start":{"line":360,"column":2},"end":{"line":360,"column":38}},{"start":{},"end":{}}],"line":360},"60":{"loc":{"start":{"line":361,"column":2},"end":{"line":361,"column":38}},"type":"if","locations":[{"start":{"line":361,"column":2},"end":{"line":361,"column":38}},{"start":{},"end":{}}],"line":361},"61":{"loc":{"start":{"line":368,"column":29},"end":{"line":368,"column":41}},"type":"default-arg","locations":[{"start":{"line":368,"column":39},"end":{"line":368,"column":41}}],"line":368},"62":{"loc":{"start":{"line":369,"column":2},"end":{"line":369,"column":39}},"type":"if","locations":[{"start":{"line":369,"column":2},"end":{"line":369,"column":39}},{"start":{},"end":{}}],"line":369},"63":{"loc":{"start":{"line":382,"column":19},"end":{"line":382,"column":48}},"type":"binary-expr","locations":[{"start":{"line":382,"column":19},"end":{"line":382,"column":41}},{"start":{"line":382,"column":45},"end":{"line":382,"column":48}}],"line":382},"64":{"loc":{"start":{"line":383,"column":23},"end":{"line":383,"column":47}},"type":"binary-expr","locations":[{"start":{"line":383,"column":23},"end":{"line":383,"column":40}},{"start":{"line":383,"column":44},"end":{"line":383,"column":47}}],"line":383},"65":{"loc":{"start":{"line":389,"column":9},"end":{"line":389,"column":58}},"type":"cond-expr","locations":[{"start":{"line":389,"column":27},"end":{"line":389,"column":52}},{"start":{"line":389,"column":55},"end":{"line":389,"column":58}}],"line":389}},"s":{"0":36,"1":5,"2":31,"3":31,"4":31,"5":11,"6":11,"7":11,"8":176,"9":10,"10":11,"11":11,"12":33,"13":0,"14":11,"15":2,"16":2,"17":1,"18":2,"19":11,"20":0,"21":11,"22":0,"23":11,"24":26,"25":8,"26":18,"27":2,"28":16,"29":14,"30":14,"31":2,"32":7,"33":7,"34":1,"35":6,"36":6,"37":18,"38":18,"39":18,"40":18,"41":18,"42":18,"43":18,"44":18,"45":18,"46":6,"47":6,"48":5,"49":0,"50":5,"51":3,"52":3,"53":3,"54":3,"55":5,"56":0,"57":0,"58":5,"59":6,"60":6,"61":1,"62":6,"63":0,"64":0,"65":4,"66":4,"67":5,"68":5,"69":2,"70":2,"71":0,"72":2,"73":0,"74":2,"75":3,"76":3,"77":0,"78":0,"79":0,"80":0,"81":0,"82":0,"83":0,"84":0,"85":0,"86":0,"87":0,"88":0,"89":0,"90":0,"91":0,"92":0,"93":0,"94":0,"95":0,"96":0,"97":0,"98":0,"99":0,"100":0,"101":0,"102":0,"103":0,"104":0,"105":0,"106":0,"107":0,"108":2},"f":{"0":36,"1":11,"2":176,"3":33,"4":26,"5":7,"6":18,"7":5,"8":3,"9":5,"10":6,"11":0,"12":4,"13":5,"14":0,"15":0,"16":0,"17":0,"18":0},"b":{"0":[5,31],"1":[31,1],"2":[0],"3":[10,166],"4":[0,33],"5":[2,9],"6":[1,1],"7":[0,11],"8":[11,0],"9":[0,11],"10":[8,18],"11":[26,22],"12":[2,16],"13":[18,17],"14":[14,2],"15":[14,10,10,6],"16":[1,6],"17":[7,7],"18":[18,0],"19":[18,18],"20":[18,6],"21":[18,13,13],"22":[0,5],"23":[0,3],"24":[0,3],"25":[0,3],"26":[0,3],"27":[3,2],"28":[3,2,2,0],"29":[3,3],"30":[3,2],"31":[3,2,0],"32":[3,2,2],"33":[3,3,2,2],"34":[3,3,3],"35":[3,3,3,3],"36":[3,3,3],"37":[3,3],"38":[3,3],"39":[3,3],"40":[0,5],"41":[1,5],"42":[0,6],"43":[6,6],"44":[6,6],"45":[1,5],"46":[6,6],"47":[0,0],"48":[2,3],"49":[0,2],"50":[2,0,0,0],"51":[0,2],"52":[2,0,0,0],"53":[0,0],"54":[0,0],"55":[0,0],"56":[0,0],"57":[0,0],"58":[0,0],"59":[0,0],"60":[0,0],"61":[0],"62":[0,0],"63":[0,0],"64":[0,0],"65":[0,0]},"_coverageSchema":"1a1c01bbd47fc00a2c39e90264f33305004495a9","hash":"e3363d6749af1156baf63939b59f44395d7c21b7"}
,"/Users/aniajaca/Library/Mobile Documents/com~apple~CloudDocs/Neperia/semgrep-backend/src/lib/snippetExtractor.js": {"path":"/Users/aniajaca/Library/Mobile Documents/com~apple~CloudDocs/Neperia/semgrep-backend/src/lib/snippetExtractor.js","statementMap":{"0":{"start":{"line":2,"column":25},"end":{"line":2,"column":66}},"1":{"start":{"line":3,"column":11},"end":{"line":3,"column":33}},"2":{"start":{"line":4,"column":13},"end":{"line":4,"column":28}},"3":{"start":{"line":6,"column":0},"end":{"line":126,"column":3}},"4":{"start":{"line":10,"column":2},"end":{"line":21,"column":5}},"5":{"start":{"line":12,"column":4},"end":{"line":12,"column":59}},"6":{"start":{"line":13,"column":24},"end":{"line":19,"column":7}},"7":{"start":{"line":20,"column":4},"end":{"line":20,"column":58}},"8":{"start":{"line":23,"column":2},"end":{"line":30,"column":5}},"9":{"start":{"line":25,"column":4},"end":{"line":29,"column":5}},"10":{"start":{"line":26,"column":6},"end":{"line":26,"column":36}},"11":{"start":{"line":32,"column":2},"end":{"line":34,"column":5}},"12":{"start":{"line":33,"column":4},"end":{"line":33,"column":39}},"13":{"start":{"line":36,"column":2},"end":{"line":91,"column":5}},"14":{"start":{"line":37,"column":4},"end":{"line":44,"column":7}},"15":{"start":{"line":38,"column":22},"end":{"line":40,"column":8}},"16":{"start":{"line":42,"column":6},"end":{"line":42,"column":44}},"17":{"start":{"line":43,"column":6},"end":{"line":43,"column":48}},"18":{"start":{"line":46,"column":4},"end":{"line":53,"column":7}},"19":{"start":{"line":47,"column":22},"end":{"line":49,"column":8}},"20":{"start":{"line":51,"column":6},"end":{"line":51,"column":44}},"21":{"start":{"line":52,"column":6},"end":{"line":52,"column":42}},"22":{"start":{"line":55,"column":4},"end":{"line":62,"column":7}},"23":{"start":{"line":56,"column":22},"end":{"line":58,"column":8}},"24":{"start":{"line":60,"column":6},"end":{"line":60,"column":44}},"25":{"start":{"line":61,"column":6},"end":{"line":61,"column":42}},"26":{"start":{"line":64,"column":4},"end":{"line":68,"column":7}},"27":{"start":{"line":65,"column":22},"end":{"line":65,"column":82}},"28":{"start":{"line":67,"column":6},"end":{"line":67,"column":33}},"29":{"start":{"line":70,"column":4},"end":{"line":74,"column":7}},"30":{"start":{"line":71,"column":22},"end":{"line":71,"column":72}},"31":{"start":{"line":73,"column":6},"end":{"line":73,"column":38}},"32":{"start":{"line":76,"column":4},"end":{"line":82,"column":7}},"33":{"start":{"line":77,"column":22},"end":{"line":79,"column":8}},"34":{"start":{"line":81,"column":6},"end":{"line":81,"column":37}},"35":{"start":{"line":84,"column":4},"end":{"line":90,"column":7}},"36":{"start":{"line":85,"column":22},"end":{"line":87,"column":8}},"37":{"start":{"line":89,"column":6},"end":{"line":89,"column":54}},"38":{"start":{"line":93,"column":2},"end":{"line":113,"column":5}},"39":{"start":{"line":94,"column":4},"end":{"line":99,"column":7}},"40":{"start":{"line":95,"column":22},"end":{"line":95,"column":66}},"41":{"start":{"line":97,"column":6},"end":{"line":97,"column":44}},"42":{"start":{"line":98,"column":6},"end":{"line":98,"column":42}},"43":{"start":{"line":101,"column":4},"end":{"line":106,"column":7}},"44":{"start":{"line":102,"column":6},"end":{"line":102,"column":51}},"45":{"start":{"line":103,"column":22},"end":{"line":103,"column":66}},"46":{"start":{"line":105,"column":6},"end":{"line":105,"column":44}},"47":{"start":{"line":108,"column":4},"end":{"line":112,"column":7}},"48":{"start":{"line":109,"column":22},"end":{"line":109,"column":71}},"49":{"start":{"line":111,"column":6},"end":{"line":111,"column":33}},"50":{"start":{"line":115,"column":2},"end":{"line":125,"column":5}},"51":{"start":{"line":116,"column":4},"end":{"line":124,"column":7}},"52":{"start":{"line":117,"column":6},"end":{"line":117,"column":51}},"53":{"start":{"line":118,"column":6},"end":{"line":118,"column":57}},"54":{"start":{"line":120,"column":6},"end":{"line":120,"column":29}},"55":{"start":{"line":122,"column":6},"end":{"line":122,"column":47}},"56":{"start":{"line":123,"column":6},"end":{"line":123,"column":50}}},"fnMap":{"0":{"name":"(anonymous_0)","decl":{"start":{"line":6,"column":29},"end":{"line":6,"column":30}},"loc":{"start":{"line":6,"column":35},"end":{"line":126,"column":1}},"line":6},"1":{"name":"(anonymous_1)","decl":{"start":{"line":10,"column":12},"end":{"line":10,"column":13}},"loc":{"start":{"line":10,"column":24},"end":{"line":21,"column":3}},"line":10},"2":{"name":"(anonymous_2)","decl":{"start":{"line":23,"column":11},"end":{"line":23,"column":12}},"loc":{"start":{"line":23,"column":23},"end":{"line":30,"column":3}},"line":23},"3":{"name":"(anonymous_3)","decl":{"start":{"line":32,"column":13},"end":{"line":32,"column":14}},"loc":{"start":{"line":32,"column":19},"end":{"line":34,"column":3}},"line":32},"4":{"name":"(anonymous_4)","decl":{"start":{"line":36,"column":29},"end":{"line":36,"column":30}},"loc":{"start":{"line":36,"column":35},"end":{"line":91,"column":3}},"line":36},"5":{"name":"(anonymous_5)","decl":{"start":{"line":37,"column":48},"end":{"line":37,"column":49}},"loc":{"start":{"line":37,"column":60},"end":{"line":44,"column":5}},"line":37},"6":{"name":"(anonymous_6)","decl":{"start":{"line":46,"column":40},"end":{"line":46,"column":41}},"loc":{"start":{"line":46,"column":52},"end":{"line":53,"column":5}},"line":46},"7":{"name":"(anonymous_7)","decl":{"start":{"line":55,"column":38},"end":{"line":55,"column":39}},"loc":{"start":{"line":55,"column":50},"end":{"line":62,"column":5}},"line":55},"8":{"name":"(anonymous_8)","decl":{"start":{"line":64,"column":39},"end":{"line":64,"column":40}},"loc":{"start":{"line":64,"column":51},"end":{"line":68,"column":5}},"line":64},"9":{"name":"(anonymous_9)","decl":{"start":{"line":70,"column":51},"end":{"line":70,"column":52}},"loc":{"start":{"line":70,"column":63},"end":{"line":74,"column":5}},"line":70},"10":{"name":"(anonymous_10)","decl":{"start":{"line":76,"column":42},"end":{"line":76,"column":43}},"loc":{"start":{"line":76,"column":54},"end":{"line":82,"column":5}},"line":76},"11":{"name":"(anonymous_11)","decl":{"start":{"line":84,"column":42},"end":{"line":84,"column":43}},"loc":{"start":{"line":84,"column":54},"end":{"line":90,"column":5}},"line":84},"12":{"name":"(anonymous_12)","decl":{"start":{"line":93,"column":29},"end":{"line":93,"column":30}},"loc":{"start":{"line":93,"column":35},"end":{"line":113,"column":3}},"line":93},"13":{"name":"(anonymous_13)","decl":{"start":{"line":94,"column":37},"end":{"line":94,"column":38}},"loc":{"start":{"line":94,"column":49},"end":{"line":99,"column":5}},"line":94},"14":{"name":"(anonymous_14)","decl":{"start":{"line":101,"column":38},"end":{"line":101,"column":39}},"loc":{"start":{"line":101,"column":50},"end":{"line":106,"column":5}},"line":101},"15":{"name":"(anonymous_15)","decl":{"start":{"line":108,"column":49},"end":{"line":108,"column":50}},"loc":{"start":{"line":108,"column":61},"end":{"line":112,"column":5}},"line":108},"16":{"name":"(anonymous_16)","decl":{"start":{"line":115,"column":25},"end":{"line":115,"column":26}},"loc":{"start":{"line":115,"column":31},"end":{"line":125,"column":3}},"line":115},"17":{"name":"(anonymous_17)","decl":{"start":{"line":116,"column":36},"end":{"line":116,"column":37}},"loc":{"start":{"line":116,"column":48},"end":{"line":124,"column":5}},"line":116}},"branchMap":{},"s":{"0":1,"1":1,"2":1,"3":1,"4":1,"5":1,"6":1,"7":1,"8":1,"9":1,"10":1,"11":1,"12":11,"13":1,"14":1,"15":0,"16":0,"17":0,"18":1,"19":0,"20":0,"21":0,"22":1,"23":0,"24":0,"25":0,"26":1,"27":0,"28":0,"29":1,"30":0,"31":0,"32":1,"33":0,"34":0,"35":1,"36":0,"37":0,"38":1,"39":1,"40":0,"41":0,"42":0,"43":1,"44":0,"45":0,"46":0,"47":1,"48":0,"49":0,"50":1,"51":1,"52":0,"53":0,"54":0,"55":0,"56":0},"f":{"0":1,"1":1,"2":1,"3":11,"4":1,"5":0,"6":0,"7":0,"8":0,"9":0,"10":0,"11":0,"12":1,"13":0,"14":0,"15":0,"16":1,"17":0},"b":{},"_coverageSchema":"1a1c01bbd47fc00a2c39e90264f33305004495a9","hash":"94469186ac849c61d7bf3d853882d9c9ba3e2e37"}
}
