TN:
SF:src/astScanner.js
FN:7,(anonymous_0)
FN:127,(anonymous_1)
FN:145,(anonymous_2)
FN:146,(anonymous_3)
FN:193,(anonymous_4)
FN:202,(anonymous_5)
FN:203,(anonymous_6)
FN:219,(anonymous_7)
FN:236,(anonymous_8)
FN:275,(anonymous_9)
FN:356,(anonymous_10)
FN:359,(anonymous_11)
FN:389,(anonymous_12)
FNF:13
FNH:13
FNDA:5,(anonymous_0)
FNDA:5,(anonymous_1)
FNDA:70,(anonymous_2)
FNDA:320,(anonymous_3)
FNDA:5,(anonymous_4)
FNDA:5,(anonymous_5)
FNDA:20,(anonymous_6)
FNDA:3,(anonymous_7)
FNDA:3,(anonymous_8)
FNDA:5,(anonymous_9)
FNDA:5,(anonymous_10)
FNDA:3,(anonymous_11)
FNDA:3,(anonymous_12)
DA:3,1
DA:4,1
DA:9,5
DA:121,5
DA:128,5
DA:129,5
DA:131,5
DA:132,0
DA:136,5
DA:139,5
DA:142,5
DA:145,5
DA:146,70
DA:148,320
DA:151,320
DA:153,3
DA:154,3
DA:155,3
DA:157,3
DA:158,3
DA:159,3
DA:160,3
DA:161,3
DA:166,3
DA:169,3
DA:178,3
DA:184,5
DA:187,5
DA:194,5
DA:195,5
DA:202,5
DA:203,5
DA:204,20
DA:205,20
DA:206,20
DA:207,0
DA:208,0
DA:213,5
DA:220,3
DA:221,3
DA:223,3
DA:224,0
DA:225,0
DA:226,0
DA:230,3
DA:238,3
DA:241,3
DA:242,3
DA:243,3
DA:246,3
DA:248,3
DA:276,5
DA:278,5
DA:279,0
DA:280,0
DA:298,5
DA:299,0
DA:316,5
DA:317,0
DA:334,5
DA:335,0
DA:357,5
DA:359,5
DA:360,3
DA:362,3
DA:363,3
DA:369,0
DA:370,0
DA:371,0
DA:374,0
DA:375,0
DA:376,0
DA:378,0
DA:383,5
DA:390,3
DA:398,3
DA:402,1
LF:77
LH:59
BRDA:127,0,0,0
BRDA:127,1,0,0
BRDA:131,2,0,0
BRDA:131,2,1,5
BRDA:131,3,0,5
BRDA:131,3,1,5
BRDA:136,4,0,5
BRDA:136,4,1,0
BRDA:159,5,0,3
BRDA:159,5,1,0
BRDA:206,6,0,0
BRDA:206,6,1,20
BRDA:207,7,0,0
BRDA:207,7,1,0
BRDA:207,7,2,0
BRDA:224,8,0,0
BRDA:224,8,1,0
BRDA:224,9,0,0
BRDA:224,9,1,0
BRDA:236,10,0,0
BRDA:241,11,0,3
BRDA:241,11,1,0
BRDA:242,12,0,3
BRDA:242,12,1,0
BRDA:243,13,0,3
BRDA:243,13,1,0
BRDA:255,14,0,3
BRDA:255,14,1,0
BRDA:256,15,0,3
BRDA:256,15,1,0
BRDA:257,16,0,3
BRDA:257,16,1,0
BRDA:261,17,0,3
BRDA:261,17,1,0
BRDA:266,18,0,3
BRDA:266,18,1,1
BRDA:276,19,0,5
BRDA:276,19,1,0
BRDA:278,20,0,0
BRDA:278,20,1,5
BRDA:278,21,0,5
BRDA:278,21,1,5
BRDA:279,22,0,0
BRDA:279,22,1,0
BRDA:279,23,0,0
BRDA:279,23,1,0
BRDA:279,23,2,0
BRDA:298,24,0,0
BRDA:298,24,1,5
BRDA:298,25,0,5
BRDA:298,25,1,0
BRDA:316,26,0,0
BRDA:316,26,1,5
BRDA:316,27,0,5
BRDA:316,27,1,0
BRDA:316,27,2,0
BRDA:334,28,0,0
BRDA:334,28,1,5
BRDA:362,29,0,3
BRDA:362,29,1,0
BRDA:374,30,0,0
BRDA:374,30,1,0
BRDA:398,31,0,3
BRDA:398,31,1,0
BRF:64
BRH:26
end_of_record
TN:
SF:src/customEnvironmentalFactors.js
FN:14,(anonymous_0)
FN:190,(anonymous_1)
FN:197,(anonymous_2)
FN:204,(anonymous_3)
FN:213,(anonymous_4)
FN:261,(anonymous_5)
FN:281,(anonymous_6)
FN:288,(anonymous_7)
FN:293,(anonymous_8)
FN:303,(anonymous_9)
FN:309,(anonymous_10)
FN:317,(anonymous_11)
FN:328,(anonymous_12)
FN:346,(anonymous_13)
FN:350,(anonymous_14)
FN:387,(anonymous_15)
FN:399,(anonymous_16)
FN:415,(anonymous_17)
FNF:18
FNH:12
FNDA:49,(anonymous_0)
FNDA:17,(anonymous_1)
FNDA:21,(anonymous_2)
FNDA:17,(anonymous_3)
FNDA:11,(anonymous_4)
FNDA:6,(anonymous_5)
FNDA:0,(anonymous_6)
FNDA:0,(anonymous_7)
FNDA:0,(anonymous_8)
FNDA:0,(anonymous_9)
FNDA:0,(anonymous_10)
FNDA:0,(anonymous_11)
FNDA:4,(anonymous_12)
FNDA:5,(anonymous_13)
FNDA:6,(anonymous_14)
FNDA:3,(anonymous_15)
FNDA:3,(anonymous_16)
FNDA:7,(anonymous_17)
DA:16,49
DA:158,49
DA:191,17
DA:198,21
DA:205,17
DA:213,17
DA:214,11
DA:216,11
DA:217,11
DA:220,11
DA:221,6
DA:222,6
DA:223,1
DA:228,10
DA:229,0
DA:230,0
DA:231,0
DA:236,10
DA:237,10
DA:238,10
DA:239,10
DA:246,10
DA:255,17
DA:262,6
DA:264,6
DA:267,6
DA:268,2
DA:269,0
DA:270,0
DA:271,0
DA:272,0
DA:273,0
DA:275,0
DA:282,0
DA:289,0
DA:290,0
DA:292,0
DA:293,0
DA:294,0
DA:297,0
DA:304,0
DA:305,0
DA:308,0
DA:309,0
DA:310,0
DA:311,0
DA:313,0
DA:316,0
DA:317,0
DA:318,0
DA:319,0
DA:322,0
DA:329,4
DA:340,4
DA:347,5
DA:348,5
DA:350,5
DA:351,6
DA:353,6
DA:354,1
DA:355,1
DA:358,5
DA:360,5
DA:361,2
DA:364,3
DA:365,1
DA:369,5
DA:371,0
DA:372,0
DA:375,0
DA:376,0
DA:381,5
DA:388,3
DA:400,3
DA:401,1
DA:404,2
DA:405,2
DA:406,1
DA:409,2
DA:416,7
DA:417,7
DA:418,7
DA:423,6
DA:424,6
LF:84
LH:52
BRDA:190,0,0,0
BRDA:191,1,0,17
BRDA:191,1,1,0
BRDA:197,2,0,0
BRDA:204,3,0,0
BRDA:204,4,0,0
BRDA:214,5,0,0
BRDA:214,5,1,11
BRDA:217,6,0,0
BRDA:217,6,1,11
BRDA:220,7,0,6
BRDA:220,7,1,5
BRDA:220,8,0,11
BRDA:220,8,1,11
BRDA:220,8,2,11
BRDA:222,9,0,1
BRDA:222,9,1,5
BRDA:228,10,0,0
BRDA:228,10,1,10
BRDA:229,11,0,0
BRDA:229,11,1,0
BRDA:236,12,0,10
BRDA:236,12,1,0
BRDA:237,13,0,10
BRDA:237,13,1,10
BRDA:251,14,0,10
BRDA:251,14,1,10
BRDA:262,15,0,0
BRDA:262,15,1,6
BRDA:267,16,0,4
BRDA:267,16,1,2
BRDA:268,17,0,2
BRDA:268,17,1,0
BRDA:269,18,0,0
BRDA:269,18,1,0
BRDA:270,19,0,0
BRDA:270,19,1,0
BRDA:271,20,0,0
BRDA:271,20,1,0
BRDA:272,21,0,0
BRDA:272,21,1,0
BRDA:273,22,0,0
BRDA:273,22,1,0
BRDA:290,23,0,0
BRDA:290,23,1,0
BRDA:304,24,0,0
BRDA:304,24,1,0
BRDA:304,25,0,0
BRDA:304,25,1,0
BRDA:310,26,0,0
BRDA:310,26,1,0
BRDA:340,27,0,4
BRDA:340,27,1,1
BRDA:346,28,0,0
BRDA:353,29,0,1
BRDA:353,29,1,5
BRDA:358,30,0,5
BRDA:358,30,1,0
BRDA:358,31,0,5
BRDA:358,31,1,5
BRDA:360,32,0,2
BRDA:360,32,1,3
BRDA:360,33,0,5
BRDA:360,33,1,4
BRDA:364,34,0,1
BRDA:364,34,1,2
BRDA:364,35,0,3
BRDA:364,35,1,3
BRDA:369,36,0,0
BRDA:369,36,1,5
BRDA:369,37,0,5
BRDA:369,37,1,0
BRDA:371,38,0,0
BRDA:371,38,1,0
BRDA:371,39,0,0
BRDA:371,39,1,0
BRDA:375,40,0,0
BRDA:375,40,1,0
BRDA:375,41,0,0
BRDA:375,41,1,0
BRDA:400,42,0,1
BRDA:400,42,1,2
BRDA:405,43,0,1
BRDA:405,43,1,1
BRF:84
BRH:41
end_of_record
TN:
SF:src/dependencyScanner.js
FN:5,(anonymous_0)
FN:150,(anonymous_1)
FN:157,(anonymous_2)
FN:305,(anonymous_3)
FN:316,(anonymous_4)
FN:330,(anonymous_5)
FN:344,(anonymous_6)
FN:414,(anonymous_7)
FN:421,(anonymous_8)
FN:460,(anonymous_9)
FN:470,(anonymous_10)
FN:511,(anonymous_11)
FN:542,(anonymous_12)
FN:544,(anonymous_13)
FN:557,(anonymous_14)
FN:566,(anonymous_15)
FN:591,(anonymous_16)
FN:648,(anonymous_17)
FN:653,(anonymous_18)
FN:661,(anonymous_19)
FN:662,(anonymous_20)
FN:681,(anonymous_21)
FN:683,(anonymous_22)
FN:693,(anonymous_23)
FN:699,(anonymous_24)
FN:750,(anonymous_25)
FN:758,calculateDependencyRiskScore
FN:775,(anonymous_27)
FNF:28
FNH:24
FNDA:5,(anonymous_0)
FNDA:8,(anonymous_1)
FNDA:5,(anonymous_2)
FNDA:2,(anonymous_3)
FNDA:2,(anonymous_4)
FNDA:0,(anonymous_5)
FNDA:1,(anonymous_6)
FNDA:2,(anonymous_7)
FNDA:1,(anonymous_8)
FNDA:1,(anonymous_9)
FNDA:4,(anonymous_10)
FNDA:2,(anonymous_11)
FNDA:1,(anonymous_12)
FNDA:2,(anonymous_13)
FNDA:1,(anonymous_14)
FNDA:2,(anonymous_15)
FNDA:1,(anonymous_16)
FNDA:1,(anonymous_17)
FNDA:2,(anonymous_18)
FNDA:2,(anonymous_19)
FNDA:2,(anonymous_20)
FNDA:2,(anonymous_21)
FNDA:0,(anonymous_22)
FNDA:1,(anonymous_23)
FNDA:0,(anonymous_24)
FNDA:0,(anonymous_25)
FNDA:1,calculateDependencyRiskScore
FNDA:2,(anonymous_27)
DA:2,1
DA:7,5
DA:120,5
DA:151,8
DA:159,5
DA:160,2
DA:161,2
DA:178,3
DA:180,3
DA:186,3
DA:187,2
DA:204,1
DA:205,1
DA:208,1
DA:209,1
DA:211,1
DA:212,2
DA:215,2
DA:216,0
DA:217,0
DA:233,0
DA:237,2
DA:240,2
DA:241,0
DA:246,0
DA:250,2
DA:251,2
DA:252,2
DA:253,2
DA:269,2
DA:270,0
DA:279,1
DA:282,1
DA:285,1
DA:287,1
DA:306,2
DA:307,2
DA:309,0
DA:317,2
DA:324,2
DA:331,0
DA:338,0
DA:345,1
DA:346,1
DA:378,1
DA:379,1
DA:380,1
DA:388,1
DA:389,1
DA:399,1
DA:400,0
DA:408,1
DA:415,2
DA:422,1
DA:424,1
DA:426,2
DA:427,0
DA:430,2
DA:431,2
DA:433,2
DA:434,2
DA:435,2
DA:436,2
DA:437,2
DA:438,2
DA:440,2
DA:455,0
DA:460,1
DA:462,1
DA:463,1
DA:471,4
DA:474,4
DA:475,0
DA:479,4
DA:484,4
DA:485,0
DA:488,4
DA:489,0
DA:493,4
DA:496,4
DA:498,0
DA:499,0
DA:500,0
DA:502,0
DA:505,4
DA:512,2
DA:513,2
DA:536,2
DA:543,1
DA:544,1
DA:545,2
DA:546,2
DA:547,0
DA:549,2
DA:550,2
DA:558,1
DA:566,1
DA:567,2
DA:568,2
DA:572,1
DA:574,1
DA:592,1
DA:594,1
DA:595,0
DA:602,1
DA:603,1
DA:610,1
DA:611,0
DA:618,1
DA:619,0
DA:626,1
DA:627,0
DA:634,1
DA:635,0
DA:642,1
DA:649,1
DA:652,1
DA:653,1
DA:654,2
DA:655,2
DA:657,2
DA:661,1
DA:662,2
DA:663,2
DA:667,2
DA:668,2
DA:669,2
DA:680,1
DA:681,2
DA:684,0
DA:693,1
DA:700,0
DA:702,0
DA:703,0
DA:704,0
DA:705,0
DA:707,0
DA:709,0
DA:710,0
DA:713,0
DA:714,0
DA:715,0
DA:716,0
DA:717,0
DA:731,0
DA:732,0
DA:744,0
DA:751,0
DA:759,1
DA:767,1
DA:768,1
DA:775,1
DA:777,2
DA:778,2
DA:780,2
DA:781,2
DA:787,1
DA:788,1
DA:789,1
DA:790,0
DA:791,0
DA:793,1
DA:807,1
LF:163
LH:118
BRDA:151,0,0,8
BRDA:151,0,1,0
BRDA:157,1,0,5
BRDA:159,2,0,2
BRDA:159,2,1,3
BRDA:159,3,0,5
BRDA:159,3,1,3
BRDA:178,4,0,3
BRDA:178,4,1,3
BRDA:181,5,0,3
BRDA:181,5,1,1
BRDA:182,6,0,0
BRDA:182,6,1,3
BRDA:182,7,0,0
BRDA:182,7,1,0
BRDA:186,8,0,2
BRDA:186,8,1,1
BRDA:215,9,0,0
BRDA:215,9,1,2
BRDA:215,10,0,2
BRDA:215,10,1,2
BRDA:215,10,2,2
BRDA:215,10,3,2
BRDA:220,11,0,0
BRDA:220,11,1,0
BRDA:227,12,0,0
BRDA:227,12,1,0
BRDA:240,13,0,0
BRDA:240,13,1,2
BRDA:251,14,0,2
BRDA:251,14,1,0
BRDA:252,15,0,2
BRDA:252,15,1,0
BRDA:269,16,0,0
BRDA:269,16,1,2
BRDA:324,17,0,2
BRDA:324,17,1,2
BRDA:338,18,0,0
BRDA:338,18,1,0
BRDA:378,19,0,1
BRDA:378,19,1,0
BRDA:379,20,0,1
BRDA:379,20,1,0
BRDA:388,21,0,1
BRDA:388,21,1,0
BRDA:399,22,0,0
BRDA:399,22,1,1
BRDA:415,23,0,2
BRDA:415,23,1,0
BRDA:426,24,0,0
BRDA:426,24,1,2
BRDA:426,25,0,2
BRDA:426,25,1,2
BRDA:426,25,2,2
BRDA:426,25,3,2
BRDA:433,26,0,2
BRDA:433,26,1,0
BRDA:433,27,0,2
BRDA:433,27,1,2
BRDA:435,28,0,2
BRDA:435,28,1,0
BRDA:445,29,0,0
BRDA:445,29,1,2
BRDA:445,30,0,1
BRDA:445,30,1,1
BRDA:471,31,0,0
BRDA:471,31,1,4
BRDA:474,32,0,0
BRDA:474,32,1,4
BRDA:474,33,0,4
BRDA:474,33,1,4
BRDA:484,34,0,0
BRDA:484,34,1,4
BRDA:488,35,0,0
BRDA:488,35,1,4
BRDA:496,36,0,0
BRDA:496,36,1,4
BRDA:499,37,0,0
BRDA:499,37,1,0
BRDA:536,38,0,2
BRDA:536,38,1,0
BRDA:545,39,0,2
BRDA:545,39,1,0
BRDA:546,40,0,0
BRDA:546,40,1,2
BRDA:581,41,0,1
BRDA:581,41,1,1
BRDA:594,42,0,0
BRDA:594,42,1,1
BRDA:602,43,0,1
BRDA:602,43,1,0
BRDA:610,44,0,0
BRDA:610,44,1,1
BRDA:618,45,0,0
BRDA:618,45,1,1
BRDA:626,46,0,0
BRDA:626,46,1,1
BRDA:634,47,0,0
BRDA:634,47,1,1
BRDA:654,48,0,2
BRDA:654,48,1,0
BRDA:663,49,0,0
BRDA:663,49,1,2
BRDA:664,50,0,2
BRDA:664,50,1,0
BRDA:665,51,0,0
BRDA:665,51,1,0
BRDA:668,52,0,2
BRDA:668,52,1,0
BRDA:699,53,0,0
BRDA:702,54,0,0
BRDA:702,54,1,0
BRDA:705,55,0,0
BRDA:705,55,1,0
BRDA:705,55,2,0
BRDA:709,56,0,0
BRDA:709,56,1,0
BRDA:709,57,0,0
BRDA:709,57,1,0
BRDA:709,57,2,0
BRDA:709,57,3,0
BRDA:714,58,0,0
BRDA:714,58,1,0
BRDA:714,59,0,0
BRDA:714,59,1,0
BRDA:716,60,0,0
BRDA:716,60,1,0
BRDA:716,61,0,0
BRDA:716,61,1,0
BRDA:777,62,0,2
BRDA:777,62,1,0
BRDA:778,63,0,2
BRDA:778,63,1,0
BRDA:780,64,0,2
BRDA:780,64,1,0
BRDA:780,65,0,2
BRDA:780,65,1,2
BRDA:787,66,0,0
BRDA:787,66,1,1
BRDA:788,67,0,0
BRDA:788,67,1,1
BRDA:789,68,0,1
BRDA:789,68,1,0
BRDA:790,69,0,0
BRDA:790,69,1,0
BRDA:797,70,0,0
BRDA:797,70,1,1
BRDA:799,71,0,1
BRDA:799,71,1,0
BRDA:801,72,0,0
BRDA:801,72,1,0
BRF:151
BRH:73
end_of_record
TN:
SF:src/enhancedRiskCalculator.js
FN:7,toTitle
FN:13,(anonymous_1)
FN:40,(anonymous_2)
FN:134,(anonymous_3)
FN:137,(anonymous_4)
FN:138,(anonymous_5)
FN:139,(anonymous_6)
FN:140,(anonymous_7)
FN:141,(anonymous_8)
FN:149,(anonymous_9)
FN:173,(anonymous_10)
FN:185,(anonymous_11)
FN:193,(anonymous_12)
FN:198,(anonymous_13)
FN:203,(anonymous_14)
FN:265,(anonymous_15)
FN:272,(anonymous_16)
FN:287,(anonymous_17)
FN:305,(anonymous_18)
FN:323,(anonymous_19)
FN:350,(anonymous_20)
FN:359,(anonymous_21)
FN:449,(anonymous_22)
FN:551,(anonymous_23)
FN:568,(anonymous_24)
FN:585,(anonymous_25)
FN:605,(anonymous_26)
FN:609,(anonymous_27)
FN:619,(anonymous_28)
FN:622,(anonymous_29)
FN:637,(anonymous_30)
FN:648,(anonymous_31)
FN:659,(anonymous_32)
FN:672,(anonymous_33)
FN:683,(anonymous_34)
FN:696,(anonymous_35)
FN:736,(anonymous_36)
FN:749,(anonymous_37)
FN:769,(anonymous_38)
FN:805,(anonymous_39)
FN:836,(anonymous_40)
FN:850,(anonymous_41)
FN:854,(anonymous_42)
FN:918,(anonymous_43)
FN:924,(anonymous_44)
FN:931,(anonymous_45)
FN:935,(anonymous_46)
FN:939,(anonymous_47)
FN:953,(anonymous_48)
FNF:49
FNH:39
FNDA:0,toTitle
FNDA:18,(anonymous_1)
FNDA:0,(anonymous_2)
FNDA:0,(anonymous_3)
FNDA:0,(anonymous_4)
FNDA:0,(anonymous_5)
FNDA:0,(anonymous_6)
FNDA:0,(anonymous_7)
FNDA:0,(anonymous_8)
FNDA:40,(anonymous_9)
FNDA:24,(anonymous_10)
FNDA:14,(anonymous_11)
FNDA:3,(anonymous_12)
FNDA:15,(anonymous_13)
FNDA:15,(anonymous_14)
FNDA:3,(anonymous_15)
FNDA:2,(anonymous_16)
FNDA:3,(anonymous_17)
FNDA:3,(anonymous_18)
FNDA:4,(anonymous_19)
FNDA:3,(anonymous_20)
FNDA:4,(anonymous_21)
FNDA:14,(anonymous_22)
FNDA:17,(anonymous_23)
FNDA:13,(anonymous_24)
FNDA:108,(anonymous_25)
FNDA:3,(anonymous_26)
FNDA:4,(anonymous_27)
FNDA:2,(anonymous_28)
FNDA:4,(anonymous_29)
FNDA:3,(anonymous_30)
FNDA:4,(anonymous_31)
FNDA:3,(anonymous_32)
FNDA:4,(anonymous_33)
FNDA:3,(anonymous_34)
FNDA:3,(anonymous_35)
FNDA:14,(anonymous_36)
FNDA:14,(anonymous_37)
FNDA:28,(anonymous_38)
FNDA:14,(anonymous_39)
FNDA:14,(anonymous_40)
FNDA:3,(anonymous_41)
FNDA:7,(anonymous_42)
FNDA:3,(anonymous_43)
FNDA:0,(anonymous_44)
FNDA:14,(anonymous_45)
FNDA:7,(anonymous_46)
FNDA:1,(anonymous_47)
FNDA:0,(anonymous_48)
DA:2,5
DA:3,5
DA:4,5
DA:8,0
DA:9,0
DA:15,18
DA:18,18
DA:41,0
DA:42,0
DA:62,18
DA:65,18
DA:117,18
DA:123,18
DA:126,18
DA:127,18
DA:136,0
DA:137,0
DA:138,0
DA:139,0
DA:140,0
DA:141,0
DA:143,0
DA:150,40
DA:152,40
DA:153,40
DA:156,40
DA:166,40
DA:167,40
DA:174,24
DA:175,8
DA:177,8
DA:178,0
DA:179,0
DA:182,8
DA:186,14
DA:187,14
DA:194,3
DA:195,3
DA:198,3
DA:199,15
DA:203,15
DA:206,3
DA:207,1
DA:220,2
DA:221,2
DA:222,2
DA:227,2
DA:228,2
DA:229,2
DA:233,2
DA:235,2
DA:236,0
DA:238,0
DA:239,0
DA:240,0
DA:243,0
DA:244,0
DA:245,0
DA:249,2
DA:251,2
DA:266,3
DA:267,0
DA:271,3
DA:273,2
DA:274,2
DA:275,2
DA:279,3
DA:280,3
DA:281,3
DA:288,3
DA:290,3
DA:291,3
DA:294,0
DA:295,0
DA:296,0
DA:299,0
DA:306,3
DA:309,3
DA:310,0
DA:311,0
DA:314,3
DA:325,4
DA:330,4
DA:332,4
DA:333,0
DA:336,4
DA:339,4
DA:340,0
DA:343,4
DA:344,4
DA:352,3
DA:353,3
DA:354,3
DA:356,3
DA:359,4
DA:366,3
DA:369,3
DA:372,3
DA:375,3
DA:383,3
DA:384,3
DA:387,3
DA:388,3
DA:391,3
DA:398,3
DA:441,3
DA:443,3
DA:450,14
DA:453,14
DA:460,14
DA:463,14
DA:466,14
DA:473,14
DA:476,14
DA:477,14
DA:481,14
DA:482,14
DA:485,14
DA:486,14
DA:487,14
DA:494,14
DA:502,14
DA:552,17
DA:555,17
DA:567,17
DA:568,17
DA:569,13
DA:570,13
DA:573,13
DA:574,13
DA:575,13
DA:578,13
DA:582,17
DA:585,17
DA:586,108
DA:587,11
DA:595,17
DA:596,0
DA:599,17
DA:609,3
DA:610,4
DA:611,4
DA:619,3
DA:622,4
DA:638,3
DA:646,3
DA:648,2
DA:649,4
DA:650,4
DA:653,2
DA:660,3
DA:662,2
DA:665,2
DA:666,2
DA:669,2
DA:672,2
DA:673,4
DA:675,2
DA:677,2
DA:684,3
DA:686,3
DA:687,2
DA:688,1
DA:689,1
DA:690,1
DA:697,3
DA:730,3
DA:737,14
DA:739,14
DA:740,7
DA:741,4
DA:742,1
DA:743,0
DA:750,14
DA:751,0
DA:754,14
DA:755,14
DA:763,14
DA:771,28
DA:772,28
DA:775,28
DA:776,14
DA:781,14
DA:782,6
DA:787,8
DA:788,6
DA:794,2
DA:806,14
DA:812,14
DA:837,14
DA:838,3
DA:839,11
DA:840,7
DA:841,4
DA:842,3
DA:844,1
DA:851,3
DA:854,7
DA:855,1
DA:863,2
DA:864,1
DA:872,2
DA:873,2
DA:880,2
DA:881,0
DA:889,2
DA:890,0
DA:897,2
DA:898,0
DA:906,2
DA:912,2
DA:919,3
DA:920,3
DA:923,0
DA:924,0
DA:932,14
DA:935,14
DA:936,3
DA:939,14
DA:940,1
DA:943,14
DA:944,4
DA:947,14
DA:954,0
DA:955,0
DA:960,5
DA:963,5
DA:966,5
LF:228
LH:189
BRDA:7,0,0,0
BRDA:8,1,0,0
BRDA:8,1,1,0
BRDA:13,2,0,17
BRDA:21,3,0,18
BRDA:21,3,1,18
BRDA:29,4,0,18
BRDA:29,4,1,18
BRDA:38,5,0,18
BRDA:38,5,1,18
BRDA:119,6,0,18
BRDA:119,6,1,18
BRDA:120,7,0,18
BRDA:120,7,1,18
BRDA:134,8,0,0
BRDA:134,9,0,0
BRDA:137,10,0,0
BRDA:137,10,1,0
BRDA:138,11,0,0
BRDA:138,11,1,0
BRDA:139,12,0,0
BRDA:139,12,1,0
BRDA:140,13,0,0
BRDA:140,13,1,0
BRDA:141,14,0,0
BRDA:141,14,1,0
BRDA:150,15,0,0
BRDA:150,15,1,40
BRDA:166,16,0,40
BRDA:166,16,1,40
BRDA:167,17,0,40
BRDA:167,17,1,0
BRDA:174,18,0,16
BRDA:174,18,1,8
BRDA:174,19,0,24
BRDA:174,19,1,8
BRDA:175,20,0,0
BRDA:175,20,1,8
BRDA:175,21,0,8
BRDA:175,21,1,8
BRDA:177,22,0,0
BRDA:177,22,1,8
BRDA:179,23,0,0
BRDA:179,23,1,0
BRDA:179,23,2,0
BRDA:186,24,0,0
BRDA:186,24,1,14
BRDA:199,25,0,15
BRDA:199,25,1,11
BRDA:199,26,0,15
BRDA:199,26,1,0
BRDA:206,27,0,1
BRDA:206,27,1,2
BRDA:221,28,0,2
BRDA:221,28,1,0
BRDA:233,29,0,2
BRDA:233,29,1,0
BRDA:236,30,0,0
BRDA:236,30,1,0
BRDA:257,31,0,2
BRDA:257,31,1,0
BRDA:266,32,0,0
BRDA:266,32,1,3
BRDA:271,33,0,3
BRDA:271,33,1,0
BRDA:273,34,0,2
BRDA:273,34,1,2
BRDA:273,35,0,2
BRDA:273,35,1,2
BRDA:273,36,0,2
BRDA:273,36,1,0
BRDA:274,37,0,2
BRDA:274,37,1,2
BRDA:274,38,0,2
BRDA:274,38,1,2
BRDA:274,39,0,2
BRDA:274,39,1,0
BRDA:288,40,0,0
BRDA:288,40,1,3
BRDA:291,41,0,3
BRDA:291,41,1,0
BRDA:294,42,0,0
BRDA:294,42,1,0
BRDA:306,43,0,0
BRDA:306,43,1,3
BRDA:309,44,0,0
BRDA:309,44,1,3
BRDA:330,45,0,4
BRDA:330,45,1,4
BRDA:332,46,0,0
BRDA:332,46,1,4
BRDA:339,47,0,0
BRDA:339,47,1,4
BRDA:350,48,0,1
BRDA:354,49,0,0
BRDA:354,49,1,3
BRDA:362,50,0,4
BRDA:362,50,1,1
BRDA:362,50,2,1
BRDA:383,51,0,3
BRDA:383,51,1,0
BRDA:403,52,0,3
BRDA:403,52,1,0
BRDA:424,53,0,3
BRDA:424,53,1,0
BRDA:449,54,0,4
BRDA:456,55,0,14
BRDA:456,55,1,2
BRDA:456,55,2,2
BRDA:460,56,0,14
BRDA:460,56,1,14
BRDA:473,57,0,14
BRDA:473,57,1,10
BRDA:476,58,0,14
BRDA:476,58,1,0
BRDA:476,59,0,14
BRDA:476,59,1,14
BRDA:507,60,0,14
BRDA:507,60,1,14
BRDA:516,61,0,14
BRDA:516,61,1,10
BRDA:517,62,0,14
BRDA:517,62,1,0
BRDA:529,63,0,14
BRDA:529,63,1,0
BRDA:570,64,0,13
BRDA:570,64,1,2
BRDA:574,65,0,13
BRDA:574,65,1,0
BRDA:574,66,0,13
BRDA:574,66,1,0
BRDA:574,66,2,0
BRDA:586,67,0,11
BRDA:586,67,1,97
BRDA:595,68,0,0
BRDA:595,68,1,17
BRDA:626,69,0,4
BRDA:626,69,1,4
BRDA:626,69,2,4
BRDA:628,70,0,4
BRDA:628,70,1,4
BRDA:629,71,0,4
BRDA:629,71,1,4
BRDA:646,72,0,1
BRDA:646,72,1,2
BRDA:646,73,0,3
BRDA:646,73,1,3
BRDA:650,74,0,4
BRDA:650,74,1,4
BRDA:660,75,0,1
BRDA:660,75,1,2
BRDA:660,76,0,3
BRDA:660,76,1,3
BRDA:665,77,0,0
BRDA:665,77,1,2
BRDA:666,78,0,0
BRDA:666,78,1,2
BRDA:669,79,0,0
BRDA:669,79,1,2
BRDA:669,80,0,2
BRDA:669,80,1,2
BRDA:675,81,0,2
BRDA:675,81,1,0
BRDA:686,82,0,1
BRDA:686,82,1,2
BRDA:687,83,0,1
BRDA:687,83,1,1
BRDA:688,84,0,0
BRDA:688,84,1,1
BRDA:689,85,0,0
BRDA:689,85,1,1
BRDA:730,86,0,3
BRDA:730,86,1,0
BRDA:739,87,0,7
BRDA:739,87,1,7
BRDA:740,88,0,3
BRDA:740,88,1,4
BRDA:741,89,0,3
BRDA:741,89,1,1
BRDA:742,90,0,1
BRDA:742,90,1,0
BRDA:750,91,0,0
BRDA:750,91,1,14
BRDA:763,92,0,14
BRDA:763,92,1,0
BRDA:775,93,0,14
BRDA:775,93,1,14
BRDA:775,94,0,28
BRDA:775,94,1,14
BRDA:775,94,2,6
BRDA:781,95,0,6
BRDA:781,95,1,8
BRDA:787,96,0,6
BRDA:787,96,1,2
BRDA:806,97,0,14
BRDA:806,97,1,4
BRDA:837,98,0,3
BRDA:837,98,1,11
BRDA:837,99,0,14
BRDA:837,99,1,7
BRDA:839,100,0,7
BRDA:839,100,1,4
BRDA:841,101,0,3
BRDA:841,101,1,1
BRDA:854,102,0,1
BRDA:854,102,1,2
BRDA:854,103,0,3
BRDA:854,103,1,3
BRDA:863,104,0,1
BRDA:863,104,1,1
BRDA:872,105,0,2
BRDA:872,105,1,0
BRDA:880,106,0,0
BRDA:880,106,1,2
BRDA:889,107,0,0
BRDA:889,107,1,2
BRDA:889,108,0,2
BRDA:889,108,1,0
BRDA:897,109,0,0
BRDA:897,109,1,2
BRDA:897,110,0,2
BRDA:897,110,1,0
BRDA:919,111,0,3
BRDA:919,111,1,0
BRDA:919,112,0,3
BRDA:919,112,1,3
BRDA:935,113,0,3
BRDA:935,113,1,11
BRDA:935,114,0,14
BRDA:935,114,1,5
BRDA:939,115,0,1
BRDA:939,115,1,13
BRDA:939,116,0,14
BRDA:939,116,1,4
BRDA:943,117,0,4
BRDA:943,117,1,10
BRDA:947,118,0,14
BRDA:947,118,1,10
BRF:238
BRH:169
end_of_record
TN:
SF:src/remediationKnowledge.js
FN:620,(anonymous_0)
FN:640,(anonymous_1)
FN:646,(anonymous_2)
FN:652,(anonymous_3)
FNF:4
FNH:1
FNDA:3,(anonymous_0)
FNDA:0,(anonymous_1)
FNDA:0,(anonymous_2)
FNDA:0,(anonymous_3)
DA:2,1
DA:618,1
DA:620,1
DA:621,3
DA:622,3
DA:623,1
DA:633,2
DA:640,1
DA:641,0
DA:642,0
DA:646,1
DA:647,0
DA:648,0
DA:652,1
DA:653,0
DA:654,0
DA:657,0
LF:17
LH:10
BRDA:620,0,0,0
BRDA:622,1,0,1
BRDA:622,1,1,2
BRDA:635,2,0,2
BRDA:635,2,1,0
BRDA:642,3,0,0
BRDA:642,3,1,0
BRDA:648,4,0,0
BRDA:648,4,1,0
BRDA:654,5,0,0
BRDA:654,5,1,0
BRDA:657,6,0,0
BRDA:657,6,1,0
BRDA:657,6,2,0
BRDA:657,6,3,0
BRF:15
BRH:3
end_of_record
TN:
SF:src/semgrepAdapter.js
FN:17,runSemgrep
FN:25,(anonymous_1)
FN:32,(anonymous_2)
FN:82,(anonymous_3)
FN:84,(anonymous_4)
FN:100,(anonymous_5)
FN:121,(anonymous_6)
FN:131,(anonymous_7)
FN:135,(anonymous_8)
FN:143,(anonymous_9)
FN:169,normalizeResults
FN:176,(anonymous_11)
FN:258,extractCWE
FN:265,(anonymous_13)
FN:290,extractOWASP
FN:297,(anonymous_15)
FN:303,(anonymous_16)
FN:336,formatCWE
FN:354,checkSemgrepAvailable
FN:375,getSemgrepVersion
FN:376,(anonymous_20)
FN:383,(anonymous_21)
FN:387,(anonymous_22)
FN:391,(anonymous_23)
FN:392,(anonymous_24)
FNF:25
FNH:8
FNDA:0,runSemgrep
FNDA:0,(anonymous_1)
FNDA:0,(anonymous_2)
FNDA:0,(anonymous_3)
FNDA:0,(anonymous_4)
FNDA:0,(anonymous_5)
FNDA:0,(anonymous_6)
FNDA:0,(anonymous_7)
FNDA:0,(anonymous_8)
FNDA:0,(anonymous_9)
FNDA:24,normalizeResults
FNDA:23,(anonymous_11)
FNDA:23,extractCWE
FNDA:2,(anonymous_13)
FNDA:23,extractOWASP
FNDA:2,(anonymous_15)
FNDA:92,(anonymous_16)
FNDA:5,formatCWE
FNDA:0,checkSemgrepAvailable
FNDA:0,getSemgrepVersion
FNDA:0,(anonymous_20)
FNDA:0,(anonymous_21)
FNDA:0,(anonymous_22)
FNDA:0,(anonymous_23)
FNDA:0,(anonymous_24)
DA:2,1
DA:3,1
DA:4,1
DA:5,1
DA:6,1
DA:7,1
DA:8,1
DA:9,1
DA:19,0
DA:20,0
DA:22,0
DA:25,0
DA:26,0
DA:29,0
DA:30,0
DA:31,0
DA:32,0
DA:33,0
DA:36,0
DA:38,0
DA:39,0
DA:40,0
DA:42,0
DA:43,0
DA:45,0
DA:46,0
DA:52,0
DA:62,0
DA:65,0
DA:68,0
DA:69,0
DA:82,0
DA:83,0
DA:84,0
DA:85,0
DA:92,0
DA:99,0
DA:100,0
DA:101,0
DA:105,0
DA:107,0
DA:109,0
DA:110,0
DA:111,0
DA:116,0
DA:117,0
DA:118,0
DA:119,0
DA:121,0
DA:122,0
DA:123,0
DA:124,0
DA:125,0
DA:126,0
DA:128,0
DA:131,0
DA:132,0
DA:135,0
DA:136,0
DA:137,0
DA:139,0
DA:143,0
DA:145,0
DA:146,0
DA:147,0
DA:150,0
DA:151,0
DA:153,0
DA:154,0
DA:155,0
DA:157,0
DA:170,24
DA:171,1
DA:175,23
DA:178,23
DA:186,23
DA:191,23
DA:192,23
DA:193,23
DA:196,23
DA:199,23
DA:204,23
DA:206,23
DA:211,23
DA:223,23
DA:224,23
DA:228,23
DA:252,23
DA:259,23
DA:261,23
DA:262,2
DA:263,1
DA:264,1
DA:265,1
DA:266,2
DA:271,23
DA:272,1
DA:273,0
DA:275,1
DA:279,23
DA:280,23
DA:281,1
DA:284,23
DA:291,23
DA:293,23
DA:294,2
DA:295,1
DA:296,1
DA:297,1
DA:298,2
DA:303,23
DA:304,92
DA:305,0
DA:309,23
DA:310,21
DA:321,21
DA:322,21
DA:323,147
DA:324,4
DA:325,4
DA:330,23
DA:337,5
DA:339,5
DA:340,4
DA:343,1
DA:344,1
DA:345,1
DA:348,0
DA:355,0
DA:357,0
DA:358,0
DA:359,0
DA:362,0
DA:363,0
DA:364,0
DA:365,0
DA:367,0
DA:376,0
DA:377,0
DA:378,0
DA:379,0
DA:380,0
DA:381,0
DA:383,0
DA:384,0
DA:387,0
DA:388,0
DA:391,0
DA:392,0
DA:394,0
DA:395,0
DA:396,0
DA:398,0
DA:404,1
LF:154
LH:63
BRDA:17,0,0,0
BRDA:29,1,0,0
BRDA:29,1,1,0
BRDA:30,2,0,0
BRDA:30,2,1,0
BRDA:31,3,0,0
BRDA:31,3,1,0
BRDA:31,4,0,0
BRDA:31,4,1,0
BRDA:38,5,0,0
BRDA:38,5,1,0
BRDA:39,6,0,0
BRDA:39,6,1,0
BRDA:42,7,0,0
BRDA:42,7,1,0
BRDA:45,8,0,0
BRDA:45,8,1,0
BRDA:62,9,0,0
BRDA:62,9,1,0
BRDA:65,10,0,0
BRDA:65,10,1,0
BRDA:68,11,0,0
BRDA:68,11,1,0
BRDA:68,12,0,0
BRDA:68,12,1,0
BRDA:83,13,0,0
BRDA:83,13,1,0
BRDA:99,14,0,0
BRDA:99,14,1,0
BRDA:109,15,0,0
BRDA:109,15,1,0
BRDA:113,16,0,0
BRDA:113,16,1,0
BRDA:123,17,0,0
BRDA:123,17,1,0
BRDA:136,18,0,0
BRDA:136,18,1,0
BRDA:145,19,0,0
BRDA:145,19,1,0
BRDA:145,20,0,0
BRDA:145,20,1,0
BRDA:145,20,2,0
BRDA:151,21,0,0
BRDA:151,21,1,0
BRDA:169,22,0,24
BRDA:170,23,0,1
BRDA:170,23,1,23
BRDA:170,24,0,24
BRDA:170,24,1,23
BRDA:186,25,0,22
BRDA:186,25,1,1
BRDA:187,26,0,22
BRDA:187,26,1,0
BRDA:191,27,0,23
BRDA:191,27,1,1
BRDA:196,28,0,23
BRDA:196,28,1,0
BRDA:199,29,0,23
BRDA:199,29,1,23
BRDA:199,29,2,0
BRDA:199,29,3,0
BRDA:204,30,0,23
BRDA:204,30,1,0
BRDA:206,31,0,0
BRDA:206,31,1,23
BRDA:213,32,0,23
BRDA:213,32,1,1
BRDA:214,33,0,23
BRDA:214,33,1,1
BRDA:214,33,2,1
BRDA:223,34,0,23
BRDA:223,34,1,0
BRDA:230,35,0,23
BRDA:230,35,1,0
BRDA:231,36,0,23
BRDA:231,36,1,22
BRDA:233,37,0,23
BRDA:233,37,1,0
BRDA:233,37,2,0
BRDA:236,38,0,23
BRDA:236,38,1,0
BRDA:237,39,0,23
BRDA:237,39,1,1
BRDA:238,40,0,23
BRDA:238,40,1,1
BRDA:239,41,0,23
BRDA:239,41,1,22
BRDA:240,42,0,23
BRDA:240,42,1,19
BRDA:242,43,0,23
BRDA:242,43,1,22
BRDA:243,44,0,23
BRDA:243,44,1,23
BRDA:244,45,0,23
BRDA:244,45,1,23
BRDA:245,46,0,23
BRDA:245,46,1,23
BRDA:246,47,0,23
BRDA:246,47,1,23
BRDA:246,47,2,23
BRDA:247,48,0,23
BRDA:247,48,1,23
BRDA:261,49,0,2
BRDA:261,49,1,21
BRDA:262,50,0,1
BRDA:262,50,1,1
BRDA:264,51,0,1
BRDA:264,51,1,0
BRDA:271,52,0,1
BRDA:271,52,1,22
BRDA:272,53,0,0
BRDA:272,53,1,1
BRDA:280,54,0,1
BRDA:280,54,1,22
BRDA:293,55,0,2
BRDA:293,55,1,21
BRDA:294,56,0,1
BRDA:294,56,1,1
BRDA:296,57,0,1
BRDA:296,57,1,0
BRDA:304,58,0,0
BRDA:304,58,1,92
BRDA:309,59,0,21
BRDA:309,59,1,2
BRDA:323,60,0,4
BRDA:323,60,1,143
BRDA:339,61,0,4
BRDA:339,61,1,1
BRDA:344,62,0,1
BRDA:344,62,1,0
BRDA:377,63,0,0
BRDA:377,63,1,0
BRDA:395,64,0,0
BRDA:395,64,1,0
BRF:134
BRH:70
end_of_record
TN:
SF:src/api/factorCatalog.js
FN:276,(anonymous_0)
FN:283,(anonymous_1)
FN:286,(anonymous_2)
FN:287,(anonymous_3)
FN:296,(anonymous_4)
FN:298,(anonymous_5)
FN:299,(anonymous_6)
FN:311,(anonymous_7)
FN:324,(anonymous_8)
FN:331,(anonymous_9)
FNF:10
FNH:0
FNDA:0,(anonymous_0)
FNDA:0,(anonymous_1)
FNDA:0,(anonymous_2)
FNDA:0,(anonymous_3)
FNDA:0,(anonymous_4)
FNDA:0,(anonymous_5)
FNDA:0,(anonymous_6)
FNDA:0,(anonymous_7)
FNDA:0,(anonymous_8)
FNDA:0,(anonymous_9)
DA:6,0
DA:277,0
DA:284,0
DA:285,0
DA:286,0
DA:288,0
DA:289,0
DA:297,0
DA:298,0
DA:299,0
DA:300,0
DA:301,0
DA:305,0
DA:312,0
DA:313,0
DA:315,0
DA:316,0
DA:318,0
DA:326,0
DA:328,0
DA:329,0
DA:331,0
DA:332,0
DA:333,0
DA:336,0
DA:340,0
LF:26
LH:0
BRDA:277,0,0,0
BRDA:277,0,1,0
BRDA:284,1,0,0
BRDA:284,1,1,0
BRDA:299,2,0,0
BRDA:299,2,1,0
BRDA:300,3,0,0
BRDA:300,3,1,0
BRDA:311,4,0,0
BRDA:313,5,0,0
BRDA:313,5,1,0
BRDA:315,6,0,0
BRDA:315,6,1,0
BRDA:315,7,0,0
BRDA:315,7,1,0
BRDA:316,8,0,0
BRDA:316,8,1,0
BRDA:316,9,0,0
BRDA:316,9,1,0
BRDA:329,10,0,0
BRDA:329,10,1,0
BRDA:332,11,0,0
BRDA:332,11,1,0
BRDA:332,12,0,0
BRDA:332,12,1,0
BRF:25
BRH:0
end_of_record
TN:
SF:src/contextInference/index.js
FN:11,(anonymous_0)
FN:33,(anonymous_1)
FN:102,(anonymous_2)
FN:153,(anonymous_3)
FN:170,(anonymous_4)
FN:179,(anonymous_5)
FNF:6
FNH:4
FNDA:6,(anonymous_0)
FNDA:6,(anonymous_1)
FNDA:0,(anonymous_2)
FNDA:0,(anonymous_3)
FNDA:18,(anonymous_4)
FNDA:6,(anonymous_5)
DA:3,1
DA:4,1
DA:5,1
DA:6,1
DA:7,1
DA:8,1
DA:12,6
DA:13,6
DA:18,6
DA:19,6
DA:22,6
DA:34,6
DA:35,6
DA:37,6
DA:38,0
DA:41,6
DA:42,6
DA:45,6
DA:46,6
DA:47,6
DA:48,4
DA:57,6
DA:58,6
DA:59,6
DA:60,5
DA:69,6
DA:70,6
DA:71,6
DA:72,0
DA:81,6
DA:82,6
DA:83,6
DA:84,0
DA:86,6
DA:87,0
DA:92,0
DA:96,6
DA:103,0
DA:104,0
DA:106,0
DA:107,0
DA:110,0
DA:111,0
DA:114,0
DA:115,0
DA:116,0
DA:124,0
DA:125,0
DA:126,0
DA:134,0
DA:135,0
DA:136,0
DA:144,0
DA:147,0
DA:154,0
DA:156,0
DA:157,0
DA:158,0
DA:160,0
DA:164,0
DA:171,18
DA:172,18
DA:173,18
DA:180,6
DA:181,6
DA:191,6
DA:195,1
LF:67
LH:39
BRDA:11,0,0,6
BRDA:22,1,0,6
BRDA:22,1,1,6
BRDA:33,2,0,6
BRDA:37,3,0,0
BRDA:37,3,1,6
BRDA:37,4,0,6
BRDA:37,4,1,6
BRDA:45,5,0,6
BRDA:45,5,1,0
BRDA:47,6,0,4
BRDA:47,6,1,2
BRDA:57,7,0,6
BRDA:57,7,1,0
BRDA:59,8,0,5
BRDA:59,8,1,1
BRDA:69,9,0,6
BRDA:69,9,1,0
BRDA:71,10,0,0
BRDA:71,10,1,6
BRDA:81,11,0,6
BRDA:81,11,1,0
BRDA:83,12,0,0
BRDA:83,12,1,6
BRDA:86,13,0,0
BRDA:86,13,1,6
BRDA:102,14,0,0
BRDA:106,15,0,0
BRDA:106,15,1,0
BRDA:106,16,0,0
BRDA:106,16,1,0
BRDA:115,17,0,0
BRDA:115,17,1,0
BRDA:125,18,0,0
BRDA:125,18,1,0
BRDA:135,19,0,0
BRDA:135,19,1,0
BRDA:157,20,0,0
BRDA:157,20,1,0
BRDA:157,21,0,0
BRDA:157,21,1,0
BRF:41
BRH:18
end_of_record
TN:
SF:src/contextInference/collectors/repoContextCollector.js
FN:8,(anonymous_0)
FN:16,(anonymous_1)
FN:89,(anonymous_2)
FN:143,(anonymous_3)
FN:200,(anonymous_4)
FN:248,(anonymous_5)
FN:311,(anonymous_6)
FN:332,(anonymous_7)
FNF:8
FNH:8
FNDA:6,(anonymous_0)
FNDA:6,(anonymous_1)
FNDA:6,(anonymous_2)
FNDA:6,(anonymous_3)
FNDA:6,(anonymous_4)
FNDA:6,(anonymous_5)
FNDA:6,(anonymous_6)
FNDA:1404,(anonymous_7)
DA:4,1
DA:5,1
DA:9,6
DA:10,6
DA:18,6
DA:19,0
DA:20,0
DA:21,0
DA:25,6
DA:28,6
DA:29,6
DA:30,0
DA:38,6
DA:39,6
DA:40,0
DA:48,6
DA:49,6
DA:50,0
DA:58,6
DA:59,6
DA:60,0
DA:68,6
DA:69,6
DA:70,0
DA:78,6
DA:83,6
DA:90,6
DA:91,6
DA:94,6
DA:104,6
DA:105,42
DA:106,42
DA:107,42
DA:108,0
DA:109,0
DA:116,6
DA:117,6
DA:118,6
DA:120,6
DA:121,6
DA:122,6
DA:123,24
DA:124,0
DA:125,0
DA:133,6
DA:144,6
DA:145,6
DA:146,6
DA:148,6
DA:149,6
DA:150,6
DA:153,6
DA:154,0
DA:155,0
DA:156,0
DA:160,6
DA:161,0
DA:162,0
DA:163,0
DA:167,6
DA:168,0
DA:169,0
DA:170,0
DA:177,6
DA:178,6
DA:179,6
DA:181,0
DA:182,0
DA:183,0
DA:184,0
DA:190,6
DA:201,6
DA:202,6
DA:204,6
DA:216,6
DA:217,54
DA:218,54
DA:219,54
DA:220,0
DA:221,0
DA:222,0
DA:230,6
DA:231,6
DA:232,6
DA:233,0
DA:234,0
DA:239,6
DA:249,6
DA:250,6
DA:251,6
DA:254,6
DA:255,6
DA:256,6
DA:258,0
DA:259,0
DA:260,0
DA:262,0
DA:263,0
DA:264,0
DA:265,0
DA:274,6
DA:275,6
DA:276,6
DA:278,0
DA:279,0
DA:280,0
DA:281,0
DA:288,6
DA:289,6
DA:290,6
DA:292,0
DA:293,0
DA:294,0
DA:295,0
DA:301,6
DA:312,6
DA:313,6
DA:316,6
DA:328,6
DA:329,54
DA:331,54
DA:332,54
DA:333,1404
DA:336,54
DA:337,0
DA:338,0
DA:346,6
DA:347,6
DA:348,6
DA:350,6
DA:351,6
DA:352,30
DA:353,0
DA:354,0
DA:361,6
DA:369,1
LF:136
LH:87
BRDA:8,0,0,0
BRDA:18,1,0,0
BRDA:18,1,1,6
BRDA:20,2,0,0
BRDA:20,2,1,0
BRDA:29,3,0,0
BRDA:29,3,1,6
BRDA:39,4,0,0
BRDA:39,4,1,6
BRDA:42,5,0,0
BRDA:42,5,1,0
BRDA:43,6,0,0
BRDA:43,6,1,0
BRDA:49,7,0,0
BRDA:49,7,1,6
BRDA:52,8,0,0
BRDA:52,8,1,0
BRDA:53,9,0,0
BRDA:53,9,1,0
BRDA:59,10,0,0
BRDA:59,10,1,6
BRDA:62,11,0,0
BRDA:62,11,1,0
BRDA:63,12,0,0
BRDA:63,12,1,0
BRDA:69,13,0,0
BRDA:69,13,1,6
BRDA:120,14,0,6
BRDA:120,14,1,0
BRDA:123,15,0,0
BRDA:123,15,1,24
BRDA:153,16,0,0
BRDA:153,16,1,6
BRDA:160,17,0,0
BRDA:160,17,1,6
BRDA:167,18,0,0
BRDA:167,18,1,6
BRDA:181,19,0,0
BRDA:181,19,1,0
BRDA:220,20,0,0
BRDA:220,20,1,0
BRDA:220,21,0,0
BRDA:220,21,1,0
BRDA:259,22,0,0
BRDA:259,22,1,0
BRDA:259,23,0,0
BRDA:259,23,1,0
BRDA:262,24,0,0
BRDA:262,24,1,0
BRDA:278,25,0,0
BRDA:278,25,1,0
BRDA:292,26,0,0
BRDA:292,26,1,0
BRDA:336,27,0,0
BRDA:336,27,1,54
BRDA:352,28,0,0
BRDA:352,28,1,30
BRF:57
BRH:13
end_of_record
TN:
SF:src/contextInference/detectors/javaDetector.js
FN:5,(anonymous_0)
FN:12,(anonymous_1)
FN:77,(anonymous_2)
FN:128,(anonymous_3)
FN:205,(anonymous_4)
FN:249,(anonymous_5)
FN:292,(anonymous_6)
FNF:7
FNH:6
FNDA:14,(anonymous_0)
FNDA:3,(anonymous_1)
FNDA:2,(anonymous_2)
FNDA:1,(anonymous_3)
FNDA:1,(anonymous_4)
FNDA:1,(anonymous_5)
FNDA:0,(anonymous_6)
DA:6,14
DA:13,3
DA:14,3
DA:17,3
DA:29,3
DA:40,3
DA:41,24
DA:42,24
DA:43,3
DA:44,3
DA:45,3
DA:46,3
DA:51,3
DA:52,21
DA:53,21
DA:54,3
DA:55,3
DA:56,3
DA:57,3
DA:62,3
DA:63,1
DA:64,1
DA:67,3
DA:78,2
DA:79,2
DA:80,2
DA:82,2
DA:96,2
DA:97,12
DA:98,12
DA:99,1
DA:100,1
DA:101,1
DA:102,1
DA:103,1
DA:108,2
DA:110,2
DA:111,1
DA:112,1
DA:113,1
DA:114,0
DA:115,0
DA:118,2
DA:129,1
DA:130,1
DA:132,1
DA:140,1
DA:149,1
DA:150,1
DA:151,1
DA:152,1
DA:153,1
DA:154,1
DA:155,1
DA:160,1
DA:161,18
DA:167,18
DA:168,50
DA:169,2
DA:170,2
DA:171,2
DA:177,1
DA:185,1
DA:186,5
DA:187,5
DA:188,0
DA:189,0
DA:190,0
DA:191,0
DA:195,1
DA:206,1
DA:207,1
DA:210,1
DA:220,1
DA:221,7
DA:222,7
DA:223,7
DA:224,2
DA:225,2
DA:230,1
DA:231,1
DA:232,0
DA:233,0
DA:236,1
DA:238,1
DA:250,1
DA:251,1
DA:253,1
DA:266,1
DA:267,10
DA:268,10
DA:269,1
DA:270,1
DA:271,1
DA:272,1
DA:277,1
DA:278,0
DA:279,0
DA:282,1
DA:293,0
DA:297,2
LF:101
LH:90
BRDA:5,0,0,8
BRDA:42,1,0,3
BRDA:42,1,1,21
BRDA:53,2,0,3
BRDA:53,2,1,18
BRDA:62,3,0,1
BRDA:62,3,1,2
BRDA:62,4,0,3
BRDA:62,4,1,1
BRDA:98,5,0,1
BRDA:98,5,1,11
BRDA:110,6,0,1
BRDA:110,6,1,1
BRDA:110,7,0,2
BRDA:110,7,1,1
BRDA:113,8,0,0
BRDA:113,8,1,1
BRDA:152,9,0,1
BRDA:152,9,1,0
BRDA:168,10,0,2
BRDA:168,10,1,48
BRDA:170,11,0,2
BRDA:170,11,1,0
BRDA:187,12,0,0
BRDA:187,12,1,5
BRDA:223,13,0,2
BRDA:223,13,1,5
BRDA:231,14,0,0
BRDA:231,14,1,1
BRDA:236,15,0,1
BRDA:236,15,1,0
BRDA:268,16,0,1
BRDA:268,16,1,9
BRDA:277,17,0,0
BRDA:277,17,1,1
BRF:35
BRH:28
end_of_record
TN:
SF:src/contextInference/detectors/jsDetector.js
FN:9,(anonymous_0)
FN:16,(anonymous_1)
FN:31,(anonymous_2)
FN:93,(anonymous_3)
FN:107,(anonymous_4)
FN:118,(anonymous_5)
FN:139,(anonymous_6)
FN:157,(anonymous_7)
FN:175,(anonymous_8)
FN:177,(anonymous_9)
FN:184,(anonymous_10)
FN:189,(anonymous_11)
FN:203,(anonymous_12)
FN:223,(anonymous_13)
FN:255,(anonymous_14)
FN:286,(anonymous_15)
FN:294,(anonymous_16)
FNF:17
FNH:14
FNDA:23,(anonymous_0)
FNDA:11,(anonymous_1)
FNDA:16,(anonymous_2)
FNDA:10,(anonymous_3)
FNDA:6,(anonymous_4)
FNDA:0,(anonymous_5)
FNDA:26,(anonymous_6)
FNDA:9,(anonymous_7)
FNDA:4,(anonymous_8)
FNDA:33,(anonymous_9)
FNDA:13,(anonymous_10)
FNDA:0,(anonymous_11)
FNDA:30,(anonymous_12)
FNDA:2,(anonymous_13)
FNDA:3,(anonymous_14)
FNDA:1,(anonymous_15)
FNDA:0,(anonymous_16)
DA:5,2
DA:6,2
DA:10,23
DA:17,11
DA:18,11
DA:20,11
DA:22,11
DA:28,9
DA:30,9
DA:32,16
DA:35,16
DA:36,15
DA:37,15
DA:39,15
DA:41,8
DA:42,8
DA:47,16
DA:48,0
DA:49,0
DA:54,9
DA:55,5
DA:60,2
DA:67,2
DA:68,5
DA:69,5
DA:70,1
DA:71,1
DA:72,1
DA:78,11
DA:79,1
DA:80,1
DA:83,11
DA:94,10
DA:95,10
DA:96,10
DA:98,10
DA:99,10
DA:106,8
DA:108,6
DA:111,6
DA:117,6
DA:118,0
DA:119,0
DA:120,0
DA:125,2
DA:126,2
DA:127,2
DA:132,8
DA:139,26
DA:141,8
DA:142,6
DA:143,6
DA:147,10
DA:158,9
DA:159,9
DA:161,9
DA:167,9
DA:168,9
DA:174,7
DA:176,4
DA:177,33
DA:178,2
DA:179,2
DA:185,13
DA:188,0
DA:189,0
DA:190,0
DA:193,0
DA:194,0
DA:195,0
DA:203,2
DA:204,30
DA:207,2
DA:208,0
DA:209,0
DA:213,9
DA:224,2
DA:225,2
DA:228,2
DA:234,2
DA:235,6
DA:236,6
DA:237,1
DA:238,1
DA:242,2
DA:244,2
DA:256,3
DA:257,3
DA:259,3
DA:268,3
DA:269,18
DA:270,2
DA:271,2
DA:272,2
DA:276,3
DA:288,1
DA:295,0
DA:296,0
DA:297,0
DA:298,0
DA:299,0
DA:300,0
DA:302,0
DA:306,2
LF:104
LH:84
BRDA:9,0,0,17
BRDA:35,1,0,15
BRDA:35,1,1,1
BRDA:39,2,0,8
BRDA:39,2,1,7
BRDA:39,3,0,15
BRDA:39,3,1,8
BRDA:39,3,2,8
BRDA:47,4,0,0
BRDA:47,4,1,16
BRDA:47,5,0,16
BRDA:47,5,1,1
BRDA:54,6,0,5
BRDA:54,6,1,4
BRDA:69,7,0,1
BRDA:69,7,1,4
BRDA:78,8,0,1
BRDA:78,8,1,10
BRDA:78,9,0,11
BRDA:78,9,1,5
BRDA:118,10,0,0
BRDA:118,10,1,0
BRDA:125,11,0,2
BRDA:125,11,1,0
BRDA:141,12,0,6
BRDA:141,12,1,2
BRDA:176,13,0,4
BRDA:176,13,1,0
BRDA:177,14,0,2
BRDA:177,14,1,2
BRDA:177,15,0,4
BRDA:177,15,1,4
BRDA:185,16,0,0
BRDA:185,16,1,13
BRDA:185,17,0,13
BRDA:185,17,1,13
BRDA:193,18,0,0
BRDA:193,18,1,0
BRDA:207,19,0,0
BRDA:207,19,1,2
BRDA:236,20,0,1
BRDA:236,20,1,5
BRDA:242,21,0,1
BRDA:242,21,1,1
BRDA:269,22,0,2
BRDA:269,22,1,16
BRDA:295,23,0,0
BRDA:295,23,1,0
BRDA:297,24,0,0
BRDA:297,24,1,0
BRDA:298,25,0,0
BRDA:298,25,1,0
BRDA:299,26,0,0
BRDA:299,26,1,0
BRF:54
BRH:37
end_of_record
TN:
SF:src/contextInference/detectors/pythonDetector.js
FN:5,(anonymous_0)
FN:12,(anonymous_1)
FN:50,(anonymous_2)
FN:98,(anonymous_3)
FN:166,(anonymous_4)
FN:205,(anonymous_5)
FN:245,(anonymous_6)
FNF:7
FNH:6
FNDA:14,(anonymous_0)
FNDA:3,(anonymous_1)
FNDA:2,(anonymous_2)
FNDA:1,(anonymous_3)
FNDA:1,(anonymous_4)
FNDA:1,(anonymous_5)
FNDA:0,(anonymous_6)
DA:6,14
DA:13,3
DA:14,3
DA:17,3
DA:26,3
DA:27,18
DA:28,18
DA:29,2
DA:30,2
DA:35,3
DA:36,0
DA:37,0
DA:40,3
DA:51,2
DA:52,2
DA:53,2
DA:56,2
DA:68,2
DA:69,10
DA:70,1
DA:71,1
DA:72,1
DA:73,1
DA:78,2
DA:80,2
DA:81,1
DA:82,1
DA:83,1
DA:84,0
DA:85,0
DA:88,2
DA:99,1
DA:100,1
DA:102,1
DA:110,1
DA:116,1
DA:117,1
DA:118,1
DA:119,1
DA:120,1
DA:121,1
DA:126,1
DA:127,18
DA:128,18
DA:129,2
DA:130,2
DA:135,1
DA:142,1
DA:143,4
DA:144,0
DA:145,0
DA:146,0
DA:151,1
DA:152,0
DA:153,0
DA:156,1
DA:167,1
DA:168,1
DA:171,1
DA:178,1
DA:179,4
DA:180,4
DA:181,1
DA:182,1
DA:187,1
DA:188,0
DA:189,0
DA:192,1
DA:194,1
DA:206,1
DA:207,1
DA:209,1
DA:221,1
DA:222,9
DA:223,1
DA:224,1
DA:225,1
DA:230,1
DA:231,0
DA:232,0
DA:235,1
DA:246,0
DA:250,2
LF:83
LH:69
BRDA:5,0,0,8
BRDA:28,1,0,2
BRDA:28,1,1,16
BRDA:35,2,0,0
BRDA:35,2,1,3
BRDA:35,3,0,3
BRDA:35,3,1,1
BRDA:69,4,0,1
BRDA:69,4,1,9
BRDA:80,5,0,1
BRDA:80,5,1,1
BRDA:80,6,0,2
BRDA:80,6,1,1
BRDA:83,7,0,0
BRDA:83,7,1,1
BRDA:118,8,0,1
BRDA:118,8,1,0
BRDA:128,9,0,2
BRDA:128,9,1,16
BRDA:130,10,0,2
BRDA:130,10,1,0
BRDA:143,11,0,0
BRDA:143,11,1,4
BRDA:151,12,0,0
BRDA:151,12,1,1
BRDA:180,13,0,1
BRDA:180,13,1,3
BRDA:187,14,0,0
BRDA:187,14,1,1
BRDA:192,15,0,1
BRDA:192,15,1,0
BRDA:222,16,0,1
BRDA:222,16,1,8
BRDA:230,17,0,0
BRDA:230,17,1,1
BRF:35
BRH:26
end_of_record
TN:
SF:src/contextInference/profiles/profileManager.js
FN:14,(anonymous_0)
FN:36,(anonymous_1)
FN:61,(anonymous_2)
FN:122,(anonymous_3)
FN:123,(anonymous_4)
FN:148,(anonymous_5)
FN:198,(anonymous_6)
FN:230,(anonymous_7)
FN:323,(anonymous_8)
FN:340,(anonymous_9)
FN:384,(anonymous_10)
FN:387,(anonymous_11)
FN:415,(anonymous_12)
FN:420,(anonymous_13)
FN:431,(anonymous_14)
FN:445,(anonymous_15)
FN:469,(anonymous_16)
FN:490,(anonymous_17)
FN:507,(anonymous_18)
FN:512,(anonymous_19)
FN:513,(anonymous_20)
FN:514,(anonymous_21)
FN:515,(anonymous_22)
FN:522,(anonymous_23)
FN:542,(anonymous_24)
FN:550,(anonymous_25)
FN:579,(anonymous_26)
FNF:27
FNH:8
FNDA:42,(anonymous_0)
FNDA:0,(anonymous_1)
FNDA:9,(anonymous_2)
FNDA:8,(anonymous_3)
FNDA:8,(anonymous_4)
FNDA:17,(anonymous_5)
FNDA:0,(anonymous_6)
FNDA:9,(anonymous_7)
FNDA:20,(anonymous_8)
FNDA:0,(anonymous_9)
FNDA:0,(anonymous_10)
FNDA:0,(anonymous_11)
FNDA:0,(anonymous_12)
FNDA:0,(anonymous_13)
FNDA:0,(anonymous_14)
FNDA:0,(anonymous_15)
FNDA:0,(anonymous_16)
FNDA:0,(anonymous_17)
FNDA:0,(anonymous_18)
FNDA:0,(anonymous_19)
FNDA:0,(anonymous_20)
FNDA:0,(anonymous_21)
FNDA:0,(anonymous_22)
FNDA:0,(anonymous_23)
FNDA:0,(anonymous_24)
FNDA:0,(anonymous_25)
FNDA:27,(anonymous_26)
DA:5,4
DA:6,4
DA:7,4
DA:8,4
DA:10,4
DA:11,4
DA:15,42
DA:16,42
DA:17,42
DA:18,42
DA:21,42
DA:22,42
DA:23,0
DA:27,42
DA:28,0
DA:29,0
DA:37,0
DA:38,0
DA:39,0
DA:40,0
DA:43,0
DA:44,0
DA:45,0
DA:48,0
DA:49,0
DA:51,0
DA:53,0
DA:54,0
DA:62,9
DA:63,9
DA:66,9
DA:67,3
DA:71,9
DA:72,3
DA:73,20
DA:74,0
DA:80,9
DA:81,3
DA:82,3
DA:83,0
DA:85,3
DA:86,0
DA:88,3
DA:89,0
DA:94,9
DA:95,9
DA:96,3
DA:97,0
DA:99,3
DA:100,0
DA:105,9
DA:106,2
DA:107,2
DA:108,2
DA:109,2
DA:113,9
DA:114,9
DA:116,0
DA:120,9
DA:121,2
DA:122,8
DA:123,8
DA:125,2
DA:126,6
DA:127,0
DA:128,0
DA:134,9
DA:135,9
DA:136,9
DA:138,9
DA:150,17
DA:183,17
DA:184,14
DA:188,17
DA:189,14
DA:192,17
DA:200,0
DA:201,0
DA:202,0
DA:206,0
DA:207,0
DA:208,0
DA:211,0
DA:214,0
DA:215,0
DA:217,0
DA:219,0
DA:231,9
DA:232,9
DA:235,9
DA:236,2
DA:237,2
DA:239,2
DA:240,8
DA:241,8
DA:242,8
DA:243,0
DA:245,8
DA:251,9
DA:258,9
DA:259,2
DA:260,0
DA:265,9
DA:266,0
DA:269,0
DA:271,0
DA:272,0
DA:273,0
DA:276,0
DA:278,0
DA:281,0
DA:282,0
DA:284,0
DA:285,0
DA:287,0
DA:288,0
DA:291,0
DA:292,0
DA:293,0
DA:300,9
DA:301,3
DA:302,20
DA:303,0
DA:305,20
DA:306,0
DA:312,9
DA:313,9
DA:314,3
DA:315,0
DA:317,3
DA:318,0
DA:322,3
DA:323,20
DA:325,3
DA:326,2
DA:330,9
DA:341,0
DA:342,0
DA:345,0
DA:348,0
DA:349,0
DA:351,0
DA:352,0
DA:355,0
DA:357,0
DA:367,0
DA:368,0
DA:371,0
DA:372,0
DA:375,0
DA:376,0
DA:378,0
DA:379,0
DA:383,0
DA:384,0
DA:386,0
DA:387,0
DA:390,0
DA:392,0
DA:416,0
DA:419,0
DA:420,0
DA:421,0
DA:423,0
DA:429,0
DA:430,0
DA:431,0
DA:432,0
DA:439,0
DA:446,0
DA:453,0
DA:454,0
DA:455,0
DA:457,0
DA:458,0
DA:459,0
DA:463,0
DA:470,0
DA:474,0
DA:478,0
DA:479,0
DA:480,0
DA:481,0
DA:483,0
DA:491,0
DA:498,0
DA:499,0
DA:500,0
DA:501,0
DA:508,0
DA:509,0
DA:511,0
DA:512,0
DA:513,0
DA:514,0
DA:515,0
DA:523,0
DA:531,0
DA:536,0
DA:543,0
DA:544,0
DA:551,0
DA:552,0
DA:553,0
DA:555,0
DA:556,0
DA:557,0
DA:558,0
DA:559,0
DA:569,0
DA:571,0
DA:572,0
DA:580,27
DA:667,4
LF:214
LH:81
BRDA:14,0,0,36
BRDA:16,1,0,42
BRDA:16,1,1,42
BRDA:22,2,0,0
BRDA:22,2,1,42
BRDA:27,3,0,0
BRDA:27,3,1,42
BRDA:44,4,0,0
BRDA:44,4,1,0
BRDA:66,5,0,3
BRDA:66,5,1,6
BRDA:71,6,0,3
BRDA:71,6,1,6
BRDA:73,7,0,0
BRDA:73,7,1,20
BRDA:73,8,0,20
BRDA:73,8,1,20
BRDA:80,9,0,3
BRDA:80,9,1,6
BRDA:82,10,0,0
BRDA:82,10,1,3
BRDA:82,11,0,3
BRDA:82,11,1,3
BRDA:82,11,2,3
BRDA:85,12,0,0
BRDA:85,12,1,3
BRDA:85,13,0,3
BRDA:85,13,1,2
BRDA:85,13,2,2
BRDA:88,14,0,0
BRDA:88,14,1,3
BRDA:88,15,0,3
BRDA:88,15,1,3
BRDA:88,15,2,3
BRDA:95,16,0,3
BRDA:95,16,1,6
BRDA:96,17,0,0
BRDA:96,17,1,3
BRDA:96,18,0,3
BRDA:96,18,1,3
BRDA:99,19,0,0
BRDA:99,19,1,3
BRDA:105,20,0,2
BRDA:105,20,1,7
BRDA:107,21,0,0
BRDA:107,21,1,2
BRDA:107,22,0,2
BRDA:107,22,1,2
BRDA:108,23,0,0
BRDA:108,23,1,2
BRDA:108,24,0,2
BRDA:108,24,1,2
BRDA:109,25,0,0
BRDA:109,25,1,2
BRDA:109,26,0,2
BRDA:109,26,1,2
BRDA:113,27,0,9
BRDA:113,27,1,6
BRDA:114,28,0,0
BRDA:114,28,1,9
BRDA:114,29,0,9
BRDA:114,29,1,2
BRDA:114,29,2,2
BRDA:120,30,0,2
BRDA:120,30,1,7
BRDA:126,31,0,0
BRDA:126,31,1,6
BRDA:183,32,0,14
BRDA:183,32,1,3
BRDA:188,33,0,14
BRDA:188,33,1,3
BRDA:201,34,0,0
BRDA:201,34,1,0
BRDA:230,35,0,9
BRDA:235,36,0,2
BRDA:235,36,1,7
BRDA:241,37,0,8
BRDA:241,37,1,0
BRDA:242,38,0,0
BRDA:242,38,1,8
BRDA:258,39,0,2
BRDA:258,39,1,7
BRDA:258,40,0,9
BRDA:258,40,1,2
BRDA:259,41,0,0
BRDA:259,41,1,2
BRDA:265,42,0,0
BRDA:265,42,1,9
BRDA:265,43,0,9
BRDA:265,43,1,0
BRDA:269,44,0,0
BRDA:269,44,1,0
BRDA:291,45,0,0
BRDA:291,45,1,0
BRDA:300,46,0,3
BRDA:300,46,1,6
BRDA:302,47,0,0
BRDA:302,47,1,20
BRDA:305,48,0,0
BRDA:305,48,1,20
BRDA:313,49,0,3
BRDA:313,49,1,6
BRDA:314,50,0,0
BRDA:314,50,1,3
BRDA:317,51,0,0
BRDA:317,51,1,3
BRDA:322,52,0,3
BRDA:322,52,1,0
BRDA:323,53,0,20
BRDA:323,53,1,0
BRDA:325,54,0,2
BRDA:325,54,1,1
BRDA:345,55,0,0
BRDA:345,55,1,0
BRDA:358,56,0,0
BRDA:358,56,1,0
BRDA:359,57,0,0
BRDA:359,57,1,0
BRDA:359,57,2,0
BRDA:360,58,0,0
BRDA:360,58,1,0
BRDA:360,58,2,0
BRDA:361,59,0,0
BRDA:361,59,1,0
BRDA:362,60,0,0
BRDA:362,60,1,0
BRDA:363,61,0,0
BRDA:363,61,1,0
BRDA:383,62,0,0
BRDA:383,62,1,0
BRDA:386,63,0,0
BRDA:386,63,1,0
BRDA:403,64,0,0
BRDA:403,64,1,0
BRDA:415,65,0,0
BRDA:419,66,0,0
BRDA:419,66,1,0
BRDA:421,67,0,0
BRDA:421,67,1,0
BRDA:421,68,0,0
BRDA:421,68,1,0
BRDA:429,69,0,0
BRDA:429,69,1,0
BRDA:455,70,0,0
BRDA:455,70,1,0
BRDA:458,71,0,0
BRDA:458,71,1,0
BRDA:478,72,0,0
BRDA:478,72,1,0
BRDA:480,73,0,0
BRDA:480,73,1,0
BRDA:490,74,0,0
BRDA:491,75,0,0
BRDA:491,75,1,0
BRDA:491,75,2,0
BRDA:498,76,0,0
BRDA:498,76,1,0
BRDA:499,77,0,0
BRDA:499,77,1,0
BRDA:500,78,0,0
BRDA:500,78,1,0
BRDA:508,79,0,0
BRDA:508,79,1,0
BRDA:513,80,0,0
BRDA:513,80,1,0
BRDA:514,81,0,0
BRDA:514,81,1,0
BRDA:543,82,0,0
BRDA:543,82,1,0
BRDA:556,83,0,0
BRDA:556,83,1,0
BRDA:564,84,0,0
BRDA:564,84,1,0
BRF:173
BRH:80
end_of_record
TN:
SF:src/contextInference/utils/canonicalizer.js
FN:8,canonicalizeContext
FNF:1
FNH:0
FNDA:0,canonicalizeContext
DA:9,0
DA:12,0
DA:69,0
DA:70,0
DA:71,0
DA:74,0
DA:77,1
LF:7
LH:1
BRDA:70,0,0,0
BRDA:70,0,1,0
BRF:2
BRH:0
end_of_record
TN:
SF:src/lib/dataModels.js
FN:6,normalizeSeverity
FN:38,createRiskContext
FN:62,(anonymous_2)
FN:70,(anonymous_3)
FN:99,normalizeBoolean
FN:114,calculateRiskStatistics
FN:136,(anonymous_6)
FN:162,createEmptyRiskResult
FN:195,scoreToRiskLevel
FN:206,scoreToGrade
FN:219,calculateConfidence
FN:232,(anonymous_11)
FNF:12
FNH:0
FNDA:0,normalizeSeverity
FNDA:0,createRiskContext
FNDA:0,(anonymous_2)
FNDA:0,(anonymous_3)
FNDA:0,normalizeBoolean
FNDA:0,calculateRiskStatistics
FNDA:0,(anonymous_6)
FNDA:0,createEmptyRiskResult
FNDA:0,scoreToRiskLevel
FNDA:0,scoreToGrade
FNDA:0,calculateConfidence
FNDA:0,(anonymous_11)
DA:7,0
DA:9,0
DA:11,0
DA:32,0
DA:39,0
DA:42,0
DA:62,0
DA:63,0
DA:64,0
DA:69,0
DA:70,0
DA:71,0
DA:72,0
DA:77,0
DA:78,0
DA:79,0
DA:80,0
DA:84,0
DA:85,0
DA:89,0
DA:90,0
DA:93,0
DA:100,0
DA:101,0
DA:103,0
DA:104,0
DA:105,0
DA:108,0
DA:115,0
DA:130,0
DA:131,0
DA:134,0
DA:136,0
DA:138,0
DA:139,0
DA:140,0
DA:144,0
DA:145,0
DA:148,0
DA:149,0
DA:150,0
DA:151,0
DA:154,0
DA:156,0
DA:163,0
DA:196,0
DA:197,0
DA:198,0
DA:199,0
DA:200,0
DA:207,0
DA:209,0
DA:210,0
DA:211,0
DA:212,0
DA:213,0
DA:220,0
DA:222,0
DA:229,0
DA:230,0
DA:232,0
DA:233,0
DA:234,0
DA:236,0
DA:237,0
DA:240,0
DA:243,0
LF:67
LH:0
BRDA:7,0,0,0
BRDA:7,0,1,0
BRDA:32,1,0,0
BRDA:32,1,1,0
BRDA:38,2,0,0
BRDA:63,3,0,0
BRDA:63,3,1,0
BRDA:71,4,0,0
BRDA:71,4,1,0
BRDA:77,5,0,0
BRDA:77,5,1,0
BRDA:79,6,0,0
BRDA:79,6,1,0
BRDA:84,7,0,0
BRDA:84,7,1,0
BRDA:84,8,0,0
BRDA:84,8,1,0
BRDA:89,9,0,0
BRDA:89,9,1,0
BRDA:100,10,0,0
BRDA:100,10,1,0
BRDA:100,11,0,0
BRDA:100,11,1,0
BRDA:101,12,0,0
BRDA:101,12,1,0
BRDA:101,13,0,0
BRDA:101,13,1,0
BRDA:103,14,0,0
BRDA:103,14,1,0
BRDA:105,15,0,0
BRDA:105,15,1,0
BRDA:105,15,2,0
BRDA:105,15,3,0
BRDA:130,16,0,0
BRDA:130,16,1,0
BRDA:130,17,0,0
BRDA:130,17,1,0
BRDA:139,18,0,0
BRDA:139,18,1,0
BRDA:144,19,0,0
BRDA:144,19,1,0
BRDA:145,20,0,0
BRDA:145,20,1,0
BRDA:148,21,0,0
BRDA:148,21,1,0
BRDA:148,21,2,0
BRDA:196,22,0,0
BRDA:196,22,1,0
BRDA:197,23,0,0
BRDA:197,23,1,0
BRDA:198,24,0,0
BRDA:198,24,1,0
BRDA:199,25,0,0
BRDA:199,25,1,0
BRDA:209,26,0,0
BRDA:209,26,1,0
BRDA:210,27,0,0
BRDA:210,27,1,0
BRDA:211,28,0,0
BRDA:211,28,1,0
BRDA:212,29,0,0
BRDA:212,29,1,0
BRDA:219,30,0,0
BRDA:220,31,0,0
BRDA:220,31,1,0
BRDA:233,32,0,0
BRDA:233,32,1,0
BRDA:234,33,0,0
BRDA:234,33,1,0
BRDA:240,34,0,0
BRDA:240,34,1,0
BRF:71
BRH:0
end_of_record
TN:
SF:src/lib/normalize.js
FN:12,normalizeSeverity
FN:44,createRiskContext
FN:68,(anonymous_2)
FN:76,(anonymous_3)
FN:105,normalizeBoolean
FN:120,calculateRiskStatistics
FN:142,(anonymous_6)
FN:174,normalizeFindings
FN:179,(anonymous_8)
FN:215,enrichFindings
FN:224,(anonymous_10)
FN:249,mapRuleToCWE
FN:275,deduplicateFindings
FN:278,(anonymous_13)
FN:311,createEmptyRiskResult
FN:344,scoreToRiskLevel
FN:355,scoreToGrade
FN:368,calculateConfidence
FN:381,(anonymous_18)
FNF:19
FNH:13
FNDA:36,normalizeSeverity
FNDA:11,createRiskContext
FNDA:176,(anonymous_2)
FNDA:33,(anonymous_3)
FNDA:26,normalizeBoolean
FNDA:7,calculateRiskStatistics
FNDA:18,(anonymous_6)
FNDA:5,normalizeFindings
FNDA:3,(anonymous_8)
FNDA:5,enrichFindings
FNDA:6,(anonymous_10)
FNDA:0,mapRuleToCWE
FNDA:4,deduplicateFindings
FNDA:5,(anonymous_13)
FNDA:0,createEmptyRiskResult
FNDA:0,scoreToRiskLevel
FNDA:0,scoreToGrade
FNDA:0,calculateConfidence
FNDA:0,(anonymous_18)
DA:13,36
DA:15,31
DA:17,31
DA:38,31
DA:45,11
DA:48,11
DA:68,11
DA:69,176
DA:70,10
DA:75,11
DA:76,11
DA:77,33
DA:78,0
DA:83,11
DA:84,2
DA:85,2
DA:86,2
DA:90,11
DA:91,0
DA:95,11
DA:96,0
DA:99,11
DA:106,26
DA:107,18
DA:109,16
DA:110,14
DA:111,14
DA:114,2
DA:121,7
DA:136,7
DA:137,1
DA:140,6
DA:142,6
DA:144,18
DA:145,18
DA:146,18
DA:150,18
DA:151,18
DA:154,18
DA:155,18
DA:156,18
DA:157,18
DA:160,6
DA:162,6
DA:175,5
DA:176,0
DA:179,5
DA:181,3
DA:184,3
DA:186,3
DA:189,3
DA:217,5
DA:218,0
DA:219,0
DA:224,5
DA:226,6
DA:235,6
DA:236,1
DA:240,6
DA:250,0
DA:267,0
DA:276,4
DA:278,4
DA:280,5
DA:282,5
DA:284,2
DA:287,2
DA:289,0
DA:293,2
DA:295,0
DA:297,2
DA:300,3
DA:301,3
DA:312,0
DA:345,0
DA:346,0
DA:347,0
DA:348,0
DA:349,0
DA:356,0
DA:358,0
DA:359,0
DA:360,0
DA:361,0
DA:362,0
DA:369,0
DA:371,0
DA:378,0
DA:379,0
DA:381,0
DA:382,0
DA:383,0
DA:385,0
DA:386,0
DA:389,0
DA:396,2
LF:96
LH:64
BRDA:13,0,0,5
BRDA:13,0,1,31
BRDA:38,1,0,31
BRDA:38,1,1,1
BRDA:44,2,0,0
BRDA:69,3,0,10
BRDA:69,3,1,166
BRDA:77,4,0,0
BRDA:77,4,1,33
BRDA:83,5,0,2
BRDA:83,5,1,9
BRDA:85,6,0,1
BRDA:85,6,1,1
BRDA:90,7,0,0
BRDA:90,7,1,11
BRDA:90,8,0,11
BRDA:90,8,1,0
BRDA:95,9,0,0
BRDA:95,9,1,11
BRDA:106,10,0,8
BRDA:106,10,1,18
BRDA:106,11,0,26
BRDA:106,11,1,22
BRDA:107,12,0,2
BRDA:107,12,1,16
BRDA:107,13,0,18
BRDA:107,13,1,17
BRDA:109,14,0,14
BRDA:109,14,1,2
BRDA:111,15,0,14
BRDA:111,15,1,10
BRDA:111,15,2,10
BRDA:111,15,3,6
BRDA:136,16,0,1
BRDA:136,16,1,6
BRDA:136,17,0,7
BRDA:136,17,1,7
BRDA:145,18,0,18
BRDA:145,18,1,0
BRDA:150,19,0,18
BRDA:150,19,1,18
BRDA:151,20,0,18
BRDA:151,20,1,6
BRDA:154,21,0,18
BRDA:154,21,1,13
BRDA:154,21,2,13
BRDA:175,22,0,0
BRDA:175,22,1,5
BRDA:184,23,0,0
BRDA:184,23,1,3
BRDA:185,24,0,0
BRDA:185,24,1,3
BRDA:186,25,0,0
BRDA:186,25,1,3
BRDA:187,26,0,0
BRDA:187,26,1,3
BRDA:190,27,0,3
BRDA:190,27,1,2
BRDA:191,28,0,3
BRDA:191,28,1,2
BRDA:191,28,2,2
BRDA:191,28,3,0
BRDA:192,29,0,3
BRDA:192,29,1,3
BRDA:194,30,0,3
BRDA:194,30,1,2
BRDA:197,31,0,3
BRDA:197,31,1,2
BRDA:197,31,2,0
BRDA:198,32,0,3
BRDA:198,32,1,2
BRDA:198,32,2,2
BRDA:199,33,0,3
BRDA:199,33,1,3
BRDA:199,33,2,2
BRDA:199,33,3,2
BRDA:200,34,0,3
BRDA:200,34,1,3
BRDA:200,34,2,3
BRDA:201,35,0,3
BRDA:201,35,1,3
BRDA:201,35,2,3
BRDA:201,35,3,3
BRDA:202,36,0,3
BRDA:202,36,1,3
BRDA:202,36,2,3
BRDA:203,37,0,3
BRDA:203,37,1,3
BRDA:204,38,0,3
BRDA:204,38,1,3
BRDA:205,39,0,3
BRDA:205,39,1,3
BRDA:217,40,0,0
BRDA:217,40,1,5
BRDA:228,41,0,1
BRDA:228,41,1,5
BRDA:229,42,0,0
BRDA:229,42,1,6
BRDA:230,43,0,6
BRDA:230,43,1,6
BRDA:231,44,0,6
BRDA:231,44,1,6
BRDA:235,45,0,1
BRDA:235,45,1,5
BRDA:235,46,0,6
BRDA:235,46,1,6
BRDA:267,47,0,0
BRDA:267,47,1,0
BRDA:282,48,0,2
BRDA:282,48,1,3
BRDA:287,49,0,0
BRDA:287,49,1,2
BRDA:287,50,0,2
BRDA:287,50,1,0
BRDA:287,50,2,0
BRDA:287,50,3,0
BRDA:293,51,0,0
BRDA:293,51,1,2
BRDA:293,52,0,2
BRDA:293,52,1,0
BRDA:293,52,2,0
BRDA:293,52,3,0
BRDA:345,53,0,0
BRDA:345,53,1,0
BRDA:346,54,0,0
BRDA:346,54,1,0
BRDA:347,55,0,0
BRDA:347,55,1,0
BRDA:348,56,0,0
BRDA:348,56,1,0
BRDA:358,57,0,0
BRDA:358,57,1,0
BRDA:359,58,0,0
BRDA:359,58,1,0
BRDA:360,59,0,0
BRDA:360,59,1,0
BRDA:361,60,0,0
BRDA:361,60,1,0
BRDA:368,61,0,0
BRDA:369,62,0,0
BRDA:369,62,1,0
BRDA:382,63,0,0
BRDA:382,63,1,0
BRDA:383,64,0,0
BRDA:383,64,1,0
BRDA:389,65,0,0
BRDA:389,65,1,0
BRF:147
BRH:97
end_of_record
TN:
SF:src/lib/snippetExtractor.js
FN:6,(anonymous_0)
FN:10,(anonymous_1)
FN:23,(anonymous_2)
FN:32,(anonymous_3)
FN:36,(anonymous_4)
FN:37,(anonymous_5)
FN:46,(anonymous_6)
FN:55,(anonymous_7)
FN:64,(anonymous_8)
FN:70,(anonymous_9)
FN:76,(anonymous_10)
FN:84,(anonymous_11)
FN:93,(anonymous_12)
FN:94,(anonymous_13)
FN:101,(anonymous_14)
FN:108,(anonymous_15)
FN:115,(anonymous_16)
FN:116,(anonymous_17)
FNF:18
FNH:6
FNDA:1,(anonymous_0)
FNDA:1,(anonymous_1)
FNDA:1,(anonymous_2)
FNDA:0,(anonymous_3)
FNDA:1,(anonymous_4)
FNDA:0,(anonymous_5)
FNDA:0,(anonymous_6)
FNDA:0,(anonymous_7)
FNDA:0,(anonymous_8)
FNDA:0,(anonymous_9)
FNDA:0,(anonymous_10)
FNDA:0,(anonymous_11)
FNDA:1,(anonymous_12)
FNDA:0,(anonymous_13)
FNDA:0,(anonymous_14)
FNDA:0,(anonymous_15)
FNDA:1,(anonymous_16)
FNDA:0,(anonymous_17)
DA:2,1
DA:3,1
DA:4,1
DA:6,1
DA:10,1
DA:12,1
DA:13,1
DA:20,1
DA:23,1
DA:25,1
DA:26,1
DA:32,1
DA:33,0
DA:36,1
DA:37,1
DA:38,0
DA:42,0
DA:43,0
DA:46,1
DA:47,0
DA:51,0
DA:52,0
DA:55,1
DA:56,0
DA:60,0
DA:61,0
DA:64,1
DA:65,0
DA:67,0
DA:70,1
DA:71,0
DA:73,0
DA:76,1
DA:77,0
DA:81,0
DA:84,1
DA:85,0
DA:89,0
DA:93,1
DA:94,1
DA:95,0
DA:97,0
DA:98,0
DA:101,1
DA:102,0
DA:103,0
DA:105,0
DA:108,1
DA:109,0
DA:111,0
DA:115,1
DA:116,1
DA:117,0
DA:118,0
DA:120,0
DA:122,0
DA:123,0
LF:57
LH:26
BRF:0
BRH:0
end_of_record
